<?xml version="1.0" encoding="UTF-8"?>
<!-- Generated by org.testng.reporters.JUnitReportReporter -->
<testsuite hostname="josh-Latitude-3410" failures="0" tests="4" name="testcases.Test_WebTable" time="2.986" errors="0" timestamp="2023-01-19T16:34:11 IST" skipped="0">
  <testcase classname="testcases.Test_WebTable" name="printRow1" time="0.936"/>
  <system-out/>
  <testcase classname="testcases.Test_WebTable" name="editRow1" time="1.846"/>
  <system-out/>
  <testcase classname="testcases.Test_WebTable" name="submitData" time="0.082"/>
  <system-out/>
  <testcase classname="testcases.Test_WebTable" name="verifyEdits" time="0.122"/>
  <system-out/>
</testsuite> <!-- testcases.Test_WebTable -->
