<?xml version="1.0" encoding="UTF-8"?>
<!-- Generated by org.testng.reporters.JUnitReportReporter -->
<testsuite hostname="josh-Latitude-3410" failures="0" tests="7" name="testcases.DynamicProperties_Test" time="5.829" errors="0" timestamp="2023-01-24T11:49:31 IST" skipped="0">
  <testcase classname="testcases.DynamicProperties_Test" name="navigateToDynamicProperties" time="0.167"/>
  <system-out/>
  <testcase classname="testcases.DynamicProperties_Test" name="verifyDisabledBtn" time="0.020"/>
  <system-out/>
  <testcase classname="testcases.DynamicProperties_Test" name="buttonColorBefore" time="0.023"/>
  <system-out/>
  <testcase classname="testcases.DynamicProperties_Test" name="waits" time="5.490"/>
  <system-out/>
  <testcase classname="testcases.DynamicProperties_Test" name="verifyEnabledBtn" time="0.039"/>
  <system-out/>
  <testcase classname="testcases.DynamicProperties_Test" name="verifyBtnColorChange" time="0.042"/>
  <system-out/>
  <testcase classname="testcases.DynamicProperties_Test" name="verifyVisibilityOfInvisibleBtn" time="0.048"/>
  <system-out/>
</testsuite> <!-- testcases.DynamicProperties_Test -->
