<?xml version="1.0" encoding="UTF-8"?>
<!-- Generated by org.testng.reporters.JUnitReportReporter -->
<testsuite hostname="josh-Latitude-3410" failures="0" tests="4" name="testcases.Accordian_Test" time="0.707" errors="0" timestamp="2023-01-30T11:55:13 IST" skipped="0">
  <testcase classname="testcases.Accordian_Test" name="navigate_to_accordian" time="0.275"/>
  <system-out/>
  <testcase classname="testcases.Accordian_Test" name="heading1" time="0.122"/>
  <system-out/>
  <testcase classname="testcases.Accordian_Test" name="heading2" time="0.116"/>
  <system-out/>
  <testcase classname="testcases.Accordian_Test" name="heading3" time="0.194"/>
  <system-out/>
</testsuite> <!-- testcases.Accordian_Test -->
