<?xml version="1.0" encoding="UTF-8"?>
<!-- Generated by org.testng.reporters.JUnitReportReporter -->
<testsuite hostname="josh-Latitude-3410" failures="0" tests="9" name="testcases.Test_DatePicker" time="0.770" errors="0" timestamp="2023-01-20T16:02:32 IST" skipped="3">
  <testcase classname="testcases.Test_DatePicker" name="navigate_to_datepicker" time="0.187"/>
  <system-out/>
  <testcase classname="testcases.Test_DatePicker" name="select_calender1" time="0.102"/>
  <system-out/>
  <testcase classname="testcases.Test_DatePicker" name="select_year" time="0.104"/>
  <system-out/>
  <testcase classname="testcases.Test_DatePicker" name="select_month" time="0.092"/>
  <system-out/>
  <testcase classname="testcases.Test_DatePicker" name="select_date" time="0.048"/>
  <system-out/>
  <testcase classname="testcases.Test_DatePicker" name="calender2_date_time" time="0.237"/>
  <system-out/>
  <testcase classname="testcases.Test_DatePicker" name="select_calender2">
    <skipped/>
  </testcase> <!-- select_calender2 -->
  <system-out/>
  <testcase classname="testcases.Test_DatePicker" name="select_year_calender2">
    <skipped/>
  </testcase> <!-- select_year_calender2 -->
  <system-out/>
  <testcase classname="testcases.Test_DatePicker" name="select_month_calender2">
    <skipped/>
  </testcase> <!-- select_month_calender2 -->
  <system-out/>
</testsuite> <!-- testcases.Test_DatePicker -->
