<?xml version="1.0" encoding="UTF-8"?>
<!-- Generated by org.testng.reporters.JUnitReportReporter -->
<testsuite hostname="josh-Latitude-3410" failures="0" tests="7" name="testcases.Test_DynamicProperties" time="5.314" errors="0" timestamp="2023-01-18T15:25:39 IST" skipped="0">
  <testcase classname="testcases.Test_DynamicProperties" name="navigateToDynamicProperties" time="0.209"/>
  <system-out/>
  <testcase classname="testcases.Test_DynamicProperties" name="verifyDisabledBtn" time="0.023"/>
  <system-out/>
  <testcase classname="testcases.Test_DynamicProperties" name="buttonColorBefore" time="0.022"/>
  <system-out/>
  <testcase classname="testcases.Test_DynamicProperties" name="waits" time="4.960"/>
  <system-out/>
  <testcase classname="testcases.Test_DynamicProperties" name="verifyEnabledBtn" time="0.034"/>
  <system-out/>
  <testcase classname="testcases.Test_DynamicProperties" name="verifyBtnColorChange" time="0.034"/>
  <system-out/>
  <testcase classname="testcases.Test_DynamicProperties" name="verifyVisibilityOfInvisibleBtn" time="0.032"/>
  <system-out/>
</testsuite> <!-- testcases.Test_DynamicProperties -->
