<?xml version="1.0" encoding="UTF-8"?>
<!-- Generated by org.testng.reporters.JUnitReportReporter -->
<testsuite hostname="josh-Latitude-3410" failures="0" tests="14" name="testcases.Test_TextBox" time="1.460" errors="0" timestamp="2023-01-19T16:41:05 IST" skipped="0">
  <testcase classname="testcases.Test_TextBox" name="navigate_to_textbox" time="0.403"/>
  <system-out/>
  <testcase classname="testcases.Test_TextBox" name="verify_Full_Name_Label" time="0.050"/>
  <system-out/>
  <testcase classname="testcases.Test_TextBox" name="verify_Email_Label" time="0.048"/>
  <system-out/>
  <testcase classname="testcases.Test_TextBox" name="verify_CurrentAddress_Label" time="0.040"/>
  <system-out/>
  <testcase classname="testcases.Test_TextBox" name="verify_PermanentAddress_Label" time="0.040"/>
  <system-out/>
  <testcase classname="testcases.Test_TextBox" name="enter_FullName" time="0.121"/>
  <system-out/>
  <testcase classname="testcases.Test_TextBox" name="enter_Email" time="0.160"/>
  <system-out/>
  <testcase classname="testcases.Test_TextBox" name="enter_CurrentAddress" time="0.149"/>
  <system-out/>
  <testcase classname="testcases.Test_TextBox" name="enter_PermanentAddress" time="0.103"/>
  <system-out/>
  <testcase classname="testcases.Test_TextBox" name="click_submit" time="0.113"/>
  <system-out/>
  <testcase classname="testcases.Test_TextBox" name="verify_Submitted_Full_Name" time="0.100"/>
  <system-out/>
  <testcase classname="testcases.Test_TextBox" name="verify_Submitted_Email" time="0.047"/>
  <system-out/>
  <testcase classname="testcases.Test_TextBox" name="verify_Submitted_Current_Address" time="0.039"/>
  <system-out/>
  <testcase classname="testcases.Test_TextBox" name="verify_Submitted_Permanent_Address" time="0.047"/>
  <system-out/>
</testsuite> <!-- testcases.Test_TextBox -->
