<?xml version="1.0" encoding="UTF-8"?>
<!-- Generated by org.testng.reporters.JUnitReportReporter -->
<testsuite hostname="josh-Latitude-3410" failures="0" tests="7" name="testcases.Modals_Test" time="0.506" errors="0" timestamp="2023-01-24T10:44:52 IST" skipped="0">
  <testcase classname="testcases.Modals_Test" name="navigate_to_modal_dialogs" time="0.188"/>
  <system-out/>
  <testcase classname="testcases.Modals_Test" name="open_small_modal" time="0.055"/>
  <system-out/>
  <testcase classname="testcases.Modals_Test" name="verify_small_modal_text" time="0.028"/>
  <system-out/>
  <testcase classname="testcases.Modals_Test" name="close_small_modal" time="0.043"/>
  <system-out/>
  <testcase classname="testcases.Modals_Test" name="open_large_modal" time="0.105"/>
  <system-out/>
  <testcase classname="testcases.Modals_Test" name="verify_large_modal_text" time="0.026"/>
  <system-out/>
  <testcase classname="testcases.Modals_Test" name="close_large_modal" time="0.061"/>
  <system-out/>
</testsuite> <!-- testcases.Modals_Test -->
