<?xml version="1.0" encoding="UTF-8"?>
<!-- Generated by org.testng.reporters.JUnitReportReporter -->
<testsuite hostname="josh-Latitude-3410" failures="0" tests="3" name="testcases.BrokenLinks_Test" time="2.624" errors="0" timestamp="2023-02-03T15:29:35 IST" skipped="0">
  <testcase classname="testcases.BrokenLinks_Test" name="navigate_to_BrokenLinks" time="0.521"/>
  <system-out/>
  <testcase classname="testcases.BrokenLinks_Test" name="findBrokenLink" time="1.668"/>
  <system-out/>
  <testcase classname="testcases.BrokenLinks_Test" name="findBrokenImages" time="0.435"/>
  <system-out/>
</testsuite> <!-- testcases.BrokenLinks_Test -->
