<?xml version="1.0" encoding="UTF-8"?>
<!-- Generated by org.testng.reporters.JUnitReportReporter -->
<testsuite hostname="josh-Latitude-3410" failures="0" tests="2" name="testcases.test_Links" time="2.357" errors="0" timestamp="2023-01-16T15:22:00 IST" skipped="0">
  <testcase classname="testcases.test_Links" name="navigateToLinks" time="0.576"/>
  <system-out/>
  <testcase classname="testcases.test_Links" name="clickLinks" time="1.781"/>
  <system-out/>
</testsuite> <!-- testcases.test_Links -->
