<?xml version="1.0" encoding="UTF-8"?>
<!-- Generated by org.testng.reporters.JUnitReportReporter -->
<testsuite hostname="josh-Latitude-3410" failures="0" tests="14" name="testcases.test_textBox" time="2.219" errors="0" timestamp="2023-01-16T15:39:26 IST" skipped="0">
  <testcase classname="testcases.test_textBox" name="navigate_to_textbox" time="0.719"/>
  <system-out/>
  <testcase classname="testcases.test_textBox" name="verify_Full_Name_Label" time="0.142"/>
  <system-out/>
  <testcase classname="testcases.test_textBox" name="verify_Email_Label" time="0.131"/>
  <system-out/>
  <testcase classname="testcases.test_textBox" name="verify_CurrentAddress_Label" time="0.041"/>
  <system-out/>
  <testcase classname="testcases.test_textBox" name="verify_PermanentAddress_Label" time="0.040"/>
  <system-out/>
  <testcase classname="testcases.test_textBox" name="enter_FullName" time="0.121"/>
  <system-out/>
  <testcase classname="testcases.test_textBox" name="enter_Email" time="0.194"/>
  <system-out/>
  <testcase classname="testcases.test_textBox" name="enter_CurrentAddress" time="0.373"/>
  <system-out/>
  <testcase classname="testcases.test_textBox" name="enter_PermanentAddress" time="0.123"/>
  <system-out/>
  <testcase classname="testcases.test_textBox" name="click_submit" time="0.097"/>
  <system-out/>
  <testcase classname="testcases.test_textBox" name="verify_Submitted_Full_Name" time="0.074"/>
  <system-out/>
  <testcase classname="testcases.test_textBox" name="verify_Submitted_Email" time="0.062"/>
  <system-out/>
  <testcase classname="testcases.test_textBox" name="verify_Submitted_Current_Address" time="0.049"/>
  <system-out/>
  <testcase classname="testcases.test_textBox" name="verify_Submitted_Permanent_Address" time="0.053"/>
  <system-out/>
</testsuite> <!-- testcases.test_textBox -->
