<?xml version="1.0" encoding="UTF-8"?>
<!-- Generated by org.testng.reporters.JUnitReportReporter -->
<testsuite hostname="josh-Latitude-3410" failures="0" tests="6" name="testcases.DynamicProperties_Test" time="5.544" errors="0" timestamp="2023-01-24T15:50:09 IST" skipped="0">
  <testcase classname="testcases.DynamicProperties_Test" name="navigateToDynamicProperties" time="0.300"/>
  <system-out/>
  <testcase classname="testcases.DynamicProperties_Test" name="verifyDisabledBtn" time="0.135"/>
  <system-out/>
  <testcase classname="testcases.DynamicProperties_Test" name="buttonColorBefore" time="0.064"/>
  <system-out/>
  <testcase classname="testcases.DynamicProperties_Test" name="verifyEnabledBtn" time="5.011"/>
  <system-out/>
  <testcase classname="testcases.DynamicProperties_Test" name="verifyBtnColorChange" time="0.013"/>
  <system-out/>
  <testcase classname="testcases.DynamicProperties_Test" name="verifyVisibilityOfInvisibleBtn" time="0.021"/>
  <system-out/>
</testsuite> <!-- testcases.DynamicProperties_Test -->
