<?xml version="1.0" encoding="UTF-8"?>
<!-- Generated by org.testng.reporters.JUnitReportReporter -->
<testsuite hostname="josh-Latitude-3410" failures="0" tests="11" name="testcases.Webtable_Test" time="3.583" errors="0" timestamp="2023-02-02T14:52:00 IST" skipped="1">
  <testcase classname="testcases.Webtable_Test" name="navigate_to_webtable" time="0.779"/>
  <system-out/>
  <testcase classname="testcases.Webtable_Test" name="printRow1" time="0.670"/>
  <system-out/>
  <testcase classname="testcases.Webtable_Test" name="edit_Row1" time="0.225"/>
  <system-out/>
  <testcase classname="testcases.Webtable_Test" name="edit_Row1" time="0.365"/>
  <system-out/>
  <testcase classname="testcases.Webtable_Test" name="edit_Row1" time="0.047"/>
  <system-out/>
  <testcase classname="testcases.Webtable_Test" name="edit_Row1" time="0.448"/>
  <system-out/>
  <testcase classname="testcases.Webtable_Test" name="edit_Row1" time="0.227"/>
  <system-out/>
  <testcase classname="testcases.Webtable_Test" name="edit_Row1" time="0.435"/>
  <system-out/>
  <testcase classname="testcases.Webtable_Test" name="submit_Data" time="0.172"/>
  <system-out/>
  <testcase classname="testcases.Webtable_Test" name="verify_Edits_to_Row1" time="0.215"/>
  <system-out/>
  <testcase classname="testcases.Webtable_Test" name="edit_Row1">
    <skipped/>
  </testcase> <!-- edit_Row1 -->
  <system-out/>
</testsuite> <!-- testcases.Webtable_Test -->
