<?xml version="1.0" encoding="UTF-8"?>
<!-- Generated by org.testng.reporters.JUnitReportReporter -->
<testsuite hostname="josh-Latitude-3410" failures="0" tests="14" name="testcases.Textbox_Test" time="0.770" errors="0" timestamp="2023-01-23T12:31:53 IST" skipped="0">
  <testcase classname="testcases.Textbox_Test" name="navigate_to_textbox" time="0.212"/>
  <system-out/>
  <testcase classname="testcases.Textbox_Test" name="verify_Full_Name_Label" time="0.034"/>
  <system-out/>
  <testcase classname="testcases.Textbox_Test" name="verify_Email_Label" time="0.028"/>
  <system-out/>
  <testcase classname="testcases.Textbox_Test" name="verify_CurrentAddress_Label" time="0.025"/>
  <system-out/>
  <testcase classname="testcases.Textbox_Test" name="verify_PermanentAddress_Label" time="0.025"/>
  <system-out/>
  <testcase classname="testcases.Textbox_Test" name="enter_FullName" time="0.078"/>
  <system-out/>
  <testcase classname="testcases.Textbox_Test" name="enter_Email" time="0.082"/>
  <system-out/>
  <testcase classname="testcases.Textbox_Test" name="enter_CurrentAddress" time="0.058"/>
  <system-out/>
  <testcase classname="testcases.Textbox_Test" name="enter_PermanentAddress" time="0.064"/>
  <system-out/>
  <testcase classname="testcases.Textbox_Test" name="click_submit" time="0.055"/>
  <system-out/>
  <testcase classname="testcases.Textbox_Test" name="verify_Submitted_Full_Name" time="0.042"/>
  <system-out/>
  <testcase classname="testcases.Textbox_Test" name="verify_Submitted_Email" time="0.024"/>
  <system-out/>
  <testcase classname="testcases.Textbox_Test" name="verify_Submitted_Current_Address" time="0.020"/>
  <system-out/>
  <testcase classname="testcases.Textbox_Test" name="verify_Submitted_Permanent_Address" time="0.023"/>
  <system-out/>
</testsuite> <!-- testcases.Textbox_Test -->
