<?xml version="1.0" encoding="UTF-8"?>
<!-- Generated by org.testng.reporters.JUnitReportReporter -->
<testsuite hostname="josh-Latitude-3410" failures="0" tests="7" name="testcases.Test_DynamicProperties" time="5.791" errors="0" timestamp="2023-01-16T17:43:34 IST" skipped="0">
  <testcase classname="testcases.Test_DynamicProperties" name="navigateToDynamicProperties" time="0.179"/>
  <system-out/>
  <testcase classname="testcases.Test_DynamicProperties" name="verifyDisabledBtn" time="0.022"/>
  <system-out/>
  <testcase classname="testcases.Test_DynamicProperties" name="buttonColorBefore" time="0.024"/>
  <system-out/>
  <testcase classname="testcases.Test_DynamicProperties" name="waits" time="5.497"/>
  <system-out/>
  <testcase classname="testcases.Test_DynamicProperties" name="verifyEnabledBtn" time="0.033"/>
  <system-out/>
  <testcase classname="testcases.Test_DynamicProperties" name="verifyBtnColorChange" time="0.016"/>
  <system-out/>
  <testcase classname="testcases.Test_DynamicProperties" name="verifyVisibilityOfInvisibleBtn" time="0.020"/>
  <system-out/>
</testsuite> <!-- testcases.Test_DynamicProperties -->
