<?xml version="1.0" encoding="UTF-8"?>
<!-- Generated by org.testng.reporters.JUnitReportReporter -->
<testsuite hostname="josh-Latitude-3410" failures="0" tests="7" name="testcases.Test_Frames" time="1.019" errors="0" timestamp="2023-01-18T15:26:04 IST" skipped="0">
  <testcase classname="testcases.Test_Frames" name="navigate_to_frames" time="0.198"/>
  <system-out/>
  <testcase classname="testcases.Test_Frames" name="switch_to_frame1" time="0.330"/>
  <system-out/>
  <testcase classname="testcases.Test_Frames" name="verify_frame1_heading" time="0.097"/>
  <system-out/>
  <testcase classname="testcases.Test_Frames" name="switch_to_original_frame" time="0.024"/>
  <system-out/>
  <testcase classname="testcases.Test_Frames" name="switch_to_frame2" time="0.261"/>
  <system-out/>
  <testcase classname="testcases.Test_Frames" name="verify_frame2_heading" time="0.082"/>
  <system-out/>
  <testcase classname="testcases.Test_Frames" name="switch_backto_original_frame" time="0.027"/>
  <system-out/>
</testsuite> <!-- testcases.Test_Frames -->
