<?xml version="1.0" encoding="UTF-8"?>
<!-- Generated by org.testng.reporters.JUnitReportReporter -->
<testsuite hostname="josh-Latitude-3410" failures="0" tests="20" name="testcases.PracticeForm_Test" time="6.037" errors="0" timestamp="2023-01-23T17:54:56 IST" skipped="0">
  <testcase classname="testcases.PracticeForm_Test" name="navigate_to_practiceform" time="0.844"/>
  <system-out/>
  <testcase classname="testcases.PracticeForm_Test" name="verify_name_label" time="0.120"/>
  <system-out/>
  <testcase classname="testcases.PracticeForm_Test" name="verify_email_label" time="0.096"/>
  <system-out/>
  <testcase classname="testcases.PracticeForm_Test" name="verify_gender_label" time="0.061"/>
  <system-out/>
  <testcase classname="testcases.PracticeForm_Test" name="verify_mobile_label" time="0.178"/>
  <system-out/>
  <testcase classname="testcases.PracticeForm_Test" name="verify_birthdate_label" time="0.103"/>
  <system-out/>
  <testcase classname="testcases.PracticeForm_Test" name="verify_subjects_label" time="0.088"/>
  <system-out/>
  <testcase classname="testcases.PracticeForm_Test" name="verify_hobbies_label" time="0.116"/>
  <system-out/>
  <testcase classname="testcases.PracticeForm_Test" name="verify_picture_label" time="0.211"/>
  <system-out/>
  <testcase classname="testcases.PracticeForm_Test" name="verify_address_label" time="0.125"/>
  <system-out/>
  <testcase classname="testcases.PracticeForm_Test" name="enter_first_name" time="0.136"/>
  <system-out/>
  <testcase classname="testcases.PracticeForm_Test" name="enter_last_name" time="0.099"/>
  <system-out/>
  <testcase classname="testcases.PracticeForm_Test" name="enter_email" time="0.139"/>
  <system-out/>
  <testcase classname="testcases.PracticeForm_Test" name="select_gender" time="0.331"/>
  <system-out/>
  <testcase classname="testcases.PracticeForm_Test" name="enter_mobile" time="0.266"/>
  <system-out/>
  <testcase classname="testcases.PracticeForm_Test" name="select_birthdate" time="1.066"/>
  <system-out/>
  <testcase classname="testcases.PracticeForm_Test" name="select_hobbies" time="0.662"/>
  <system-out/>
  <testcase classname="testcases.PracticeForm_Test" name="upload_picture" time="0.162"/>
  <system-out/>
  <testcase classname="testcases.PracticeForm_Test" name="enter_address" time="0.200"/>
  <system-out/>
  <testcase classname="testcases.PracticeForm_Test" name="select_subjects" time="1.034"/>
  <system-out/>
</testsuite> <!-- testcases.PracticeForm_Test -->
