<?xml version="1.0" encoding="UTF-8"?>
<!-- Generated by org.testng.reporters.JUnitReportReporter -->
<testsuite hostname="josh-Latitude-3410" failures="0" tests="5" name="testcases.Test_ProgressBar" time="0.580" errors="0" timestamp="2023-01-23T11:21:11 IST" skipped="0">
  <testcase classname="testcases.Test_ProgressBar" name="navigate_to_progressbar" time="0.178"/>
  <system-out/>
  <testcase classname="testcases.Test_ProgressBar" name="track_progress_before_start" time="0.034"/>
  <system-out/>
  <testcase classname="testcases.Test_ProgressBar" name="click_on_start" time="0.189"/>
  <system-out/>
  <testcase classname="testcases.Test_ProgressBar" name="click_on_stop" time="0.151"/>
  <system-out/>
  <testcase classname="testcases.Test_ProgressBar" name="compare_progress" time="0.028"/>
  <system-out/>
</testsuite> <!-- testcases.Test_ProgressBar -->
