<?xml version="1.0" encoding="UTF-8"?>
<!-- Generated by org.testng.reporters.JUnitReportReporter -->
<testsuite hostname="josh-Latitude-3410" failures="0" tests="5" name="excel.utility.Textbox_Test" time="3.843" errors="0" timestamp="2023-01-30T15:42:17 IST" skipped="0">
  <testcase classname="excel.utility.Textbox_Test" name="navigate_to_textbox" time="3.086"/>
  <system-out/>
  <testcase classname="excel.utility.Textbox_Test" name="enter_data" time="0.137"/>
  <system-out/>
  <testcase classname="excel.utility.Textbox_Test" name="enter_data" time="0.124"/>
  <system-out/>
  <testcase classname="excel.utility.Textbox_Test" name="enter_data" time="0.344"/>
  <system-out/>
  <testcase classname="excel.utility.Textbox_Test" name="enter_data" time="0.152"/>
  <system-out/>
</testsuite> <!-- excel.utility.Textbox_Test -->
