<?xml version="1.0" encoding="UTF-8"?>
<!-- Generated by org.testng.reporters.JUnitReportReporter -->
<testsuite hostname="josh-Latitude-3410" failures="0" tests="8" name="testcases.Textbox_Test" time="3.095" errors="0" timestamp="2023-02-04T19:43:57 IST" skipped="0">
  <testcase classname="testcases.Textbox_Test" name="navigate_to_textbox" time="1.216"/>
  <system-out/>
  <testcase classname="testcases.Textbox_Test" name="verify_labels" time="0.457"/>
  <system-out/>
  <testcase classname="testcases.Textbox_Test" name="enter_data" time="0.141"/>
  <system-out/>
  <testcase classname="testcases.Textbox_Test" name="enter_data" time="0.400"/>
  <system-out/>
  <testcase classname="testcases.Textbox_Test" name="enter_data" time="0.103"/>
  <system-out/>
  <testcase classname="testcases.Textbox_Test" name="enter_data" time="0.129"/>
  <system-out/>
  <testcase classname="testcases.Textbox_Test" name="click_submit" time="0.241"/>
  <system-out/>
  <testcase classname="testcases.Textbox_Test" name="verify_submitted_data" time="0.408"/>
  <system-out/>
</testsuite> <!-- testcases.Textbox_Test -->
