<?xml version="1.0" encoding="UTF-8"?>
<!-- Generated by org.testng.reporters.JUnitReportReporter -->
<testsuite hostname="josh-Latitude-3410" failures="0" tests="5" name="testcases.Droppable_Test" time="2.378" errors="0" timestamp="2023-02-02T11:38:03 IST" skipped="1">
  <testcase classname="testcases.Droppable_Test" name="navigate_to_droppable" time="0.215"/>
  <system-out/>
  <testcase classname="testcases.Droppable_Test" name="simple_drag_drop" time="0.353"/>
  <system-out/>
  <testcase classname="testcases.Droppable_Test" name="accept_tab_dragdrop" time="0.800"/>
  <system-out/>
  <testcase classname="testcases.Droppable_Test" name="prevent_propagation_tab_dragdrop" time="1.010"/>
  <system-out/>
  <testcase classname="testcases.Droppable_Test" name="revert_draggable_tab_dragdrop">
    <skipped/>
  </testcase> <!-- revert_draggable_tab_dragdrop -->
  <system-out/>
</testsuite> <!-- testcases.Droppable_Test -->
