<?xml version="1.0" encoding="UTF-8"?>
<!-- Generated by org.testng.reporters.JUnitReportReporter -->
<testsuite hostname="josh-Latitude-3410" failures="0" tests="9" name="testcases.Test_Menu" time="2.112" errors="0" timestamp="2023-01-17T17:18:55 IST" skipped="0">
  <testcase classname="testcases.Test_Menu" name="navigate_to_menu" time="0.492"/>
  <system-out/>
  <testcase classname="testcases.Test_Menu" name="hover_over_menu1" time="0.171"/>
  <system-out/>
  <testcase classname="testcases.Test_Menu" name="hover_over_menu3" time="0.273"/>
  <system-out/>
  <testcase classname="testcases.Test_Menu" name="hover_over_menu2" time="0.247"/>
  <system-out/>
  <testcase classname="testcases.Test_Menu" name="hover_over_menu2_item1" time="0.168"/>
  <system-out/>
  <testcase classname="testcases.Test_Menu" name="hover_over_menu2_item2" time="0.200"/>
  <system-out/>
  <testcase classname="testcases.Test_Menu" name="hover_over_submenu" time="0.189"/>
  <system-out/>
  <testcase classname="testcases.Test_Menu" name="hover_over_submenu_item1" time="0.188"/>
  <system-out/>
  <testcase classname="testcases.Test_Menu" name="hover_over_submenu_item2" time="0.184"/>
  <system-out/>
</testsuite> <!-- testcases.Test_Menu -->
