<?xml version="1.0" encoding="UTF-8"?>
<!-- Generated by org.testng.reporters.JUnitReportReporter -->
<testsuite hostname="josh-Latitude-3410" failures="0" tests="7" name="testcases.Test_Modals" time="0.882" errors="0" timestamp="2023-01-17T15:04:06 IST" skipped="0">
  <testcase classname="testcases.Test_Modals" name="navigate_to_modal_dialogs" time="0.378"/>
  <system-out/>
  <testcase classname="testcases.Test_Modals" name="open_small_modal" time="0.094"/>
  <system-out/>
  <testcase classname="testcases.Test_Modals" name="verify_small_modal_text" time="0.045"/>
  <system-out/>
  <testcase classname="testcases.Test_Modals" name="close_small_modal" time="0.079"/>
  <system-out/>
  <testcase classname="testcases.Test_Modals" name="open_large_modal" time="0.102"/>
  <system-out/>
  <testcase classname="testcases.Test_Modals" name="verify_large_modal_text" time="0.050"/>
  <system-out/>
  <testcase classname="testcases.Test_Modals" name="close_large_modal" time="0.134"/>
  <system-out/>
</testsuite> <!-- testcases.Test_Modals -->
