<?xml version="1.0" encoding="UTF-8"?>
<!-- Generated by org.testng.reporters.JUnitReportReporter -->
<testsuite hostname="josh-Latitude-3410" failures="0" tests="5" name="testcases.Test_Resizable" time="1.460" errors="0" timestamp="2023-01-18T11:08:50 IST" skipped="0">
  <testcase classname="testcases.Test_Resizable" name="navigate_to_resizable" time="0.219"/>
  <system-out/>
  <testcase classname="testcases.Test_Resizable" name="resize_box_contained" time="0.602"/>
  <system-out/>
  <testcase classname="testcases.Test_Resizable" name="sizebefore" time="0.058"/>
  <system-out/>
  <testcase classname="testcases.Test_Resizable" name="resize_page_contained" time="0.526"/>
  <system-out/>
  <testcase classname="testcases.Test_Resizable" name="sizeaftere" time="0.055"/>
  <system-out/>
</testsuite> <!-- testcases.Test_Resizable -->
