<?xml version="1.0" encoding="UTF-8"?>
<!-- Generated by org.testng.reporters.JUnitReportReporter -->
<testsuite hostname="josh-Latitude-3410" failures="0" tests="7" name="testcases.Test_Buttons" time="0.755" errors="0" timestamp="2023-01-20T12:16:11 IST" skipped="0">
  <testcase classname="testcases.Test_Buttons" name="navigateToButtons" time="0.183"/>
  <system-out/>
  <testcase classname="testcases.Test_Buttons" name="doubleClick" time="0.163"/>
  <system-out/>
  <testcase classname="testcases.Test_Buttons" name="rightClick" time="0.173"/>
  <system-out/>
  <testcase classname="testcases.Test_Buttons" name="dynamicClick" time="0.135"/>
  <system-out/>
  <testcase classname="testcases.Test_Buttons" name="verifyDoubleClick" time="0.038"/>
  <system-out/>
  <testcase classname="testcases.Test_Buttons" name="verifyRightClick" time="0.037"/>
  <system-out/>
  <testcase classname="testcases.Test_Buttons" name="verifyDynamicClick" time="0.026"/>
  <system-out/>
</testsuite> <!-- testcases.Test_Buttons -->
