<?xml version="1.0" encoding="UTF-8"?>
<!-- Generated by org.testng.reporters.JUnitReportReporter -->
<testsuite hostname="josh-Latitude-3410" failures="0" tests="3" name="testcases.Selectable_Test" time="0.854" errors="0" timestamp="2023-01-24T16:08:04 IST" skipped="0">
  <testcase classname="testcases.Selectable_Test" name="navigate_to_selectable" time="0.191"/>
  <system-out/>
  <testcase classname="testcases.Selectable_Test" name="select_all_list_options" time="0.193"/>
  <system-out/>
  <testcase classname="testcases.Selectable_Test" name="switch_to_grid" time="0.470"/>
  <system-out/>
</testsuite> <!-- testcases.Selectable_Test -->
