<?xml version="1.0" encoding="UTF-8"?>
<!-- Generated by org.testng.reporters.JUnitReportReporter -->
<testsuite hostname="josh-Latitude-3410" failures="0" tests="3" name="testcases.RadioButton_Test" time="0.393" errors="0" timestamp="2023-01-24T15:28:32 IST" skipped="0">
  <testcase classname="testcases.RadioButton_Test" name="navigate_to_radio_button" time="0.168"/>
  <system-out/>
  <testcase classname="testcases.RadioButton_Test" name="select_radio_button" time="0.132"/>
  <system-out/>
  <testcase classname="testcases.RadioButton_Test" name="verifyDisabledRadio" time="0.093"/>
  <system-out/>
</testsuite> <!-- testcases.RadioButton_Test -->
