<?xml version="1.0" encoding="UTF-8"?>
<!-- Generated by org.testng.reporters.JUnitReportReporter -->
<testsuite hostname="josh-Latitude-3410" failures="0" tests="7" name="testcases.Test_Accordian" time="1.799" errors="0" timestamp="2023-01-17T16:32:06 IST" skipped="0">
  <testcase classname="testcases.Test_Accordian" name="navigate_to_accordian" time="0.438"/>
  <system-out/>
  <testcase classname="testcases.Test_Accordian" name="click_on_heading1" time="0.148"/>
  <system-out/>
  <testcase classname="testcases.Test_Accordian" name="verify_heading1_text" time="0.130"/>
  <system-out/>
  <testcase classname="testcases.Test_Accordian" name="click_on_heading2" time="0.678"/>
  <system-out/>
  <testcase classname="testcases.Test_Accordian" name="verify_heading2_text" time="0.258"/>
  <system-out/>
  <testcase classname="testcases.Test_Accordian" name="click_on_heading3" time="0.102"/>
  <system-out/>
  <testcase classname="testcases.Test_Accordian" name="verify_heading3_text" time="0.045"/>
  <system-out/>
</testsuite> <!-- testcases.Test_Accordian -->
