<?xml version="1.0" encoding="UTF-8"?>
<!-- Generated by org.testng.reporters.JUnitReportReporter -->
<testsuite hostname="josh-Latitude-3410" failures="0" tests="3" name="testcases.Checkbox_Test" time="0.164" errors="0" timestamp="2023-01-23T12:31:53 IST" skipped="0">
  <testcase classname="testcases.Checkbox_Test" name="navigate_to_checkbox" time="0.068"/>
  <system-out/>
  <testcase classname="testcases.Checkbox_Test" name="click_checkbox" time="0.072"/>
  <system-out/>
  <testcase classname="testcases.Checkbox_Test" name="verifySelectedCheckBox" time="0.024"/>
  <system-out/>
</testsuite> <!-- testcases.Checkbox_Test -->
