<?xml version="1.0" encoding="UTF-8"?>
<!-- Generated by org.testng.reporters.JUnitReportReporter -->
<testsuite hostname="josh-Latitude-3410" failures="0" tests="8" name="testcases.Test_Draggable" time="2.520" errors="0" timestamp="2023-01-18T15:22:11 IST" skipped="0">
  <testcase classname="testcases.Test_Draggable" name="navigate_to_draggable" time="0.202"/>
  <system-out/>
  <testcase classname="testcases.Test_Draggable" name="simple_drag" time="0.456"/>
  <system-out/>
  <testcase classname="testcases.Test_Draggable" name="switch_to_axis_tab" time="0.112"/>
  <system-out/>
  <testcase classname="testcases.Test_Draggable" name="drag_along_x_axis" time="0.412"/>
  <system-out/>
  <testcase classname="testcases.Test_Draggable" name="drag_along_y_axis" time="0.400"/>
  <system-out/>
  <testcase classname="testcases.Test_Draggable" name="switch_to_container_tab" time="0.073"/>
  <system-out/>
  <testcase classname="testcases.Test_Draggable" name="drag_box_contained" time="0.403"/>
  <system-out/>
  <testcase classname="testcases.Test_Draggable" name="drag_page_contained" time="0.462"/>
  <system-out/>
</testsuite> <!-- testcases.Test_Draggable -->
