<?xml version="1.0" encoding="UTF-8"?>
<!-- Generated by org.testng.reporters.JUnitReportReporter -->
<testsuite hostname="josh-Latitude-3410" failures="1" tests="13" name="testcases.Test_Windows" time="0.774" errors="0" timestamp="2023-01-20T15:29:08 IST" skipped="0">
  <testcase classname="testcases.Test_Windows" name="navigate_to_windows" time="0.171"/>
  <system-out/>
  <testcase classname="testcases.Test_Windows" name="open_new_tab" time="0.051"/>
  <system-out/>
  <testcase classname="testcases.Test_Windows" name="switch_to_new_tab" time="0.016"/>
  <system-out/>
  <testcase classname="testcases.Test_Windows" name="verify_newtab_heading" time="0.177"/>
  <system-out/>
  <testcase classname="testcases.Test_Windows" name="switch_to_original_tab" time="0.007"/>
  <system-out/>
  <testcase classname="testcases.Test_Windows" name="open_new_window" time="0.092"/>
  <system-out/>
  <testcase classname="testcases.Test_Windows" name="switch_to_new_window" time="0.039"/>
  <system-out/>
  <testcase classname="testcases.Test_Windows" name="verify_newwindow_heading" time="0.032"/>
  <system-out/>
  <testcase classname="testcases.Test_Windows" name="switch_to_parent_window" time="0.009"/>
  <system-out/>
  <testcase classname="testcases.Test_Windows" name="open_new_msg_window" time="0.087"/>
  <system-out/>
  <testcase classname="testcases.Test_Windows" name="switch_to_new_msg_window" time="0.055"/>
  <system-out/>
  <testcase classname="testcases.Test_Windows" name="verify_msgwindow_text" time="0.029">
    <failure message="expected [Knowledge increases by sharing but not by saving. Please share this website with your friends and in your organization.] but found [This is a sample page]" type="java.lang.AssertionError">
      <![CDATA[java.lang.AssertionError: expected [Knowledge increases by sharing but not by saving. Please share this website with your friends and in your organization.] but found [This is a sample page]
at org.testng.Assert.fail(Assert.java:99)
at org.testng.Assert.failNotEquals(Assert.java:1037)
at org.testng.Assert.assertEqualsImpl(Assert.java:140)
at org.testng.Assert.assertEquals(Assert.java:122)
at org.testng.Assert.assertEquals(Assert.java:629)
at org.testng.Assert.assertEquals(Assert.java:639)
at base.Base.verify_text(Base.java:79)
at actions.Windows.verify_msgwindow_heading(Windows.java:31)
at testcases.Test_Windows.verify_msgwindow_text(Test_Windows.java:70)
at java.base/jdk.internal.reflect.NativeMethodAccessorImpl.invoke0(Native Method)
at java.base/jdk.internal.reflect.NativeMethodAccessorImpl.invoke(NativeMethodAccessorImpl.java:77)
at java.base/jdk.internal.reflect.DelegatingMethodAccessorImpl.invoke(DelegatingMethodAccessorImpl.java:43)
at java.base/java.lang.reflect.Method.invoke(Method.java:568)
at org.testng.internal.MethodInvocationHelper.invokeMethod(MethodInvocationHelper.java:133)
at org.testng.internal.TestInvoker.invokeMethod(TestInvoker.java:598)
at org.testng.internal.TestInvoker.invokeTestMethod(TestInvoker.java:173)
at org.testng.internal.MethodRunner.runInSequence(MethodRunner.java:46)
at org.testng.internal.TestInvoker$MethodInvocationAgent.invoke(TestInvoker.java:824)
at org.testng.internal.TestInvoker.invokeTestMethods(TestInvoker.java:146)
at org.testng.internal.TestMethodWorker.invokeTestMethods(TestMethodWorker.java:146)
at org.testng.internal.TestMethodWorker.run(TestMethodWorker.java:128)
at java.base/java.util.ArrayList.forEach(ArrayList.java:1511)
at org.testng.TestRunner.privateRun(TestRunner.java:794)
at org.testng.TestRunner.run(TestRunner.java:596)
at org.testng.SuiteRunner.runTest(SuiteRunner.java:377)
at org.testng.SuiteRunner.runSequentially(SuiteRunner.java:371)
at org.testng.SuiteRunner.privateRun(SuiteRunner.java:332)
at org.testng.SuiteRunner.run(SuiteRunner.java:276)
at org.testng.SuiteRunnerWorker.runSuite(SuiteRunnerWorker.java:53)
at org.testng.SuiteRunnerWorker.run(SuiteRunnerWorker.java:96)
at org.testng.TestNG.runSuitesSequentially(TestNG.java:1212)
at org.testng.TestNG.runSuitesLocally(TestNG.java:1134)
at org.testng.TestNG.runSuites(TestNG.java:1063)
at org.testng.TestNG.run(TestNG.java:1031)
at org.testng.remote.AbstractRemoteTestNG.run(AbstractRemoteTestNG.java:115)
at org.testng.remote.RemoteTestNG.initAndRun(RemoteTestNG.java:251)
at org.testng.remote.RemoteTestNG.main(RemoteTestNG.java:77)
]]>
    </failure>
  </testcase> <!-- verify_msgwindow_text -->
  <system-out/>
  <testcase classname="testcases.Test_Windows" name="switch_to_original_window" time="0.009"/>
  <system-out/>
</testsuite> <!-- testcases.Test_Windows -->
