<?xml version="1.0" encoding="UTF-8"?>
<!-- Generated by org.testng.reporters.JUnitReportReporter -->
<testsuite hostname="josh-Latitude-3410" failures="0" tests="3" name="testcases.test_WebTable" time="1.492" errors="0" timestamp="2023-01-16T14:22:06 IST" skipped="0">
  <testcase classname="testcases.test_WebTable" name="printRow1" time="0.405"/>
  <system-out/>
  <testcase classname="testcases.test_WebTable" name="editRow1" time="1.019"/>
  <system-out/>
  <testcase classname="testcases.test_WebTable" name="verifyEdits" time="0.068"/>
  <system-out/>
</testsuite> <!-- testcases.test_WebTable -->
