<?xml version="1.0" encoding="UTF-8"?>
<!-- Generated by org.testng.reporters.JUnitReportReporter -->
<testsuite hostname="josh-Latitude-3410" failures="0" tests="7" name="testcases.Test_Modals" time="0.529" errors="0" timestamp="2023-01-18T15:26:43 IST" skipped="0">
  <testcase classname="testcases.Test_Modals" name="navigate_to_modal_dialogs" time="0.200"/>
  <system-out/>
  <testcase classname="testcases.Test_Modals" name="open_small_modal" time="0.057"/>
  <system-out/>
  <testcase classname="testcases.Test_Modals" name="verify_small_modal_text" time="0.029"/>
  <system-out/>
  <testcase classname="testcases.Test_Modals" name="close_small_modal" time="0.045"/>
  <system-out/>
  <testcase classname="testcases.Test_Modals" name="open_large_modal" time="0.113"/>
  <system-out/>
  <testcase classname="testcases.Test_Modals" name="verify_large_modal_text" time="0.042"/>
  <system-out/>
  <testcase classname="testcases.Test_Modals" name="close_large_modal" time="0.043"/>
  <system-out/>
</testsuite> <!-- testcases.Test_Modals -->
