<?xml version="1.0" encoding="UTF-8"?>
<!-- Generated by org.testng.reporters.JUnitReportReporter -->
<testsuite hostname="josh-Latitude-3410" failures="0" tests="11" name="testcases.Test_Alerts" time="5.705" errors="0" timestamp="2023-01-17T13:03:06 IST" skipped="0">
  <testcase classname="testcases.Test_Alerts" name="navigate_to_alerts" time="0.219"/>
  <system-out/>
  <testcase classname="testcases.Test_Alerts" name="click_on_simple_alert" time="0.058"/>
  <system-out/>
  <testcase classname="testcases.Test_Alerts" name="handle_simple_alert" time="0.010"/>
  <system-out/>
  <testcase classname="testcases.Test_Alerts" name="click_on_delay_alert" time="0.054"/>
  <system-out/>
  <testcase classname="testcases.Test_Alerts" name="handle_delay_alert" time="5.182"/>
  <system-out/>
  <testcase classname="testcases.Test_Alerts" name="click_on_confirm_alert" time="0.050"/>
  <system-out/>
  <testcase classname="testcases.Test_Alerts" name="handle_confirm_alert" time="0.010"/>
  <system-out/>
  <testcase classname="testcases.Test_Alerts" name="verify_confirm_alert_msg" time="0.029"/>
  <system-out/>
  <testcase classname="testcases.Test_Alerts" name="click_on_promp_alert" time="0.051"/>
  <system-out/>
  <testcase classname="testcases.Test_Alerts" name="handle_prompt_alert" time="0.013"/>
  <system-out/>
  <testcase classname="testcases.Test_Alerts" name="verify_prompt_alert_msg" time="0.029"/>
  <system-out/>
</testsuite> <!-- testcases.Test_Alerts -->
