<?xml version="1.0" encoding="UTF-8"?>
<!-- Generated by org.testng.reporters.JUnitReportReporter -->
<testsuite hostname="josh-Latitude-3410" failures="0" tests="19" name="testcases.Test_PracticeForm" time="2.114" errors="0" timestamp="2023-01-17T11:28:38 IST" skipped="0">
  <testcase classname="testcases.Test_PracticeForm" name="navigate_to_practiceform" time="0.256"/>
  <system-out/>
  <testcase classname="testcases.Test_PracticeForm" name="verify_name_label" time="0.030"/>
  <system-out/>
  <testcase classname="testcases.Test_PracticeForm" name="verify_email_label" time="0.026"/>
  <system-out/>
  <testcase classname="testcases.Test_PracticeForm" name="verify_gender_label" time="0.030"/>
  <system-out/>
  <testcase classname="testcases.Test_PracticeForm" name="verify_mobile_label" time="0.027"/>
  <system-out/>
  <testcase classname="testcases.Test_PracticeForm" name="verify_birthdate_label" time="0.048"/>
  <system-out/>
  <testcase classname="testcases.Test_PracticeForm" name="verify_subjects_label" time="0.034"/>
  <system-out/>
  <testcase classname="testcases.Test_PracticeForm" name="verify_hobbies_label" time="0.026"/>
  <system-out/>
  <testcase classname="testcases.Test_PracticeForm" name="verify_picture_label" time="0.039"/>
  <system-out/>
  <testcase classname="testcases.Test_PracticeForm" name="verify_address_label" time="0.025"/>
  <system-out/>
  <testcase classname="testcases.Test_PracticeForm" name="enter_first_name" time="0.071"/>
  <system-out/>
  <testcase classname="testcases.Test_PracticeForm" name="enter_last_name" time="0.056"/>
  <system-out/>
  <testcase classname="testcases.Test_PracticeForm" name="enter_email" time="0.085"/>
  <system-out/>
  <testcase classname="testcases.Test_PracticeForm" name="select_gender" time="0.281"/>
  <system-out/>
  <testcase classname="testcases.Test_PracticeForm" name="enter_mobile" time="0.072"/>
  <system-out/>
  <testcase classname="testcases.Test_PracticeForm" name="select_birthdate" time="0.501"/>
  <system-out/>
  <testcase classname="testcases.Test_PracticeForm" name="select_hobbies" time="0.401"/>
  <system-out/>
  <testcase classname="testcases.Test_PracticeForm" name="upload_picture" time="0.049"/>
  <system-out/>
  <testcase classname="testcases.Test_PracticeForm" name="enter_address" time="0.057"/>
  <system-out/>
</testsuite> <!-- testcases.Test_PracticeForm -->
