<?xml version="1.0" encoding="UTF-8"?>
<!-- Generated by org.testng.reporters.JUnitReportReporter -->
<testsuite hostname="josh-Latitude-3410" failures="0" tests="7" name="testcases.Test_AutoComplete" time="1.028" errors="0" timestamp="2023-01-20T15:19:49 IST" skipped="0">
  <testcase classname="testcases.Test_AutoComplete" name="navigate_to_autocomplete" time="0.192"/>
  <system-out/>
  <testcase classname="testcases.Test_AutoComplete" name="go_to_multi_colors_textbox" time="0.184"/>
  <system-out/>
  <testcase classname="testcases.Test_AutoComplete" name="select_first_color" time="0.019"/>
  <system-out/>
  <testcase classname="testcases.Test_AutoComplete" name="select_second_color" time="0.205"/>
  <system-out/>
  <testcase classname="testcases.Test_AutoComplete" name="select_third_color" time="0.185"/>
  <system-out/>
  <testcase classname="testcases.Test_AutoComplete" name="go_to_single_color_textbox" time="0.226"/>
  <system-out/>
  <testcase classname="testcases.Test_AutoComplete" name="select_single_color" time="0.017"/>
  <system-out/>
</testsuite> <!-- testcases.Test_AutoComplete -->
