<?xml version="1.0" encoding="UTF-8"?>
<!-- Generated by org.testng.reporters.JUnitReportReporter -->
<testsuite hostname="josh-Latitude-3410" failures="0" tests="5" name="testcases.Alerts_Test" time="5.649" errors="0" timestamp="2023-01-24T15:32:34 IST" skipped="0">
  <testcase classname="testcases.Alerts_Test" name="navigate_to_alerts" time="0.182"/>
  <system-out/>
  <testcase classname="testcases.Alerts_Test" name="handle_simple_alert" time="0.065"/>
  <system-out/>
  <testcase classname="testcases.Alerts_Test" name="handle_delay_alert" time="5.232"/>
  <system-out/>
  <testcase classname="testcases.Alerts_Test" name="handle_confirm_alert" time="0.089"/>
  <system-out/>
  <testcase classname="testcases.Alerts_Test" name="handle_prompt_alert" time="0.081"/>
  <system-out/>
</testsuite> <!-- testcases.Alerts_Test -->
