<?xml version="1.0" encoding="UTF-8"?>
<!-- Generated by org.testng.reporters.JUnitReportReporter -->
<testsuite hostname="josh-Latitude-3410" failures="0" tests="10" name="testcases.Datepicker_Test" time="2.930" errors="0" timestamp="2023-01-24T11:39:38 IST" skipped="0">
  <testcase classname="testcases.Datepicker_Test" name="navigate_to_datepicker" time="0.193"/>
  <system-out/>
  <testcase classname="testcases.Datepicker_Test" name="select_calender1" time="0.099"/>
  <system-out/>
  <testcase classname="testcases.Datepicker_Test" name="select_year" time="0.143"/>
  <system-out/>
  <testcase classname="testcases.Datepicker_Test" name="select_month" time="0.171"/>
  <system-out/>
  <testcase classname="testcases.Datepicker_Test" name="select_date" time="0.055"/>
  <system-out/>
  <testcase classname="testcases.Datepicker_Test" name="select_calender2" time="0.076"/>
  <system-out/>
  <testcase classname="testcases.Datepicker_Test" name="select_year_calender2" time="1.123"/>
  <system-out/>
  <testcase classname="testcases.Datepicker_Test" name="select_month_calender2" time="0.177"/>
  <system-out/>
  <testcase classname="testcases.Datepicker_Test" name="select_date_calender2" time="0.053"/>
  <system-out/>
  <testcase classname="testcases.Datepicker_Test" name="select_time_calender2" time="0.840"/>
  <system-out/>
</testsuite> <!-- testcases.Datepicker_Test -->
