<?xml version="1.0" encoding="UTF-8"?>
<!-- Generated by org.testng.reporters.JUnitReportReporter -->
<testsuite hostname="josh-Latitude-3410" failures="0" tests="3" name="testcases.Datepicker_Test" time="2.830" errors="0" timestamp="2023-02-03T10:33:02 IST" skipped="0">
  <testcase classname="testcases.Datepicker_Test" name="navigate_to_datepicker" time="0.206"/>
  <system-out/>
  <testcase classname="testcases.Datepicker_Test" name="calender1" time="0.399"/>
  <system-out/>
  <testcase classname="testcases.Datepicker_Test" name="calender2" time="2.225"/>
  <system-out/>
</testsuite> <!-- testcases.Datepicker_Test -->
