<?xml version="1.0" encoding="UTF-8"?>
<!-- Generated by org.testng.reporters.JUnitReportReporter -->
<testsuite hostname="josh-Latitude-3410" failures="0" tests="14" name="testcases.Textbox_Test" time="0.925" errors="0" timestamp="2023-01-24T11:49:31 IST" skipped="0">
  <testcase classname="testcases.Textbox_Test" name="navigate_to_textbox" time="0.221"/>
  <system-out/>
  <testcase classname="testcases.Textbox_Test" name="verify_Full_Name_Label" time="0.031"/>
  <system-out/>
  <testcase classname="testcases.Textbox_Test" name="verify_Email_Label" time="0.027"/>
  <system-out/>
  <testcase classname="testcases.Textbox_Test" name="verify_CurrentAddress_Label" time="0.028"/>
  <system-out/>
  <testcase classname="testcases.Textbox_Test" name="verify_PermanentAddress_Label" time="0.029"/>
  <system-out/>
  <testcase classname="testcases.Textbox_Test" name="enter_FullName" time="0.075"/>
  <system-out/>
  <testcase classname="testcases.Textbox_Test" name="enter_Email" time="0.081"/>
  <system-out/>
  <testcase classname="testcases.Textbox_Test" name="enter_CurrentAddress" time="0.111"/>
  <system-out/>
  <testcase classname="testcases.Textbox_Test" name="enter_PermanentAddress" time="0.088"/>
  <system-out/>
  <testcase classname="testcases.Textbox_Test" name="click_submit" time="0.090"/>
  <system-out/>
  <testcase classname="testcases.Textbox_Test" name="verify_Submitted_Full_Name" time="0.066"/>
  <system-out/>
  <testcase classname="testcases.Textbox_Test" name="verify_Submitted_Email" time="0.026"/>
  <system-out/>
  <testcase classname="testcases.Textbox_Test" name="verify_Submitted_Current_Address" time="0.021"/>
  <system-out/>
  <testcase classname="testcases.Textbox_Test" name="verify_Submitted_Permanent_Address" time="0.031"/>
  <system-out/>
</testsuite> <!-- testcases.Textbox_Test -->
