<?xml version="1.0" encoding="UTF-8"?>
<!-- Generated by org.testng.reporters.JUnitReportReporter -->
<testsuite hostname="josh-Latitude-3410" failures="0" tests="4" name="excel.utility.Demo" time="0.015" errors="0" timestamp="2023-02-03T17:59:03 IST" skipped="0">
  <testcase classname="excel.utility.Demo" name="signIn" time="0.009"/>
  <system-out/>
  <testcase classname="excel.utility.Demo" name="signIn" time="0.002"/>
  <system-out/>
  <testcase classname="excel.utility.Demo" name="signIn" time="0.002"/>
  <system-out/>
  <testcase classname="excel.utility.Demo" name="signIn" time="0.002"/>
  <system-out/>
</testsuite> <!-- excel.utility.Demo -->
