<?xml version="1.0" encoding="UTF-8"?>
<!-- Generated by org.testng.reporters.JUnitReportReporter -->
<testsuite hostname="josh-Latitude-3410" failures="0" tests="3" name="testcases.PracticeForm_Test" time="2.945" errors="0" timestamp="2023-02-03T10:48:16 IST" skipped="0">
  <testcase classname="testcases.PracticeForm_Test" name="navigate_to_practiceform" time="0.310"/>
  <system-out/>
  <testcase classname="testcases.PracticeForm_Test" name="verify_labels" time="0.315"/>
  <system-out/>
  <testcase classname="testcases.PracticeForm_Test" name="enter_form_data" time="2.320"/>
  <system-out/>
</testsuite> <!-- testcases.PracticeForm_Test -->
