<?xml version="1.0" encoding="UTF-8"?>
<!-- Generated by org.testng.reporters.JUnitReportReporter -->
<testsuite hostname="josh-Latitude-3410" failures="0" tests="1" name="excel.utility.Data_Provider" time="0.000" errors="0" timestamp="2023-01-25T14:36:28 IST" skipped="1">
  <testcase classname="excel.utility.Data_Provider" name="btest2" time="0.000">
    <skipped/>
  </testcase> <!-- btest2 -->
  <system-out/>
</testsuite> <!-- excel.utility.Data_Provider -->
