<?xml version="1.0" encoding="UTF-8"?>
<!-- Generated by org.testng.reporters.JUnitReportReporter -->
<testsuite hostname="josh-Latitude-3410" failures="0" tests="4" name="testcases.Draggable_Test" time="2.767" errors="0" timestamp="2023-01-24T15:40:18 IST" skipped="0">
  <testcase classname="testcases.Draggable_Test" name="navigate_to_draggable" time="0.197"/>
  <system-out/>
  <testcase classname="testcases.Draggable_Test" name="simple_drag" time="0.441"/>
  <system-out/>
  <testcase classname="testcases.Draggable_Test" name="axis_tab_dragdrop" time="1.121"/>
  <system-out/>
  <testcase classname="testcases.Draggable_Test" name="container_tab_dragdrop" time="1.008"/>
  <system-out/>
</testsuite> <!-- testcases.Draggable_Test -->
