<?xml version="1.0" encoding="UTF-8"?>
<!-- Generated by org.testng.reporters.JUnitReportReporter -->
<testsuite hostname="josh-Latitude-3410" failures="0" tests="3" name="testcases.Sortable_Test" time="0.361" errors="0" timestamp="2023-01-24T16:11:54 IST" skipped="0">
  <testcase classname="testcases.Sortable_Test" name="navigate_to_sortable" time="0.196"/>
  <system-out/>
  <testcase classname="testcases.Sortable_Test" name="grid" time="0.099"/>
  <system-out/>
  <testcase classname="testcases.Sortable_Test" name="list" time="0.066"/>
  <system-out/>
</testsuite> <!-- testcases.Sortable_Test -->
