<?xml version="1.0" encoding="UTF-8"?>
<!-- Generated by org.testng.reporters.JUnitReportReporter -->
<testsuite hostname="josh-Latitude-3410" failures="0" tests="8" name="testcases.Textbox_Test" time="3.165" errors="0" timestamp="2023-01-30T16:10:12 IST" skipped="0">
  <testcase classname="testcases.Textbox_Test" name="navigate_to_textbox" time="0.576"/>
  <system-out/>
  <testcase classname="testcases.Textbox_Test" name="verify_labels" time="1.041"/>
  <system-out/>
  <testcase classname="testcases.Textbox_Test" name="enter_data" time="0.238"/>
  <system-out/>
  <testcase classname="testcases.Textbox_Test" name="enter_data" time="0.201"/>
  <system-out/>
  <testcase classname="testcases.Textbox_Test" name="enter_data" time="0.203"/>
  <system-out/>
  <testcase classname="testcases.Textbox_Test" name="enter_data" time="0.203"/>
  <system-out/>
  <testcase classname="testcases.Textbox_Test" name="click_submit" time="0.316"/>
  <system-out/>
  <testcase classname="testcases.Textbox_Test" name="verify_submitted_data" time="0.387"/>
  <system-out/>
</testsuite> <!-- testcases.Textbox_Test -->
