<?xml version="1.0" encoding="UTF-8"?>
<!-- Generated by org.testng.reporters.JUnitReportReporter -->
<testsuite hostname="josh-Latitude-3410" failures="0" tests="20" name="testcases.Test_PracticeForm" time="2.884" errors="0" timestamp="2023-01-20T14:58:19 IST" skipped="0">
  <testcase classname="testcases.Test_PracticeForm" name="navigate_to_practiceform" time="0.268"/>
  <system-out/>
  <testcase classname="testcases.Test_PracticeForm" name="verify_name_label" time="0.029"/>
  <system-out/>
  <testcase classname="testcases.Test_PracticeForm" name="verify_email_label" time="0.027"/>
  <system-out/>
  <testcase classname="testcases.Test_PracticeForm" name="verify_gender_label" time="0.038"/>
  <system-out/>
  <testcase classname="testcases.Test_PracticeForm" name="verify_mobile_label" time="0.030"/>
  <system-out/>
  <testcase classname="testcases.Test_PracticeForm" name="verify_birthdate_label" time="0.024"/>
  <system-out/>
  <testcase classname="testcases.Test_PracticeForm" name="verify_subjects_label" time="0.078"/>
  <system-out/>
  <testcase classname="testcases.Test_PracticeForm" name="verify_hobbies_label" time="0.047"/>
  <system-out/>
  <testcase classname="testcases.Test_PracticeForm" name="verify_picture_label" time="0.038"/>
  <system-out/>
  <testcase classname="testcases.Test_PracticeForm" name="verify_address_label" time="0.059"/>
  <system-out/>
  <testcase classname="testcases.Test_PracticeForm" name="enter_first_name" time="0.081"/>
  <system-out/>
  <testcase classname="testcases.Test_PracticeForm" name="enter_last_name" time="0.065"/>
  <system-out/>
  <testcase classname="testcases.Test_PracticeForm" name="enter_email" time="0.084"/>
  <system-out/>
  <testcase classname="testcases.Test_PracticeForm" name="select_gender" time="0.241"/>
  <system-out/>
  <testcase classname="testcases.Test_PracticeForm" name="enter_mobile" time="0.072"/>
  <system-out/>
  <testcase classname="testcases.Test_PracticeForm" name="select_birthdate" time="0.511"/>
  <system-out/>
  <testcase classname="testcases.Test_PracticeForm" name="select_hobbies" time="0.385"/>
  <system-out/>
  <testcase classname="testcases.Test_PracticeForm" name="upload_picture" time="0.055"/>
  <system-out/>
  <testcase classname="testcases.Test_PracticeForm" name="enter_address" time="0.056"/>
  <system-out/>
  <testcase classname="testcases.Test_PracticeForm" name="select_subjects" time="0.696"/>
  <system-out/>
</testsuite> <!-- testcases.Test_PracticeForm -->
