<?xml version="1.0" encoding="UTF-8"?>
<!-- Generated by org.testng.reporters.JUnitReportReporter -->
<testsuite hostname="josh-Latitude-3410" failures="0" tests="7" name="testcases.Buttons_Test" time="1.036" errors="0" timestamp="2023-01-24T11:49:31 IST" skipped="0">
  <testcase classname="testcases.Buttons_Test" name="navigateToButtons" time="0.188"/>
  <system-out/>
  <testcase classname="testcases.Buttons_Test" name="doubleClick" time="0.172"/>
  <system-out/>
  <testcase classname="testcases.Buttons_Test" name="rightClick" time="0.152"/>
  <system-out/>
  <testcase classname="testcases.Buttons_Test" name="dynamicClick" time="0.197"/>
  <system-out/>
  <testcase classname="testcases.Buttons_Test" name="verifyDoubleClick" time="0.226"/>
  <system-out/>
  <testcase classname="testcases.Buttons_Test" name="verifyRightClick" time="0.055"/>
  <system-out/>
  <testcase classname="testcases.Buttons_Test" name="verifyDynamicClick" time="0.046"/>
  <system-out/>
</testsuite> <!-- testcases.Buttons_Test -->
