<?xml version="1.0" encoding="UTF-8"?>
<!-- Generated by org.testng.reporters.JUnitReportReporter -->
<testsuite hostname="josh-Latitude-3410" failures="0" tests="2" name="testcases.Test_Tabs" time="1.069" errors="0" timestamp="2023-01-17T16:58:28 IST" skipped="0">
  <testcase classname="testcases.Test_Tabs" name="navigate_to_tabs" time="0.416"/>
  <system-out/>
  <testcase classname="testcases.Test_Tabs" name="switch_tabs" time="0.653"/>
  <system-out/>
</testsuite> <!-- testcases.Test_Tabs -->
