<?xml version="1.0" encoding="UTF-8"?>
<!-- Generated by org.testng.reporters.JUnitReportReporter -->
<testsuite hostname="josh-Latitude-3410" failures="0" tests="4" name="testcases.Test_BrokenLinks" time="8.613" errors="0" timestamp="2023-01-16T16:03:12 IST" skipped="0">
  <testcase classname="testcases.Test_BrokenLinks" name="navigate_to_BrokenLinks" time="0.431"/>
  <system-out/>
  <testcase classname="testcases.Test_BrokenLinks" name="click_Valid_Link" time="2.203"/>
  <system-out/>
  <testcase classname="testcases.Test_BrokenLinks" name="click_Broken_Link" time="5.708"/>
  <system-out/>
  <testcase classname="testcases.Test_BrokenLinks" name="verify_Broken_Link" time="0.271"/>
  <system-out/>
</testsuite> <!-- testcases.Test_BrokenLinks -->
