<?xml version="1.0" encoding="UTF-8"?>
<!-- Generated by org.testng.reporters.JUnitReportReporter -->
<testsuite hostname="josh-Latitude-3410" failures="0" tests="9" name="testcases.Menu_Test" time="1.450" errors="0" timestamp="2023-01-24T10:43:47 IST" skipped="0">
  <testcase classname="testcases.Menu_Test" name="navigate_to_menu" time="0.181"/>
  <system-out/>
  <testcase classname="testcases.Menu_Test" name="hover_over_menu1" time="0.148"/>
  <system-out/>
  <testcase classname="testcases.Menu_Test" name="hover_over_menu3" time="0.185"/>
  <system-out/>
  <testcase classname="testcases.Menu_Test" name="hover_over_menu2" time="0.147"/>
  <system-out/>
  <testcase classname="testcases.Menu_Test" name="hover_over_menu2_item1" time="0.127"/>
  <system-out/>
  <testcase classname="testcases.Menu_Test" name="hover_over_menu2_item2" time="0.207"/>
  <system-out/>
  <testcase classname="testcases.Menu_Test" name="hover_over_submenu" time="0.142"/>
  <system-out/>
  <testcase classname="testcases.Menu_Test" name="hover_over_submenu_item1" time="0.160"/>
  <system-out/>
  <testcase classname="testcases.Menu_Test" name="hover_over_submenu_item2" time="0.153"/>
  <system-out/>
</testsuite> <!-- testcases.Menu_Test -->
