<?xml version="1.0" encoding="UTF-8"?>
<!-- Generated by org.testng.reporters.JUnitReportReporter -->
<testsuite hostname="josh-Latitude-3410" failures="0" tests="6" name="excel.utility.ExcelDataProvider" time="0.015" errors="0" timestamp="2023-01-30T16:38:00 IST" skipped="0">
  <testcase classname="excel.utility.ExcelDataProvider" name="test" time="0.002"/>
  <system-out/>
  <testcase classname="excel.utility.ExcelDataProvider" name="test" time="0.001"/>
  <system-out/>
  <testcase classname="excel.utility.ExcelDataProvider" name="test" time="0.002"/>
  <system-out/>
  <testcase classname="excel.utility.ExcelDataProvider" name="test" time="0.008"/>
  <system-out/>
  <testcase classname="excel.utility.ExcelDataProvider" name="test" time="0.001"/>
  <system-out/>
  <testcase classname="excel.utility.ExcelDataProvider" name="test" time="0.001"/>
  <system-out/>
</testsuite> <!-- excel.utility.ExcelDataProvider -->
