<?xml version="1.0" encoding="UTF-8"?>
<!-- Generated by org.testng.reporters.JUnitReportReporter -->
<testsuite hostname="josh-Latitude-3410" failures="0" tests="3" name="testcases.UploadDownload_Test" time="0.286" errors="0" timestamp="2023-01-24T11:49:31 IST" skipped="0">
  <testcase classname="testcases.UploadDownload_Test" name="navigateToButtons" time="0.179"/>
  <system-out/>
  <testcase classname="testcases.UploadDownload_Test" name="uploadFile" time="0.037"/>
  <system-out/>
  <testcase classname="testcases.UploadDownload_Test" name="downloadFile" time="0.070"/>
  <system-out/>
</testsuite> <!-- testcases.UploadDownload_Test -->
