<?xml version="1.0" encoding="UTF-8"?>
<!-- Generated by org.testng.reporters.JUnitReportReporter -->
<testsuite hostname="josh-Latitude-3410" failures="0" tests="5" name="testcases.Test_Selectable" time="0.690" errors="0" timestamp="2023-01-18T10:55:27 IST" skipped="0">
  <testcase classname="testcases.Test_Selectable" name="navigate_to_selectable" time="0.197"/>
  <system-out/>
  <testcase classname="testcases.Test_Selectable" name="select_all_list_options" time="0.139"/>
  <system-out/>
  <testcase classname="testcases.Test_Selectable" name="switch_to_grid" time="0.066"/>
  <system-out/>
  <testcase classname="testcases.Test_Selectable" name="verify_grid_options" time="0.015"/>
  <system-out/>
  <testcase classname="testcases.Test_Selectable" name="select_all_grid_options" time="0.273"/>
  <system-out/>
</testsuite> <!-- testcases.Test_Selectable -->
