<?xml version="1.0" encoding="UTF-8"?>
<!-- Generated by org.testng.reporters.JUnitReportReporter -->
<testsuite hostname="josh-Latitude-3410" failures="0" tests="2" name="testcases.Test_CheckBox" time="0.305" errors="0" timestamp="2023-01-18T15:13:02 IST" skipped="0">
  <testcase classname="testcases.Test_CheckBox" name="clickCheckbox" time="0.276"/>
  <system-out/>
  <testcase classname="testcases.Test_CheckBox" name="verifySelectedCheckBox" time="0.029"/>
  <system-out/>
</testsuite> <!-- testcases.Test_CheckBox -->
