<?xml version="1.0" encoding="UTF-8"?>
<!-- Generated by org.testng.reporters.JUnitReportReporter -->
<testsuite hostname="josh-Latitude-3410" failures="0" tests="7" name="testcases.Accordian_Test" time="0.492" errors="0" timestamp="2023-01-24T10:42:42 IST" skipped="0">
  <testcase classname="testcases.Accordian_Test" name="navigate_to_accordian" time="0.181"/>
  <system-out/>
  <testcase classname="testcases.Accordian_Test" name="click_on_heading1" time="0.072"/>
  <system-out/>
  <testcase classname="testcases.Accordian_Test" name="verify_heading1_text" time="0.040"/>
  <system-out/>
  <testcase classname="testcases.Accordian_Test" name="click_on_heading2" time="0.062"/>
  <system-out/>
  <testcase classname="testcases.Accordian_Test" name="verify_heading2_text" time="0.042"/>
  <system-out/>
  <testcase classname="testcases.Accordian_Test" name="click_on_heading3" time="0.055"/>
  <system-out/>
  <testcase classname="testcases.Accordian_Test" name="verify_heading3_text" time="0.040"/>
  <system-out/>
</testsuite> <!-- testcases.Accordian_Test -->
