<?xml version="1.0" encoding="UTF-8"?>
<!-- Generated by org.testng.reporters.JUnitReportReporter -->
<testsuite hostname="josh-Latitude-3410" failures="0" tests="4" name="testcases.Buttons_Test" time="0.898" errors="0" timestamp="2023-01-24T15:35:08 IST" skipped="0">
  <testcase classname="testcases.Buttons_Test" name="navigateToButtons" time="0.189"/>
  <system-out/>
  <testcase classname="testcases.Buttons_Test" name="doubleClick" time="0.213"/>
  <system-out/>
  <testcase classname="testcases.Buttons_Test" name="rightClick" time="0.194"/>
  <system-out/>
  <testcase classname="testcases.Buttons_Test" name="dynamicClick" time="0.302"/>
  <system-out/>
</testsuite> <!-- testcases.Buttons_Test -->
