<?xml version="1.0" encoding="UTF-8"?>
<!-- Generated by org.testng.reporters.JUnitReportReporter -->
<testsuite hostname="josh-Latitude-3410" failures="0" tests="5" name="testcases.Test_Slider" time="0.797" errors="0" timestamp="2023-01-18T15:27:59 IST" skipped="0">
  <testcase classname="testcases.Test_Slider" name="navigate_to_slider" time="0.195"/>
  <system-out/>
  <testcase classname="testcases.Test_Slider" name="get_slider_location" time="0.023"/>
  <system-out/>
  <testcase classname="testcases.Test_Slider" name="drag_drop_slider" time="0.492"/>
  <system-out/>
  <testcase classname="testcases.Test_Slider" name="slider_location_after_drag" time="0.084"/>
  <system-out/>
  <testcase classname="testcases.Test_Slider" name="verify_dragdrop_successful" time="0.003"/>
  <system-out/>
</testsuite> <!-- testcases.Test_Slider -->
