<?xml version="1.0" encoding="UTF-8"?>
<!-- Generated by org.testng.reporters.JUnitReportReporter -->
<testsuite hostname="josh-Latitude-3410" failures="0" tests="3" name="testcases.Slider_Test" time="0.748" errors="0" timestamp="2023-01-24T16:09:46 IST" skipped="0">
  <testcase classname="testcases.Slider_Test" name="navigate_to_slider" time="0.185"/>
  <system-out/>
  <testcase classname="testcases.Slider_Test" name="drag_drop_slider" time="0.559"/>
  <system-out/>
  <testcase classname="testcases.Slider_Test" name="verify_dragdrop_successful" time="0.004"/>
  <system-out/>
</testsuite> <!-- testcases.Slider_Test -->
