<?xml version="1.0" encoding="UTF-8"?>
<!-- Generated by org.testng.reporters.JUnitReportReporter -->
<testsuite hostname="josh-Latitude-3410" failures="0" tests="2" name="testcases.Links_Test" time="1.265" errors="0" timestamp="2023-01-24T11:49:31 IST" skipped="0">
  <testcase classname="testcases.Links_Test" name="navigateToLinks" time="0.178"/>
  <system-out/>
  <testcase classname="testcases.Links_Test" name="clickLinks" time="1.087"/>
  <system-out/>
</testsuite> <!-- testcases.Links_Test -->
