<?xml version="1.0" encoding="UTF-8"?>
<!-- Generated by org.testng.reporters.JUnitReportReporter -->
<testsuite hostname="josh-Latitude-3410" failures="0" tests="4" name="testcases.Windows_Test" time="1.652" errors="0" timestamp="2023-02-03T11:04:54 IST" skipped="1">
  <testcase classname="testcases.Windows_Test" name="navigate_to_windows" time="0.548"/>
  <system-out/>
  <testcase classname="testcases.Windows_Test" name="new_tab" time="0.531"/>
  <system-out/>
  <testcase classname="testcases.Windows_Test" name="new_window" time="0.573"/>
  <system-out/>
  <testcase classname="testcases.Windows_Test" name="new_msg_window">
    <skipped/>
  </testcase> <!-- new_msg_window -->
  <system-out/>
</testsuite> <!-- testcases.Windows_Test -->
