<?xml version="1.0" encoding="UTF-8"?>
<!-- Generated by org.testng.reporters.JUnitReportReporter -->
<testsuite hostname="josh-Latitude-3410" failures="0" tests="6" name="testcases.Test_NestedFrames" time="0.969" errors="0" timestamp="2023-01-17T14:49:37 IST" skipped="0">
  <testcase classname="testcases.Test_NestedFrames" name="navigate_to_nested_frames" time="0.390"/>
  <system-out/>
  <testcase classname="testcases.Test_NestedFrames" name="switch_to_outer_frame" time="0.263"/>
  <system-out/>
  <testcase classname="testcases.Test_NestedFrames" name="verify_outer_frame_text" time="0.132"/>
  <system-out/>
  <testcase classname="testcases.Test_NestedFrames" name="switch_to_inner_frame" time="0.046"/>
  <system-out/>
  <testcase classname="testcases.Test_NestedFrames" name="verify_inner_frame_text" time="0.124"/>
  <system-out/>
  <testcase classname="testcases.Test_NestedFrames" name="switch_to_original_frame" time="0.014"/>
  <system-out/>
</testsuite> <!-- testcases.Test_NestedFrames -->
