<?xml version="1.0" encoding="UTF-8"?>
<!-- Generated by org.testng.reporters.JUnitReportReporter -->
<testsuite hostname="josh-Latitude-3410" failures="0" tests="2" name="testcases.Test_Links" time="0.844" errors="0" timestamp="2023-01-17T12:19:49 IST" skipped="0">
  <testcase classname="testcases.Test_Links" name="navigateToLinks" time="0.195"/>
  <system-out/>
  <testcase classname="testcases.Test_Links" name="clickLinks" time="0.649"/>
  <system-out/>
</testsuite> <!-- testcases.Test_Links -->
