<?xml version="1.0" encoding="UTF-8"?>
<!-- Generated by org.testng.reporters.JUnitReportReporter -->
<testsuite hostname="josh-Latitude-3410" failures="0" tests="2" name="testcases.Links_Test" time="3.518" errors="0" timestamp="2023-02-05T13:52:20 IST" skipped="0">
  <testcase classname="testcases.Links_Test" name="navigateToLinks" time="1.366"/>
  <system-out/>
  <testcase classname="testcases.Links_Test" name="clickLinks" time="2.152"/>
  <system-out/>
</testsuite> <!-- testcases.Links_Test -->
