<?xml version="1.0" encoding="UTF-8"?>
<!-- Generated by org.testng.reporters.JUnitReportReporter -->
<testsuite hostname="josh-Latitude-3410" failures="0" tests="14" name="testcases.Test_TextBox" time="0.892" errors="0" timestamp="2023-01-23T12:27:15 IST" skipped="0">
  <testcase classname="testcases.Test_TextBox" name="navigate_to_textbox" time="0.215"/>
  <system-out/>
  <testcase classname="testcases.Test_TextBox" name="verify_Full_Name_Label" time="0.034"/>
  <system-out/>
  <testcase classname="testcases.Test_TextBox" name="verify_Email_Label" time="0.025"/>
  <system-out/>
  <testcase classname="testcases.Test_TextBox" name="verify_CurrentAddress_Label" time="0.023"/>
  <system-out/>
  <testcase classname="testcases.Test_TextBox" name="verify_PermanentAddress_Label" time="0.023"/>
  <system-out/>
  <testcase classname="testcases.Test_TextBox" name="enter_FullName" time="0.126"/>
  <system-out/>
  <testcase classname="testcases.Test_TextBox" name="enter_Email" time="0.075"/>
  <system-out/>
  <testcase classname="testcases.Test_TextBox" name="enter_CurrentAddress" time="0.054"/>
  <system-out/>
  <testcase classname="testcases.Test_TextBox" name="enter_PermanentAddress" time="0.093"/>
  <system-out/>
  <testcase classname="testcases.Test_TextBox" name="click_submit" time="0.086"/>
  <system-out/>
  <testcase classname="testcases.Test_TextBox" name="verify_Submitted_Full_Name" time="0.067"/>
  <system-out/>
  <testcase classname="testcases.Test_TextBox" name="verify_Submitted_Email" time="0.025"/>
  <system-out/>
  <testcase classname="testcases.Test_TextBox" name="verify_Submitted_Current_Address" time="0.020"/>
  <system-out/>
  <testcase classname="testcases.Test_TextBox" name="verify_Submitted_Permanent_Address" time="0.026"/>
  <system-out/>
</testsuite> <!-- testcases.Test_TextBox -->
