<?xml version="1.0" encoding="UTF-8"?>
<!-- Generated by org.testng.reporters.JUnitReportReporter -->
<testsuite hostname="josh-Latitude-3410" failures="0" tests="3" name="testcases.Test_UploadDownload" time="0.663" errors="0" timestamp="2023-01-16T16:27:31 IST" skipped="0">
  <testcase classname="testcases.Test_UploadDownload" name="navigateToButtons" time="0.433"/>
  <system-out/>
  <testcase classname="testcases.Test_UploadDownload" name="uploadFile" time="0.076"/>
  <system-out/>
  <testcase classname="testcases.Test_UploadDownload" name="downloadFile" time="0.154"/>
  <system-out/>
</testsuite> <!-- testcases.Test_UploadDownload -->
