<?xml version="1.0" encoding="UTF-8"?>
<!-- Generated by org.testng.reporters.JUnitReportReporter -->
<testsuite hostname="josh-Latitude-3410" failures="0" tests="3" name="testcases.Test_ToolTips" time="0.726" errors="0" timestamp="2023-01-17T17:07:59 IST" skipped="0">
  <testcase classname="testcases.Test_ToolTips" name="navigate_to_tooltips" time="0.311"/>
  <system-out/>
  <testcase classname="testcases.Test_ToolTips" name="hover_over_button" time="0.168"/>
  <system-out/>
  <testcase classname="testcases.Test_ToolTips" name="hover_over_textbox" time="0.247"/>
  <system-out/>
</testsuite> <!-- testcases.Test_ToolTips -->
