<?xml version="1.0" encoding="UTF-8"?>
<!-- Generated by org.testng.reporters.JUnitReportReporter -->
<testsuite hostname="josh-Latitude-3410" failures="0" tests="2" name="testcases.Checkbox_Test" time="0.272" errors="0" timestamp="2023-01-24T15:36:25 IST" skipped="0">
  <testcase classname="testcases.Checkbox_Test" name="navigate_to_checkbox" time="0.179"/>
  <system-out/>
  <testcase classname="testcases.Checkbox_Test" name="checkbox" time="0.093"/>
  <system-out/>
</testsuite> <!-- testcases.Checkbox_Test -->
