<?xml version="1.0" encoding="UTF-8"?>
<!-- Generated by org.testng.reporters.JUnitReportReporter -->
<testsuite hostname="josh-Latitude-3410" failures="0" tests="5" name="testcases.Droppable_Test" time="5.648" errors="0" timestamp="2023-02-02T12:44:46 IST" skipped="0">
  <testcase classname="testcases.Droppable_Test" name="navigate_to_droppable" time="0.431"/>
  <system-out/>
  <testcase classname="testcases.Droppable_Test" name="simple_drag_drop" time="0.555"/>
  <system-out/>
  <testcase classname="testcases.Droppable_Test" name="accept_tab_dragdrop" time="1.650"/>
  <system-out/>
  <testcase classname="testcases.Droppable_Test" name="prevent_propagation_tab_dragdrop" time="1.697"/>
  <system-out/>
  <testcase classname="testcases.Droppable_Test" name="revert_draggable_tab_dragdrop" time="1.315"/>
  <system-out/>
</testsuite> <!-- testcases.Droppable_Test -->
