<?xml version="1.0" encoding="UTF-8"?>
<!-- Generated by org.testng.reporters.JUnitReportReporter -->
<testsuite hostname="josh-Latitude-3410" failures="0" tests="3" name="testcases.BrokenLinks_Test" time="2.937" errors="0" timestamp="2023-01-24T11:49:31 IST" skipped="0">
  <testcase classname="testcases.BrokenLinks_Test" name="navigate_to_BrokenLinks" time="0.179"/>
  <system-out/>
  <testcase classname="testcases.BrokenLinks_Test" name="findBrokenLink" time="1.303"/>
  <system-out/>
  <testcase classname="testcases.BrokenLinks_Test" name="findBrokenImages" time="1.455"/>
  <system-out/>
</testsuite> <!-- testcases.BrokenLinks_Test -->
