<?xml version="1.0" encoding="UTF-8"?>
<!-- Generated by org.testng.reporters.JUnitReportReporter -->
<testsuite hostname="josh-Latitude-3410" failures="0" tests="3" name="testcases.Frames_Test" time="0.744" errors="0" timestamp="2023-02-04T14:07:38 IST" skipped="0">
  <testcase classname="testcases.Frames_Test" name="navigate_to_frames" time="0.214"/>
  <system-out/>
  <testcase classname="testcases.Frames_Test" name="frame1" time="0.308"/>
  <system-out/>
  <testcase classname="testcases.Frames_Test" name="frame2" time="0.222"/>
  <system-out/>
</testsuite> <!-- testcases.Frames_Test -->
