<?xml version="1.0" encoding="UTF-8"?>
<!-- Generated by org.testng.reporters.JUnitReportReporter -->
<testsuite hostname="josh-Latitude-3410" failures="0" tests="8" name="testcases.test_Buttons" time="0.942" errors="0" timestamp="2023-01-16T14:31:39 IST" skipped="1">
  <testcase classname="testcases.test_Buttons" name="doubleClick" time="0.171"/>
  <system-out/>
  <testcase classname="testcases.test_Buttons" name="clickButtons" time="0.194"/>
  <system-out/>
  <testcase classname="testcases.test_Buttons" name="rightClick" time="0.168"/>
  <system-out/>
  <testcase classname="testcases.test_Buttons" name="dynamicClick" time="0.162"/>
  <system-out/>
  <testcase classname="testcases.test_Buttons" name="verifyDoubleClick" time="0.095"/>
  <system-out/>
  <testcase classname="testcases.test_Buttons" name="verifyRightClick" time="0.119"/>
  <system-out/>
  <testcase classname="testcases.test_Buttons" name="verifyDynamicClick" time="0.033"/>
  <system-out/>
  <testcase classname="testcases.test_Buttons" name="verifyBtnText">
    <skipped/>
  </testcase> <!-- verifyBtnText -->
  <system-out/>
</testsuite> <!-- testcases.test_Buttons -->
