<?xml version="1.0" encoding="UTF-8"?>
<!-- Generated by org.testng.reporters.JUnitReportReporter -->
<testsuite hostname="josh-Latitude-3410" failures="0" tests="4" name="excel.utility.Demo" time="0.008" errors="0" timestamp="2023-01-30T12:40:12 IST" skipped="0">
  <testcase classname="excel.utility.Demo" name="signIn" time="0.001"/>
  <system-out/>
  <testcase classname="excel.utility.Demo" name="signIn" time="0.005"/>
  <system-out/>
  <testcase classname="excel.utility.Demo" name="signIn" time="0.001"/>
  <system-out/>
  <testcase classname="excel.utility.Demo" name="signIn" time="0.001"/>
  <system-out/>
</testsuite> <!-- excel.utility.Demo -->
