<?xml version="1.0" encoding="UTF-8"?>
<!-- Generated by org.testng.reporters.JUnitReportReporter -->
<testsuite hostname="josh-Latitude-3410" failures="0" tests="3" name="testcases.NestedFrames_Test" time="0.533" errors="0" timestamp="2023-01-24T15:58:59 IST" skipped="0">
  <testcase classname="testcases.NestedFrames_Test" name="navigate_to_nested_frames" time="0.190"/>
  <system-out/>
  <testcase classname="testcases.NestedFrames_Test" name="outer_frame" time="0.227"/>
  <system-out/>
  <testcase classname="testcases.NestedFrames_Test" name="inner_frame" time="0.116"/>
  <system-out/>
</testsuite> <!-- testcases.NestedFrames_Test -->
