<?xml version="1.0" encoding="UTF-8"?>
<!-- Generated by org.testng.reporters.JUnitReportReporter -->
<testsuite hostname="josh-Latitude-3410" failures="0" tests="3" name="testcases.Test_BrokenLinks" time="2.992" errors="0" timestamp="2023-01-20T12:06:29 IST" skipped="0">
  <testcase classname="testcases.Test_BrokenLinks" name="navigate_to_BrokenLinks" time="0.182"/>
  <system-out/>
  <testcase classname="testcases.Test_BrokenLinks" name="findBrokenLink" time="1.377"/>
  <system-out/>
  <testcase classname="testcases.Test_BrokenLinks" name="findBrokenImages" time="1.433"/>
  <system-out/>
</testsuite> <!-- testcases.Test_BrokenLinks -->
