<?xml version="1.0" encoding="UTF-8"?>
<!-- Generated by org.testng.reporters.JUnitReportReporter -->
<testsuite hostname="josh-Latitude-3410" failures="0" tests="2" name="testcases.test_CheckBox" time="0.369" errors="0" timestamp="2023-01-16T15:39:26 IST" skipped="0">
  <testcase classname="testcases.test_CheckBox" name="verifySelectedCheckBox" time="0.057"/>
  <system-out/>
  <testcase classname="testcases.test_CheckBox" name="clickCheckbox" time="0.312"/>
  <system-out/>
</testsuite> <!-- testcases.test_CheckBox -->
