<?xml version="1.0" encoding="UTF-8"?>
<!-- Generated by org.testng.reporters.JUnitReportReporter -->
<testsuite hostname="josh-Latitude-3410" failures="0" tests="6" name="testcases.Test_SelectMenu" time="1.141" errors="0" timestamp="2023-01-23T12:22:13 IST" skipped="0">
  <testcase classname="testcases.Test_SelectMenu" name="naviagate_to_selectmenu" time="0.209"/>
  <system-out/>
  <testcase classname="testcases.Test_SelectMenu" name="select_dropdown" time="0.087"/>
  <system-out/>
  <testcase classname="testcases.Test_SelectMenu" name="standard_multiselect" time="0.143"/>
  <system-out/>
  <testcase classname="testcases.Test_SelectMenu" name="multi_select" time="0.167"/>
  <system-out/>
  <testcase classname="testcases.Test_SelectMenu" name="value_dropdown" time="0.162"/>
  <system-out/>
  <testcase classname="testcases.Test_SelectMenu" name="one_dropdown" time="0.373"/>
  <system-out/>
</testsuite> <!-- testcases.Test_SelectMenu -->
