<?xml version="1.0" encoding="UTF-8"?>
<!-- Generated by org.testng.reporters.JUnitReportReporter -->
<testsuite hostname="josh-Latitude-3410" failures="0" tests="3" name="testcases.Test_RadioButton" time="0.383" errors="0" timestamp="2023-01-18T15:18:04 IST" skipped="0">
  <testcase classname="testcases.Test_RadioButton" name="clickRadioButton" time="0.304"/>
  <system-out/>
  <testcase classname="testcases.Test_RadioButton" name="verifyResult" time="0.027"/>
  <system-out/>
  <testcase classname="testcases.Test_RadioButton" name="verifyDisabledRadio" time="0.052"/>
  <system-out/>
</testsuite> <!-- testcases.Test_RadioButton -->
