<?xml version="1.0" encoding="UTF-8"?>
<!-- Generated by org.testng.reporters.JUnitReportReporter -->
<testsuite hostname="josh-Latitude-3410" failures="0" tests="3" name="testcases.test_RadioButton" time="0.428" errors="0" timestamp="2023-01-16T14:14:16 IST" skipped="0">
  <testcase classname="testcases.test_RadioButton" name="click_RadioButton" time="0.349"/>
  <system-out/>
  <testcase classname="testcases.test_RadioButton" name="verify_Result" time="0.030"/>
  <system-out/>
  <testcase classname="testcases.test_RadioButton" name="verify_Disabled_Radio" time="0.049"/>
  <system-out/>
</testsuite> <!-- testcases.test_RadioButton -->
