<?xml version="1.0" encoding="UTF-8"?>
<!-- Generated by org.testng.reporters.JUnitReportReporter -->
<testsuite hostname="josh-Latitude-3410" failures="0" tests="3" name="testcases.Test_CheckBox" time="0.211" errors="0" timestamp="2023-01-23T12:27:15 IST" skipped="0">
  <testcase classname="testcases.Test_CheckBox" name="navigate_to_checkbox" time="0.063"/>
  <system-out/>
  <testcase classname="testcases.Test_CheckBox" name="click_checkbox" time="0.078"/>
  <system-out/>
  <testcase classname="testcases.Test_CheckBox" name="verifySelectedCheckBox" time="0.070"/>
  <system-out/>
</testsuite> <!-- testcases.Test_CheckBox -->
