<?xml version="1.0" encoding="UTF-8"?>
<!-- Generated by org.testng.reporters.JUnitReportReporter -->
<testsuite hostname="josh-Latitude-3410" failures="0" tests="4" name="testcases.Webtable_Test" time="1.549" errors="0" timestamp="2023-01-24T11:50:42 IST" skipped="0">
  <testcase classname="testcases.Webtable_Test" name="printRow1" time="0.391"/>
  <system-out/>
  <testcase classname="testcases.Webtable_Test" name="editRow1" time="1.000"/>
  <system-out/>
  <testcase classname="testcases.Webtable_Test" name="submitData" time="0.067"/>
  <system-out/>
  <testcase classname="testcases.Webtable_Test" name="verifyEdits" time="0.091"/>
  <system-out/>
</testsuite> <!-- testcases.Webtable_Test -->
