<?xml version="1.0" encoding="UTF-8"?>
<!-- Generated by org.testng.reporters.JUnitReportReporter -->
<testsuite hostname="josh-Latitude-3410" failures="0" tests="3" name="testcases.Test_Sortable" time="0.307" errors="0" timestamp="2023-01-18T10:42:47 IST" skipped="0">
  <testcase classname="testcases.Test_Sortable" name="navigate_to_sortable" time="0.209"/>
  <system-out/>
  <testcase classname="testcases.Test_Sortable" name="switch_to_grid" time="0.083"/>
  <system-out/>
  <testcase classname="testcases.Test_Sortable" name="verify_grid_elements" time="0.015"/>
  <system-out/>
</testsuite> <!-- testcases.Test_Sortable -->
