<?xml version="1.0" encoding="UTF-8"?>
<!-- Generated by org.testng.reporters.JUnitReportReporter -->
<testsuite hostname="josh-Latitude-3410" failures="0" tests="5" name="testcases.Slider_Test" time="0.674" errors="0" timestamp="2023-01-24T10:53:20 IST" skipped="0">
  <testcase classname="testcases.Slider_Test" name="navigate_to_slider" time="0.184"/>
  <system-out/>
  <testcase classname="testcases.Slider_Test" name="get_slider_location" time="0.036"/>
  <system-out/>
  <testcase classname="testcases.Slider_Test" name="drag_drop_slider" time="0.424"/>
  <system-out/>
  <testcase classname="testcases.Slider_Test" name="slider_location_after_drag" time="0.028"/>
  <system-out/>
  <testcase classname="testcases.Slider_Test" name="verify_dragdrop_successful" time="0.002"/>
  <system-out/>
</testsuite> <!-- testcases.Slider_Test -->
