<?xml version="1.0" encoding="UTF-8"?>
<!-- Generated by org.testng.reporters.JUnitReportReporter -->
<testsuite hostname="josh-Latitude-3410" failures="0" tests="7" name="com.toolsQA.testCases.WidgetsPageTest" time="3.516" errors="0" timestamp="2023-01-13T16:48:48 IST" skipped="1">
  <testcase classname="com.toolsQA.testCases.WidgetsPageTest" name="accordianTest" time="0.220"/>
  <system-out/>
  <testcase classname="com.toolsQA.testCases.WidgetsPageTest" name="datePickerTest" time="1.116"/>
  <system-out/>
  <testcase classname="com.toolsQA.testCases.WidgetsPageTest" name="progressBarTest" time="0.173"/>
  <system-out/>
  <testcase classname="com.toolsQA.testCases.WidgetsPageTest" name="tabsTest" time="0.179"/>
  <system-out/>
  <testcase classname="com.toolsQA.testCases.WidgetsPageTest" name="toolTipsTest" time="0.365"/>
  <system-out/>
  <testcase classname="com.toolsQA.testCases.WidgetsPageTest" name="menu" time="1.463"/>
  <system-out/>
  <testcase classname="com.toolsQA.testCases.WidgetsPageTest" name="sliderTest">
    <skipped/>
  </testcase> <!-- sliderTest -->
  <system-out/>
</testsuite> <!-- com.toolsQA.testCases.WidgetsPageTest -->
