<?xml version="1.0" encoding="UTF-8"?>
<!-- Generated by org.testng.reporters.JUnitReportReporter -->
<testsuite hostname="josh-Latitude-3410" failures="0" tests="2" name="com.toolsQA.testCases.DemoTest" time="0.814" errors="0" timestamp="2023-01-06T12:34:22 IST" skipped="0">
  <testcase classname="com.toolsQA.testCases.DemoTest" name="textBox" time="0.652"/>
  <system-out/>
  <testcase classname="com.toolsQA.testCases.DemoTest" name="clickElement" time="0.162"/>
  <system-out/>
</testsuite> <!-- com.toolsQA.testCases.DemoTest -->
