<?xml version="1.0" encoding="UTF-8"?>
<!-- Generated by org.testng.reporters.JUnitReportReporter -->
<testsuite hostname="josh-Latitude-3410" failures="0" tests="1" name="com.toolsQA.testCases.TabsDemo" time="0.495" errors="0" timestamp="2023-01-10T12:34:57 IST" skipped="0">
  <testcase classname="com.toolsQA.testCases.TabsDemo" name="test" time="0.495"/>
  <system-out/>
</testsuite> <!-- com.toolsQA.testCases.TabsDemo -->
