<?xml version="1.0" encoding="UTF-8"?>
<!-- Generated by org.testng.reporters.JUnitReportReporter -->
<testsuite hostname="josh-Latitude-3410" failures="0" tests="5" name="com.toolsQA.testCases.AlertsWindowsFramesTest" time="7.066" errors="0" timestamp="2023-01-12T14:49:30 IST" skipped="0">
  <testcase classname="com.toolsQA.testCases.AlertsWindowsFramesTest" name="windowsTest" time="0.564"/>
  <system-out/>
  <testcase classname="com.toolsQA.testCases.AlertsWindowsFramesTest" name="alertsTest" time="5.496"/>
  <system-out/>
  <testcase classname="com.toolsQA.testCases.AlertsWindowsFramesTest" name="framesTest" time="0.349"/>
  <system-out/>
  <testcase classname="com.toolsQA.testCases.AlertsWindowsFramesTest" name="nestedFramesTest" time="0.290"/>
  <system-out/>
  <testcase classname="com.toolsQA.testCases.AlertsWindowsFramesTest" name="modalTest" time="0.367"/>
  <system-out/>
</testsuite> <!-- com.toolsQA.testCases.AlertsWindowsFramesTest -->
