<?xml version="1.0" encoding="UTF-8"?>
<testsuite xmlns:xsi="http://www.w3.org/2001/XMLSchema-instance" xsi:noNamespaceSchemaLocation="https://maven.apache.org/surefire/maven-surefire-plugin/xsd/surefire-test-report-3.0.xsd" version="3.0" name="TestSuite" time="376.472" tests="201" errors="0" skipped="0" failures="3">
  <properties>
    <property name="sun.desktop" value="gnome"/>
    <property name="awt.toolkit" value="sun.awt.X11.XToolkit"/>
    <property name="java.specification.version" value="11"/>
    <property name="webdriver.chrome.driver" value="/home/josh/eclipse-workspace/Test_Project/Drivers/chromedriver"/>
    <property name="sun.cpu.isalist" value=""/>
    <property name="sun.jnu.encoding" value="UTF-8"/>
    <property name="java.class.path" value="/home/josh/eclipse-workspace/Test_Project/target/test-classes:/home/josh/eclipse-workspace/Test_Project/target/classes:/home/josh/.m2/repository/org/seleniumhq/selenium/selenium-java/4.7.2/selenium-java-4.7.2.jar:/home/josh/.m2/repository/org/seleniumhq/selenium/selenium-api/4.7.2/selenium-api-4.7.2.jar:/home/josh/.m2/repository/org/seleniumhq/selenium/selenium-chrome-driver/4.7.2/selenium-chrome-driver-4.7.2.jar:/home/josh/.m2/repository/com/google/auto/service/auto-service-annotations/1.0.1/auto-service-annotations-1.0.1.jar:/home/josh/.m2/repository/com/google/auto/service/auto-service/1.0.1/auto-service-1.0.1.jar:/home/josh/.m2/repository/com/google/auto/auto-common/1.2/auto-common-1.2.jar:/home/josh/.m2/repository/com/google/guava/guava/31.1-jre/guava-31.1-jre.jar:/home/josh/.m2/repository/com/google/guava/failureaccess/1.0.1/failureaccess-1.0.1.jar:/home/josh/.m2/repository/com/google/guava/listenablefuture/9999.0-empty-to-avoid-conflict-with-guava/listenablefuture-9999.0-empty-to-avoid-conflict-with-guava.jar:/home/josh/.m2/repository/com/google/code/findbugs/jsr305/3.0.2/jsr305-3.0.2.jar:/home/josh/.m2/repository/org/checkerframework/checker-qual/3.12.0/checker-qual-3.12.0.jar:/home/josh/.m2/repository/com/google/errorprone/error_prone_annotations/2.11.0/error_prone_annotations-2.11.0.jar:/home/josh/.m2/repository/com/google/j2objc/j2objc-annotations/1.3/j2objc-annotations-1.3.jar:/home/josh/.m2/repository/org/seleniumhq/selenium/selenium-chromium-driver/4.7.2/selenium-chromium-driver-4.7.2.jar:/home/josh/.m2/repository/org/seleniumhq/selenium/selenium-json/4.7.2/selenium-json-4.7.2.jar:/home/josh/.m2/repository/org/seleniumhq/selenium/selenium-devtools-v106/4.7.2/selenium-devtools-v106-4.7.2.jar:/home/josh/.m2/repository/org/seleniumhq/selenium/selenium-devtools-v107/4.7.2/selenium-devtools-v107-4.7.2.jar:/home/josh/.m2/repository/org/seleniumhq/selenium/selenium-devtools-v108/4.7.2/selenium-devtools-v108-4.7.2.jar:/home/josh/.m2/repository/org/seleniumhq/selenium/selenium-devtools-v85/4.7.2/selenium-devtools-v85-4.7.2.jar:/home/josh/.m2/repository/org/seleniumhq/selenium/selenium-edge-driver/4.7.2/selenium-edge-driver-4.7.2.jar:/home/josh/.m2/repository/org/seleniumhq/selenium/selenium-firefox-driver/4.7.2/selenium-firefox-driver-4.7.2.jar:/home/josh/.m2/repository/org/seleniumhq/selenium/selenium-http/4.7.2/selenium-http-4.7.2.jar:/home/josh/.m2/repository/dev/failsafe/failsafe/3.3.0/failsafe-3.3.0.jar:/home/josh/.m2/repository/org/seleniumhq/selenium/selenium-ie-driver/4.7.2/selenium-ie-driver-4.7.2.jar:/home/josh/.m2/repository/org/seleniumhq/selenium/selenium-remote-driver/4.7.2/selenium-remote-driver-4.7.2.jar:/home/josh/.m2/repository/io/netty/netty-buffer/4.1.84.Final/netty-buffer-4.1.84.Final.jar:/home/josh/.m2/repository/io/netty/netty-codec-http/4.1.84.Final/netty-codec-http-4.1.84.Final.jar:/home/josh/.m2/repository/io/netty/netty-codec/4.1.84.Final/netty-codec-4.1.84.Final.jar:/home/josh/.m2/repository/io/netty/netty-handler/4.1.84.Final/netty-handler-4.1.84.Final.jar:/home/josh/.m2/repository/io/netty/netty-common/4.1.84.Final/netty-common-4.1.84.Final.jar:/home/josh/.m2/repository/io/netty/netty-transport-classes-epoll/4.1.84.Final/netty-transport-classes-epoll-4.1.84.Final.jar:/home/josh/.m2/repository/io/netty/netty-transport-classes-kqueue/4.1.84.Final/netty-transport-classes-kqueue-4.1.84.Final.jar:/home/josh/.m2/repository/io/netty/netty-transport-native-epoll/4.1.84.Final/netty-transport-native-epoll-4.1.84.Final.jar:/home/josh/.m2/repository/io/netty/netty-transport-native-kqueue/4.1.84.Final/netty-transport-native-kqueue-4.1.84.Final.jar:/home/josh/.m2/repository/io/netty/netty-transport-native-unix-common/4.1.84.Final/netty-transport-native-unix-common-4.1.84.Final.jar:/home/josh/.m2/repository/io/netty/netty-transport/4.1.84.Final/netty-transport-4.1.84.Final.jar:/home/josh/.m2/repository/io/netty/netty-resolver/4.1.84.Final/netty-resolver-4.1.84.Final.jar:/home/josh/.m2/repository/io/opentelemetry/opentelemetry-api/1.19.0/opentelemetry-api-1.19.0.jar:/home/josh/.m2/repository/io/opentelemetry/opentelemetry-context/1.19.0/opentelemetry-context-1.19.0.jar:/home/josh/.m2/repository/io/opentelemetry/opentelemetry-exporter-logging/1.19.0/opentelemetry-exporter-logging-1.19.0.jar:/home/josh/.m2/repository/io/opentelemetry/opentelemetry-sdk-metrics/1.19.0/opentelemetry-sdk-metrics-1.19.0.jar:/home/josh/.m2/repository/io/opentelemetry/opentelemetry-sdk-logs/1.19.0-alpha/opentelemetry-sdk-logs-1.19.0-alpha.jar:/home/josh/.m2/repository/io/opentelemetry/opentelemetry-api-logs/1.19.0-alpha/opentelemetry-api-logs-1.19.0-alpha.jar:/home/josh/.m2/repository/io/opentelemetry/opentelemetry-sdk-common/1.19.0/opentelemetry-sdk-common-1.19.0.jar:/home/josh/.m2/repository/io/opentelemetry/opentelemetry-sdk-extension-autoconfigure-spi/1.19.0/opentelemetry-sdk-extension-autoconfigure-spi-1.19.0.jar:/home/josh/.m2/repository/io/opentelemetry/opentelemetry-sdk-extension-autoconfigure/1.19.0-alpha/opentelemetry-sdk-extension-autoconfigure-1.19.0-alpha.jar:/home/josh/.m2/repository/io/opentelemetry/opentelemetry-exporter-common/1.19.0/opentelemetry-exporter-common-1.19.0.jar:/home/josh/.m2/repository/io/opentelemetry/opentelemetry-sdk-trace/1.19.0/opentelemetry-sdk-trace-1.19.0.jar:/home/josh/.m2/repository/io/opentelemetry/opentelemetry-sdk/1.19.0/opentelemetry-sdk-1.19.0.jar:/home/josh/.m2/repository/io/opentelemetry/opentelemetry-semconv/1.19.0-alpha/opentelemetry-semconv-1.19.0-alpha.jar:/home/josh/.m2/repository/io/ous/jtoml/2.0.0/jtoml-2.0.0.jar:/home/josh/.m2/repository/net/bytebuddy/byte-buddy/1.12.18/byte-buddy-1.12.18.jar:/home/josh/.m2/repository/org/apache/commons/commons-exec/1.3/commons-exec-1.3.jar:/home/josh/.m2/repository/org/asynchttpclient/async-http-client/2.12.3/async-http-client-2.12.3.jar:/home/josh/.m2/repository/org/asynchttpclient/async-http-client-netty-utils/2.12.3/async-http-client-netty-utils-2.12.3.jar:/home/josh/.m2/repository/io/netty/netty-codec-socks/4.1.60.Final/netty-codec-socks-4.1.60.Final.jar:/home/josh/.m2/repository/io/netty/netty-handler-proxy/4.1.60.Final/netty-handler-proxy-4.1.60.Final.jar:/home/josh/.m2/repository/io/netty/netty-transport-native-epoll/4.1.60.Final/netty-transport-native-epoll-4.1.60.Final-linux-x86_64.jar:/home/josh/.m2/repository/io/netty/netty-transport-native-kqueue/4.1.60.Final/netty-transport-native-kqueue-4.1.60.Final-osx-x86_64.jar:/home/josh/.m2/repository/com/typesafe/netty/netty-reactive-streams/2.0.4/netty-reactive-streams-2.0.4.jar:/home/josh/.m2/repository/com/sun/activation/jakarta.activation/1.2.2/jakarta.activation-1.2.2.jar:/home/josh/.m2/repository/org/seleniumhq/selenium/selenium-manager/4.7.2/selenium-manager-4.7.2.jar:/home/josh/.m2/repository/org/seleniumhq/selenium/selenium-safari-driver/4.7.2/selenium-safari-driver-4.7.2.jar:/home/josh/.m2/repository/org/seleniumhq/selenium/selenium-support/4.7.2/selenium-support-4.7.2.jar:/home/josh/.m2/repository/org/testng/testng/7.7.1/testng-7.7.1.jar:/home/josh/.m2/repository/org/slf4j/slf4j-api/1.7.36/slf4j-api-1.7.36.jar:/home/josh/.m2/repository/com/beust/jcommander/1.82/jcommander-1.82.jar:/home/josh/.m2/repository/org/webjars/jquery/3.6.1/jquery-3.6.1.jar:/home/josh/.m2/repository/commons-io/commons-io/2.11.0/commons-io-2.11.0.jar:/home/josh/.m2/repository/org/apache/poi/poi/5.2.3/poi-5.2.3.jar:/home/josh/.m2/repository/commons-codec/commons-codec/1.15/commons-codec-1.15.jar:/home/josh/.m2/repository/org/apache/commons/commons-collections4/4.4/commons-collections4-4.4.jar:/home/josh/.m2/repository/org/apache/commons/commons-math3/3.6.1/commons-math3-3.6.1.jar:/home/josh/.m2/repository/com/zaxxer/SparseBitSet/1.2/SparseBitSet-1.2.jar:/home/josh/.m2/repository/org/apache/poi/poi-ooxml/5.2.3/poi-ooxml-5.2.3.jar:/home/josh/.m2/repository/org/apache/poi/poi-ooxml-lite/5.2.3/poi-ooxml-lite-5.2.3.jar:/home/josh/.m2/repository/org/apache/xmlbeans/xmlbeans/5.1.1/xmlbeans-5.1.1.jar:/home/josh/.m2/repository/org/apache/commons/commons-compress/1.21/commons-compress-1.21.jar:/home/josh/.m2/repository/com/github/virtuald/curvesapi/1.07/curvesapi-1.07.jar:/home/josh/.m2/repository/com/aventstack/extentreports/5.0.9/extentreports-5.0.9.jar:/home/josh/.m2/repository/io/reactivex/rxjava3/rxjava/3.0.4/rxjava-3.0.4.jar:/home/josh/.m2/repository/org/reactivestreams/reactive-streams/1.0.3/reactive-streams-1.0.3.jar:/home/josh/.m2/repository/org/freemarker/freemarker/2.3.30/freemarker-2.3.30.jar:/home/josh/.m2/repository/org/projectlombok/lombok/1.18.12/lombok-1.18.12.jar:/home/josh/.m2/repository/com/google/code/gson/gson/2.8.6/gson-2.8.6.jar:/home/josh/.m2/repository/org/apache/commons/commons-lang3/3.12.0/commons-lang3-3.12.0.jar:/home/josh/.m2/repository/org/apache/logging/log4j/log4j-core/2.19.0/log4j-core-2.19.0.jar:/home/josh/.m2/repository/org/apache/logging/log4j/log4j-api/2.19.0/log4j-api-2.19.0.jar:/home/josh/.m2/repository/org/apache/httpcomponents/httpclient/4.5.14/httpclient-4.5.14.jar:/home/josh/.m2/repository/org/apache/httpcomponents/httpcore/4.4.16/httpcore-4.4.16.jar:/home/josh/.m2/repository/commons-logging/commons-logging/1.2/commons-logging-1.2.jar:"/>
    <property name="java.vm.vendor" value="Ubuntu"/>
    <property name="sun.arch.data.model" value="64"/>
    <property name="java.vendor.url" value="https://ubuntu.com/"/>
    <property name="user.timezone" value="Asia/Kolkata"/>
    <property name="java.vm.specification.version" value="11"/>
    <property name="os.name" value="Linux"/>
    <property name="sun.java.launcher" value="SUN_STANDARD"/>
    <property name="user.country" value="IN"/>
    <property name="sun.boot.library.path" value="/usr/lib/jvm/java-11-openjdk-amd64/lib"/>
    <property name="sun.java.command" value="/home/josh/eclipse-workspace/Test_Project/target/surefire/surefirebooter-20230124105359499_3.jar /home/josh/eclipse-workspace/Test_Project/target/surefire 2023-01-24T10-53-59_307-jvmRun1 surefire-20230124105359499_1tmp surefire_0-20230124105359499_2tmp"/>
    <property name="jdk.debug" value="release"/>
    <property name="surefire.test.class.path" value="/home/josh/eclipse-workspace/Test_Project/target/test-classes:/home/josh/eclipse-workspace/Test_Project/target/classes:/home/josh/.m2/repository/org/seleniumhq/selenium/selenium-java/4.7.2/selenium-java-4.7.2.jar:/home/josh/.m2/repository/org/seleniumhq/selenium/selenium-api/4.7.2/selenium-api-4.7.2.jar:/home/josh/.m2/repository/org/seleniumhq/selenium/selenium-chrome-driver/4.7.2/selenium-chrome-driver-4.7.2.jar:/home/josh/.m2/repository/com/google/auto/service/auto-service-annotations/1.0.1/auto-service-annotations-1.0.1.jar:/home/josh/.m2/repository/com/google/auto/service/auto-service/1.0.1/auto-service-1.0.1.jar:/home/josh/.m2/repository/com/google/auto/auto-common/1.2/auto-common-1.2.jar:/home/josh/.m2/repository/com/google/guava/guava/31.1-jre/guava-31.1-jre.jar:/home/josh/.m2/repository/com/google/guava/failureaccess/1.0.1/failureaccess-1.0.1.jar:/home/josh/.m2/repository/com/google/guava/listenablefuture/9999.0-empty-to-avoid-conflict-with-guava/listenablefuture-9999.0-empty-to-avoid-conflict-with-guava.jar:/home/josh/.m2/repository/com/google/code/findbugs/jsr305/3.0.2/jsr305-3.0.2.jar:/home/josh/.m2/repository/org/checkerframework/checker-qual/3.12.0/checker-qual-3.12.0.jar:/home/josh/.m2/repository/com/google/errorprone/error_prone_annotations/2.11.0/error_prone_annotations-2.11.0.jar:/home/josh/.m2/repository/com/google/j2objc/j2objc-annotations/1.3/j2objc-annotations-1.3.jar:/home/josh/.m2/repository/org/seleniumhq/selenium/selenium-chromium-driver/4.7.2/selenium-chromium-driver-4.7.2.jar:/home/josh/.m2/repository/org/seleniumhq/selenium/selenium-json/4.7.2/selenium-json-4.7.2.jar:/home/josh/.m2/repository/org/seleniumhq/selenium/selenium-devtools-v106/4.7.2/selenium-devtools-v106-4.7.2.jar:/home/josh/.m2/repository/org/seleniumhq/selenium/selenium-devtools-v107/4.7.2/selenium-devtools-v107-4.7.2.jar:/home/josh/.m2/repository/org/seleniumhq/selenium/selenium-devtools-v108/4.7.2/selenium-devtools-v108-4.7.2.jar:/home/josh/.m2/repository/org/seleniumhq/selenium/selenium-devtools-v85/4.7.2/selenium-devtools-v85-4.7.2.jar:/home/josh/.m2/repository/org/seleniumhq/selenium/selenium-edge-driver/4.7.2/selenium-edge-driver-4.7.2.jar:/home/josh/.m2/repository/org/seleniumhq/selenium/selenium-firefox-driver/4.7.2/selenium-firefox-driver-4.7.2.jar:/home/josh/.m2/repository/org/seleniumhq/selenium/selenium-http/4.7.2/selenium-http-4.7.2.jar:/home/josh/.m2/repository/dev/failsafe/failsafe/3.3.0/failsafe-3.3.0.jar:/home/josh/.m2/repository/org/seleniumhq/selenium/selenium-ie-driver/4.7.2/selenium-ie-driver-4.7.2.jar:/home/josh/.m2/repository/org/seleniumhq/selenium/selenium-remote-driver/4.7.2/selenium-remote-driver-4.7.2.jar:/home/josh/.m2/repository/io/netty/netty-buffer/4.1.84.Final/netty-buffer-4.1.84.Final.jar:/home/josh/.m2/repository/io/netty/netty-codec-http/4.1.84.Final/netty-codec-http-4.1.84.Final.jar:/home/josh/.m2/repository/io/netty/netty-codec/4.1.84.Final/netty-codec-4.1.84.Final.jar:/home/josh/.m2/repository/io/netty/netty-handler/4.1.84.Final/netty-handler-4.1.84.Final.jar:/home/josh/.m2/repository/io/netty/netty-common/4.1.84.Final/netty-common-4.1.84.Final.jar:/home/josh/.m2/repository/io/netty/netty-transport-classes-epoll/4.1.84.Final/netty-transport-classes-epoll-4.1.84.Final.jar:/home/josh/.m2/repository/io/netty/netty-transport-classes-kqueue/4.1.84.Final/netty-transport-classes-kqueue-4.1.84.Final.jar:/home/josh/.m2/repository/io/netty/netty-transport-native-epoll/4.1.84.Final/netty-transport-native-epoll-4.1.84.Final.jar:/home/josh/.m2/repository/io/netty/netty-transport-native-kqueue/4.1.84.Final/netty-transport-native-kqueue-4.1.84.Final.jar:/home/josh/.m2/repository/io/netty/netty-transport-native-unix-common/4.1.84.Final/netty-transport-native-unix-common-4.1.84.Final.jar:/home/josh/.m2/repository/io/netty/netty-transport/4.1.84.Final/netty-transport-4.1.84.Final.jar:/home/josh/.m2/repository/io/netty/netty-resolver/4.1.84.Final/netty-resolver-4.1.84.Final.jar:/home/josh/.m2/repository/io/opentelemetry/opentelemetry-api/1.19.0/opentelemetry-api-1.19.0.jar:/home/josh/.m2/repository/io/opentelemetry/opentelemetry-context/1.19.0/opentelemetry-context-1.19.0.jar:/home/josh/.m2/repository/io/opentelemetry/opentelemetry-exporter-logging/1.19.0/opentelemetry-exporter-logging-1.19.0.jar:/home/josh/.m2/repository/io/opentelemetry/opentelemetry-sdk-metrics/1.19.0/opentelemetry-sdk-metrics-1.19.0.jar:/home/josh/.m2/repository/io/opentelemetry/opentelemetry-sdk-logs/1.19.0-alpha/opentelemetry-sdk-logs-1.19.0-alpha.jar:/home/josh/.m2/repository/io/opentelemetry/opentelemetry-api-logs/1.19.0-alpha/opentelemetry-api-logs-1.19.0-alpha.jar:/home/josh/.m2/repository/io/opentelemetry/opentelemetry-sdk-common/1.19.0/opentelemetry-sdk-common-1.19.0.jar:/home/josh/.m2/repository/io/opentelemetry/opentelemetry-sdk-extension-autoconfigure-spi/1.19.0/opentelemetry-sdk-extension-autoconfigure-spi-1.19.0.jar:/home/josh/.m2/repository/io/opentelemetry/opentelemetry-sdk-extension-autoconfigure/1.19.0-alpha/opentelemetry-sdk-extension-autoconfigure-1.19.0-alpha.jar:/home/josh/.m2/repository/io/opentelemetry/opentelemetry-exporter-common/1.19.0/opentelemetry-exporter-common-1.19.0.jar:/home/josh/.m2/repository/io/opentelemetry/opentelemetry-sdk-trace/1.19.0/opentelemetry-sdk-trace-1.19.0.jar:/home/josh/.m2/repository/io/opentelemetry/opentelemetry-sdk/1.19.0/opentelemetry-sdk-1.19.0.jar:/home/josh/.m2/repository/io/opentelemetry/opentelemetry-semconv/1.19.0-alpha/opentelemetry-semconv-1.19.0-alpha.jar:/home/josh/.m2/repository/io/ous/jtoml/2.0.0/jtoml-2.0.0.jar:/home/josh/.m2/repository/net/bytebuddy/byte-buddy/1.12.18/byte-buddy-1.12.18.jar:/home/josh/.m2/repository/org/apache/commons/commons-exec/1.3/commons-exec-1.3.jar:/home/josh/.m2/repository/org/asynchttpclient/async-http-client/2.12.3/async-http-client-2.12.3.jar:/home/josh/.m2/repository/org/asynchttpclient/async-http-client-netty-utils/2.12.3/async-http-client-netty-utils-2.12.3.jar:/home/josh/.m2/repository/io/netty/netty-codec-socks/4.1.60.Final/netty-codec-socks-4.1.60.Final.jar:/home/josh/.m2/repository/io/netty/netty-handler-proxy/4.1.60.Final/netty-handler-proxy-4.1.60.Final.jar:/home/josh/.m2/repository/io/netty/netty-transport-native-epoll/4.1.60.Final/netty-transport-native-epoll-4.1.60.Final-linux-x86_64.jar:/home/josh/.m2/repository/io/netty/netty-transport-native-kqueue/4.1.60.Final/netty-transport-native-kqueue-4.1.60.Final-osx-x86_64.jar:/home/josh/.m2/repository/com/typesafe/netty/netty-reactive-streams/2.0.4/netty-reactive-streams-2.0.4.jar:/home/josh/.m2/repository/com/sun/activation/jakarta.activation/1.2.2/jakarta.activation-1.2.2.jar:/home/josh/.m2/repository/org/seleniumhq/selenium/selenium-manager/4.7.2/selenium-manager-4.7.2.jar:/home/josh/.m2/repository/org/seleniumhq/selenium/selenium-safari-driver/4.7.2/selenium-safari-driver-4.7.2.jar:/home/josh/.m2/repository/org/seleniumhq/selenium/selenium-support/4.7.2/selenium-support-4.7.2.jar:/home/josh/.m2/repository/org/testng/testng/7.7.1/testng-7.7.1.jar:/home/josh/.m2/repository/org/slf4j/slf4j-api/1.7.36/slf4j-api-1.7.36.jar:/home/josh/.m2/repository/com/beust/jcommander/1.82/jcommander-1.82.jar:/home/josh/.m2/repository/org/webjars/jquery/3.6.1/jquery-3.6.1.jar:/home/josh/.m2/repository/commons-io/commons-io/2.11.0/commons-io-2.11.0.jar:/home/josh/.m2/repository/org/apache/poi/poi/5.2.3/poi-5.2.3.jar:/home/josh/.m2/repository/commons-codec/commons-codec/1.15/commons-codec-1.15.jar:/home/josh/.m2/repository/org/apache/commons/commons-collections4/4.4/commons-collections4-4.4.jar:/home/josh/.m2/repository/org/apache/commons/commons-math3/3.6.1/commons-math3-3.6.1.jar:/home/josh/.m2/repository/com/zaxxer/SparseBitSet/1.2/SparseBitSet-1.2.jar:/home/josh/.m2/repository/org/apache/poi/poi-ooxml/5.2.3/poi-ooxml-5.2.3.jar:/home/josh/.m2/repository/org/apache/poi/poi-ooxml-lite/5.2.3/poi-ooxml-lite-5.2.3.jar:/home/josh/.m2/repository/org/apache/xmlbeans/xmlbeans/5.1.1/xmlbeans-5.1.1.jar:/home/josh/.m2/repository/org/apache/commons/commons-compress/1.21/commons-compress-1.21.jar:/home/josh/.m2/repository/com/github/virtuald/curvesapi/1.07/curvesapi-1.07.jar:/home/josh/.m2/repository/com/aventstack/extentreports/5.0.9/extentreports-5.0.9.jar:/home/josh/.m2/repository/io/reactivex/rxjava3/rxjava/3.0.4/rxjava-3.0.4.jar:/home/josh/.m2/repository/org/reactivestreams/reactive-streams/1.0.3/reactive-streams-1.0.3.jar:/home/josh/.m2/repository/org/freemarker/freemarker/2.3.30/freemarker-2.3.30.jar:/home/josh/.m2/repository/org/projectlombok/lombok/1.18.12/lombok-1.18.12.jar:/home/josh/.m2/repository/com/google/code/gson/gson/2.8.6/gson-2.8.6.jar:/home/josh/.m2/repository/org/apache/commons/commons-lang3/3.12.0/commons-lang3-3.12.0.jar:/home/josh/.m2/repository/org/apache/logging/log4j/log4j-core/2.19.0/log4j-core-2.19.0.jar:/home/josh/.m2/repository/org/apache/logging/log4j/log4j-api/2.19.0/log4j-api-2.19.0.jar:/home/josh/.m2/repository/org/apache/httpcomponents/httpclient/4.5.14/httpclient-4.5.14.jar:/home/josh/.m2/repository/org/apache/httpcomponents/httpcore/4.4.16/httpcore-4.4.16.jar:/home/josh/.m2/repository/commons-logging/commons-logging/1.2/commons-logging-1.2.jar:"/>
    <property name="sun.cpu.endian" value="little"/>
    <property name="user.home" value="/home/josh"/>
    <property name="user.language" value="en"/>
    <property name="java.specification.vendor" value="Oracle Corporation"/>
    <property name="java.version.date" value="2022-10-18"/>
    <property name="java.home" value="/usr/lib/jvm/java-11-openjdk-amd64"/>
    <property name="file.separator" value="/"/>
    <property name="basedir" value="/home/josh/eclipse-workspace/Test_Project"/>
    <property name="java.vm.compressedOopsMode" value="Zero based"/>
    <property name="line.separator" value="&#10;"/>
    <property name="java.specification.name" value="Java Platform API Specification"/>
    <property name="java.vm.specification.vendor" value="Oracle Corporation"/>
    <property name="java.awt.graphicsenv" value="sun.awt.X11GraphicsEnvironment"/>
    <property name="surefire.real.class.path" value="/home/josh/eclipse-workspace/Test_Project/target/surefire/surefirebooter-20230124105359499_3.jar"/>
    <property name="sun.management.compiler" value="HotSpot 64-Bit Tiered Compilers"/>
    <property name="java.runtime.version" value="11.0.17+8-post-Ubuntu-1ubuntu220.04"/>
    <property name="user.name" value="josh"/>
    <property name="path.separator" value=":"/>
    <property name="os.version" value="5.14.0-1056-oem"/>
    <property name="java.runtime.name" value="OpenJDK Runtime Environment"/>
    <property name="file.encoding" value="UTF-8"/>
    <property name="java.vm.name" value="OpenJDK 64-Bit Server VM"/>
    <property name="localRepository" value="/home/josh/.m2/repository"/>
    <property name="java.vendor.url.bug" value="https://bugs.launchpad.net/ubuntu/+source/openjdk-lts"/>
    <property name="java.io.tmpdir" value="/tmp"/>
    <property name="java.version" value="11.0.17"/>
    <property name="user.dir" value="/home/josh/eclipse-workspace/Test_Project"/>
    <property name="os.arch" value="amd64"/>
    <property name="java.vm.specification.name" value="Java Virtual Machine Specification"/>
    <property name="java.awt.printerjob" value="sun.print.PSPrinterJob"/>
    <property name="sun.os.patch.level" value="unknown"/>
    <property name="java.library.path" value="/usr/java/packages/lib:/usr/lib/x86_64-linux-gnu/jni:/lib/x86_64-linux-gnu:/usr/lib/x86_64-linux-gnu:/usr/lib/jni:/lib:/usr/lib"/>
    <property name="java.vm.info" value="mixed mode, sharing"/>
    <property name="java.vendor" value="Ubuntu"/>
    <property name="java.vm.version" value="11.0.17+8-post-Ubuntu-1ubuntu220.04"/>
    <property name="sun.io.unicode.encoding" value="UnicodeLittle"/>
    <property name="java.class.version" value="55.0"/>
  </properties>
  <testcase name="navigate_to_sortable" classname="testcases.Sortable_Test" time="0.2">
    <system-err><![CDATA[SLF4J: Failed to load class "org.slf4j.impl.StaticLoggerBinder".
SLF4J: Defaulting to no-operation (NOP) logger implementation
SLF4J: See http://www.slf4j.org/codes.html#StaticLoggerBinder for further details.
Starting ChromeDriver 108.0.5359.71 (1e0e3868ee06e91ad636a874420e3ca3ae3756ac-refs/branch-heads/5359@{#1016}) on port 13808
Only local connections are allowed.
Please see https://chromedriver.chromium.org/security-considerations for suggestions on keeping ChromeDriver safe.
ChromeDriver was started successfully.
]]></system-err>
  </testcase>
  <testcase name="switch_to_grid" classname="testcases.Sortable_Test" time="0.085"/>
  <testcase name="verify_grid_elements" classname="testcases.Sortable_Test" time="0.015"/>
  <testcase name="switch_to_list" classname="testcases.Sortable_Test" time="0.055"/>
  <testcase name="verify_list_elements" classname="testcases.Sortable_Test" time="0.012"/>
  <testcase name="navigate_to_modal_dialogs" classname="testcases.Modals_Test" time="0.183">
    <system-err><![CDATA[Starting ChromeDriver 108.0.5359.71 (1e0e3868ee06e91ad636a874420e3ca3ae3756ac-refs/branch-heads/5359@{#1016}) on port 2072
Only local connections are allowed.
Please see https://chromedriver.chromium.org/security-considerations for suggestions on keeping ChromeDriver safe.
ChromeDriver was started successfully.
]]></system-err>
  </testcase>
  <testcase name="open_small_modal" classname="testcases.Modals_Test" time="0.054"/>
  <testcase name="verify_small_modal_text" classname="testcases.Modals_Test" time="0.041"/>
  <testcase name="close_small_modal" classname="testcases.Modals_Test" time="0.046"/>
  <testcase name="open_large_modal" classname="testcases.Modals_Test" time="0.075"/>
  <testcase name="verify_large_modal_text" classname="testcases.Modals_Test" time="0.074"/>
  <testcase name="close_large_modal" classname="testcases.Modals_Test" time="0.048"/>
  <testcase name="navigate_to_tooltips" classname="testcases.ToolTips_Test" time="0.182">
    <system-err><![CDATA[Starting ChromeDriver 108.0.5359.71 (1e0e3868ee06e91ad636a874420e3ca3ae3756ac-refs/branch-heads/5359@{#1016}) on port 22637
Only local connections are allowed.
Please see https://chromedriver.chromium.org/security-considerations for suggestions on keeping ChromeDriver safe.
ChromeDriver was started successfully.
]]></system-err>
  </testcase>
  <testcase name="hover_over_button" classname="testcases.ToolTips_Test" time="0.138"/>
  <testcase name="hover_over_textbox" classname="testcases.ToolTips_Test" time="0.175"/>
  <testcase name="navigate_to_practiceform" classname="testcases.PracticeForm_Test" time="0.234">
    <system-err><![CDATA[Starting ChromeDriver 108.0.5359.71 (1e0e3868ee06e91ad636a874420e3ca3ae3756ac-refs/branch-heads/5359@{#1016}) on port 12779
Only local connections are allowed.
Please see https://chromedriver.chromium.org/security-considerations for suggestions on keeping ChromeDriver safe.
ChromeDriver was started successfully.
]]></system-err>
  </testcase>
  <testcase name="verify_name_label" classname="testcases.PracticeForm_Test" time="0.03"/>
  <testcase name="verify_email_label" classname="testcases.PracticeForm_Test" time="0.027"/>
  <testcase name="verify_gender_label" classname="testcases.PracticeForm_Test" time="0.024"/>
  <testcase name="verify_mobile_label" classname="testcases.PracticeForm_Test" time="0.025"/>
  <testcase name="verify_birthdate_label" classname="testcases.PracticeForm_Test" time="0.023"/>
  <testcase name="verify_subjects_label" classname="testcases.PracticeForm_Test" time="0.05"/>
  <testcase name="verify_hobbies_label" classname="testcases.PracticeForm_Test" time="0.053"/>
  <testcase name="verify_picture_label" classname="testcases.PracticeForm_Test" time="0.07"/>
  <testcase name="verify_address_label" classname="testcases.PracticeForm_Test" time="0.039"/>
  <testcase name="enter_first_name" classname="testcases.PracticeForm_Test" time="0.075"/>
  <testcase name="enter_last_name" classname="testcases.PracticeForm_Test" time="0.065"/>
  <testcase name="enter_email" classname="testcases.PracticeForm_Test" time="0.08"/>
  <testcase name="select_gender" classname="testcases.PracticeForm_Test" time="0.319"/>
  <testcase name="enter_mobile" classname="testcases.PracticeForm_Test" time="0.106"/>
  <testcase name="select_birthdate" classname="testcases.PracticeForm_Test" time="0.491"/>
  <testcase name="select_hobbies" classname="testcases.PracticeForm_Test" time="0.379"/>
  <testcase name="upload_picture" classname="testcases.PracticeForm_Test" time="0.051"/>
  <testcase name="enter_address" classname="testcases.PracticeForm_Test" time="0.057"/>
  <testcase name="select_subjects" classname="testcases.PracticeForm_Test" time="0.682"/>
  <testcase name="naviagate_to_selectmenu" classname="testcases.SelectMenu_Test" time="0.206">
    <system-err><![CDATA[Starting ChromeDriver 108.0.5359.71 (1e0e3868ee06e91ad636a874420e3ca3ae3756ac-refs/branch-heads/5359@{#1016}) on port 21874
Only local connections are allowed.
Please see https://chromedriver.chromium.org/security-considerations for suggestions on keeping ChromeDriver safe.
ChromeDriver was started successfully.
]]></system-err>
  </testcase>
  <testcase name="select_dropdown" classname="testcases.SelectMenu_Test" time="0.068"/>
  <testcase name="standard_multiselect" classname="testcases.SelectMenu_Test" time="0.159"/>
  <testcase name="multi_select" classname="testcases.SelectMenu_Test" time="0.267"/>
  <testcase name="value_dropdown" classname="testcases.SelectMenu_Test" time="0.245">
    <system-out><![CDATA[stale element reference: element is not attached to the page document
  (Session info: chrome=108.0.5359.124)
For documentation on this error, please visit: https://selenium.dev/exceptions/#stale_element_reference
Build info: version: '4.7.2', revision: '4d4020c3b7'
System info: os.name: 'Linux', os.arch: 'amd64', os.version: '5.14.0-1056-oem', java.version: '11.0.17'
Driver info: org.openqa.selenium.chrome.ChromeDriver
Command: [ad6bb3d943d9ed72f76f4545ee490eab, getElementText {id=a72931fa-71b9-47eb-bedd-ec113fe107d5}]
Capabilities {acceptInsecureCerts: false, browserName: chrome, browserVersion: 108.0.5359.124, chrome: {chromedriverVersion: 108.0.5359.71 (1e0e3868ee06..., userDataDir: /tmp/.com.google.Chrome.SPethn}, goog:chromeOptions: {debuggerAddress: localhost:33415}, networkConnectionEnabled: false, pageLoadStrategy: normal, platformName: LINUX, proxy: Proxy(), se:cdp: ws://localhost:33415/devtoo..., se:cdpVersion: 108.0.5359.124, setWindowRect: true, strictFileInteractability: false, timeouts: {implicit: 0, pageLoad: 300000, script: 30000}, unhandledPromptBehavior: dismiss and notify, webauthn:extension:credBlob: true, webauthn:extension:largeBlob: true, webauthn:virtualAuthenticators: true}
Element: [[ChromeDriver: chrome on LINUX (ad6bb3d943d9ed72f76f4545ee490eab)] -> xpath: //*[@class = ' css-1s9izoc']/div/div]
Session ID: ad6bb3d943d9ed72f76f4545ee490eab
]]></system-out>
  </testcase>
  <testcase name="one_dropdown" classname="testcases.SelectMenu_Test" time="0.203">
    <system-out><![CDATA[stale element reference: element is not attached to the page document
  (Session info: chrome=108.0.5359.124)
For documentation on this error, please visit: https://selenium.dev/exceptions/#stale_element_reference
Build info: version: '4.7.2', revision: '4d4020c3b7'
System info: os.name: 'Linux', os.arch: 'amd64', os.version: '5.14.0-1056-oem', java.version: '11.0.17'
Driver info: org.openqa.selenium.chrome.ChromeDriver
Command: [ad6bb3d943d9ed72f76f4545ee490eab, getElementText {id=80213a62-351a-4376-a9da-2bd91459db35}]
Capabilities {acceptInsecureCerts: false, browserName: chrome, browserVersion: 108.0.5359.124, chrome: {chromedriverVersion: 108.0.5359.71 (1e0e3868ee06..., userDataDir: /tmp/.com.google.Chrome.SPethn}, goog:chromeOptions: {debuggerAddress: localhost:33415}, networkConnectionEnabled: false, pageLoadStrategy: normal, platformName: LINUX, proxy: Proxy(), se:cdp: ws://localhost:33415/devtoo..., se:cdpVersion: 108.0.5359.124, setWindowRect: true, strictFileInteractability: false, timeouts: {implicit: 0, pageLoad: 300000, script: 30000}, unhandledPromptBehavior: dismiss and notify, webauthn:extension:credBlob: true, webauthn:extension:largeBlob: true, webauthn:virtualAuthenticators: true}
Element: [[ChromeDriver: chrome on LINUX (ad6bb3d943d9ed72f76f4545ee490eab)] -> xpath: //*[@class = ' css-1s9izoc']/div/div]
Session ID: ad6bb3d943d9ed72f76f4545ee490eab
stale element reference: element is not attached to the page document
  (Session info: chrome=108.0.5359.124)
For documentation on this error, please visit: https://selenium.dev/exceptions/#stale_element_reference
Build info: version: '4.7.2', revision: '4d4020c3b7'
System info: os.name: 'Linux', os.arch: 'amd64', os.version: '5.14.0-1056-oem', java.version: '11.0.17'
Driver info: org.openqa.selenium.chrome.ChromeDriver
Command: [ad6bb3d943d9ed72f76f4545ee490eab, getElementText {id=afc91750-1946-4d36-b184-d269dc240647}]
Capabilities {acceptInsecureCerts: false, browserName: chrome, browserVersion: 108.0.5359.124, chrome: {chromedriverVersion: 108.0.5359.71 (1e0e3868ee06..., userDataDir: /tmp/.com.google.Chrome.SPethn}, goog:chromeOptions: {debuggerAddress: localhost:33415}, networkConnectionEnabled: false, pageLoadStrategy: normal, platformName: LINUX, proxy: Proxy(), se:cdp: ws://localhost:33415/devtoo..., se:cdpVersion: 108.0.5359.124, setWindowRect: true, strictFileInteractability: false, timeouts: {implicit: 0, pageLoad: 300000, script: 30000}, unhandledPromptBehavior: dismiss and notify, webauthn:extension:credBlob: true, webauthn:extension:largeBlob: true, webauthn:virtualAuthenticators: true}
Element: [[ChromeDriver: chrome on LINUX (ad6bb3d943d9ed72f76f4545ee490eab)] -> xpath: //*[@class = ' css-1s9izoc']/div/div]
Session ID: ad6bb3d943d9ed72f76f4545ee490eab
]]></system-out>
  </testcase>
  <testcase name="navigate_to_textbox" classname="testcases.Textbox_Test" time="0.208">
    <system-err><![CDATA[Starting ChromeDriver 108.0.5359.71 (1e0e3868ee06e91ad636a874420e3ca3ae3756ac-refs/branch-heads/5359@{#1016}) on port 29489
Only local connections are allowed.
Please see https://chromedriver.chromium.org/security-considerations for suggestions on keeping ChromeDriver safe.
ChromeDriver was started successfully.
]]></system-err>
  </testcase>
  <testcase name="verify_Full_Name_Label" classname="testcases.Textbox_Test" time="0.03"/>
  <testcase name="verify_Email_Label" classname="testcases.Textbox_Test" time="0.025"/>
  <testcase name="verify_CurrentAddress_Label" classname="testcases.Textbox_Test" time="0.02"/>
  <testcase name="verify_PermanentAddress_Label" classname="testcases.Textbox_Test" time="0.022"/>
  <testcase name="enter_FullName" classname="testcases.Textbox_Test" time="0.068"/>
  <testcase name="enter_Email" classname="testcases.Textbox_Test" time="0.109"/>
  <testcase name="enter_CurrentAddress" classname="testcases.Textbox_Test" time="0.062"/>
  <testcase name="enter_PermanentAddress" classname="testcases.Textbox_Test" time="0.075"/>
  <testcase name="click_submit" classname="testcases.Textbox_Test" time="0.055"/>
  <testcase name="verify_Submitted_Full_Name" classname="testcases.Textbox_Test" time="0.215"/>
  <testcase name="verify_Submitted_Email" classname="testcases.Textbox_Test" time="0.021"/>
  <testcase name="verify_Submitted_Current_Address" classname="testcases.Textbox_Test" time="0.027"/>
  <testcase name="verify_Submitted_Permanent_Address" classname="testcases.Textbox_Test" time="0.021"/>
  <testcase name="clickRadioButton" classname="testcases.RadioButton_Test" time="0.248">
    <system-err><![CDATA[Starting ChromeDriver 108.0.5359.71 (1e0e3868ee06e91ad636a874420e3ca3ae3756ac-refs/branch-heads/5359@{#1016}) on port 27626
Only local connections are allowed.
Please see https://chromedriver.chromium.org/security-considerations for suggestions on keeping ChromeDriver safe.
ChromeDriver was started successfully.
]]></system-err>
  </testcase>
  <testcase name="verifyResult" classname="testcases.RadioButton_Test" time="0.022"/>
  <testcase name="verifyDisabledRadio" classname="testcases.RadioButton_Test" time="0.053">
    <failure message="expected [true] but found [false]" type="java.lang.AssertionError"><![CDATA[java.lang.AssertionError: expected [true] but found [false]
	at org.testng.Assert.fail(Assert.java:110)
	at org.testng.Assert.failNotEquals(Assert.java:1577)
	at org.testng.Assert.assertTrue(Assert.java:56)
	at org.testng.Assert.assertTrue(Assert.java:66)
	at base.Base.isTrue(Base.java:89)
	at actions.RadioButton.verify_Disabled_Radio(RadioButton.java:33)
	at testcases.RadioButton_Test.verifyDisabledRadio(RadioButton_Test.java:24)
	at java.base/jdk.internal.reflect.NativeMethodAccessorImpl.invoke0(Native Method)
	at java.base/jdk.internal.reflect.NativeMethodAccessorImpl.invoke(NativeMethodAccessorImpl.java:62)
	at java.base/jdk.internal.reflect.DelegatingMethodAccessorImpl.invoke(DelegatingMethodAccessorImpl.java:43)
	at java.base/java.lang.reflect.Method.invoke(Method.java:566)
	at org.testng.internal.invokers.MethodInvocationHelper.invokeMethod(MethodInvocationHelper.java:139)
	at org.testng.internal.invokers.TestInvoker.invokeMethod(TestInvoker.java:677)
	at org.testng.internal.invokers.TestInvoker.invokeTestMethod(TestInvoker.java:221)
	at org.testng.internal.invokers.MethodRunner.runInSequence(MethodRunner.java:50)
	at org.testng.internal.invokers.TestInvoker$MethodInvocationAgent.invoke(TestInvoker.java:969)
	at org.testng.internal.invokers.TestInvoker.invokeTestMethods(TestInvoker.java:194)
	at org.testng.internal.invokers.TestMethodWorker.invokeTestMethods(TestMethodWorker.java:148)
	at org.testng.internal.invokers.TestMethodWorker.run(TestMethodWorker.java:128)
	at java.base/java.util.ArrayList.forEach(ArrayList.java:1541)
	at org.testng.TestRunner.privateRun(TestRunner.java:829)
	at org.testng.TestRunner.run(TestRunner.java:602)
	at org.testng.SuiteRunner.runTest(SuiteRunner.java:437)
	at org.testng.SuiteRunner.runSequentially(SuiteRunner.java:431)
	at org.testng.SuiteRunner.privateRun(SuiteRunner.java:391)
	at org.testng.SuiteRunner.run(SuiteRunner.java:330)
	at org.testng.SuiteRunnerWorker.runSuite(SuiteRunnerWorker.java:52)
	at org.testng.SuiteRunnerWorker.run(SuiteRunnerWorker.java:95)
	at org.testng.TestNG.runSuitesSequentially(TestNG.java:1256)
	at org.testng.TestNG.runSuitesLocally(TestNG.java:1176)
	at org.testng.TestNG.runSuites(TestNG.java:1099)
	at org.testng.TestNG.run(TestNG.java:1067)
	at org.apache.maven.surefire.testng.TestNGExecutor.run(TestNGExecutor.java:151)
	at org.apache.maven.surefire.testng.TestNGDirectoryTestSuite.executeMulti(TestNGDirectoryTestSuite.java:192)
	at org.apache.maven.surefire.testng.TestNGDirectoryTestSuite.execute(TestNGDirectoryTestSuite.java:93)
	at org.apache.maven.surefire.testng.TestNGProvider.invoke(TestNGProvider.java:155)
	at org.apache.maven.surefire.booter.ForkedBooter.runSuitesInProcess(ForkedBooter.java:456)
	at org.apache.maven.surefire.booter.ForkedBooter.execute(ForkedBooter.java:169)
	at org.apache.maven.surefire.booter.ForkedBooter.run(ForkedBooter.java:595)
	at org.apache.maven.surefire.booter.ForkedBooter.main(ForkedBooter.java:581)
]]></failure>
  </testcase>
  <testcase name="navigate_to_slider" classname="testcases.Slider_Test" time="0.167">
    <system-err><![CDATA[Starting ChromeDriver 108.0.5359.71 (1e0e3868ee06e91ad636a874420e3ca3ae3756ac-refs/branch-heads/5359@{#1016}) on port 24368
Only local connections are allowed.
Please see https://chromedriver.chromium.org/security-considerations for suggestions on keeping ChromeDriver safe.
ChromeDriver was started successfully.
]]></system-err>
  </testcase>
  <testcase name="get_slider_location" classname="testcases.Slider_Test" time="0.025"/>
  <testcase name="drag_drop_slider" classname="testcases.Slider_Test" time="0.475"/>
  <testcase name="slider_location_after_drag" classname="testcases.Slider_Test" time="0.139"/>
  <testcase name="verify_dragdrop_successful" classname="testcases.Slider_Test" time="0.001"/>
  <testcase name="navigate_to_resizable" classname="testcases.Resizable_Test" time="0.197">
    <system-err><![CDATA[Starting ChromeDriver 108.0.5359.71 (1e0e3868ee06e91ad636a874420e3ca3ae3756ac-refs/branch-heads/5359@{#1016}) on port 23211
Only local connections are allowed.
Please see https://chromedriver.chromium.org/security-considerations for suggestions on keeping ChromeDriver safe.
ChromeDriver was started successfully.
]]></system-err>
  </testcase>
  <testcase name="resize_box_contained" classname="testcases.Resizable_Test" time="0.606"/>
  <testcase name="resize_page_contained" classname="testcases.Resizable_Test" time="0.595"/>
  <testcase name="navigate_to_nested_frames" classname="testcases.NestedFrames_Test" time="0.168">
    <system-err><![CDATA[Starting ChromeDriver 108.0.5359.71 (1e0e3868ee06e91ad636a874420e3ca3ae3756ac-refs/branch-heads/5359@{#1016}) on port 2991
Only local connections are allowed.
Please see https://chromedriver.chromium.org/security-considerations for suggestions on keeping ChromeDriver safe.
ChromeDriver was started successfully.
]]></system-err>
  </testcase>
  <testcase name="switch_to_outer_frame" classname="testcases.NestedFrames_Test" time="0.179"/>
  <testcase name="verify_outer_frame_text" classname="testcases.NestedFrames_Test" time="0.031"/>
  <testcase name="switch_to_inner_frame" classname="testcases.NestedFrames_Test" time="0.027"/>
  <testcase name="verify_inner_frame_text" classname="testcases.NestedFrames_Test" time="0.029"/>
  <testcase name="switch_to_original_frame" classname="testcases.NestedFrames_Test" time="0.003"/>
  <testcase name="navigate_to_menu" classname="testcases.Menu_Test" time="0.174">
    <system-err><![CDATA[Starting ChromeDriver 108.0.5359.71 (1e0e3868ee06e91ad636a874420e3ca3ae3756ac-refs/branch-heads/5359@{#1016}) on port 31559
Only local connections are allowed.
Please see https://chromedriver.chromium.org/security-considerations for suggestions on keeping ChromeDriver safe.
ChromeDriver was started successfully.
]]></system-err>
  </testcase>
  <testcase name="hover_over_menu1" classname="testcases.Menu_Test" time="0.134"/>
  <testcase name="hover_over_menu3" classname="testcases.Menu_Test" time="0.188"/>
  <testcase name="hover_over_menu2" classname="testcases.Menu_Test" time="0.139"/>
  <testcase name="hover_over_menu2_item1" classname="testcases.Menu_Test" time="0.131"/>
  <testcase name="hover_over_menu2_item2" classname="testcases.Menu_Test" time="0.119"/>
  <testcase name="hover_over_submenu" classname="testcases.Menu_Test" time="0.14"/>
  <testcase name="hover_over_submenu_item1" classname="testcases.Menu_Test" time="0.141"/>
  <testcase name="hover_over_submenu_item2" classname="testcases.Menu_Test" time="0.177"/>
  <testcase name="navigateToDynamicProperties" classname="testcases.DynamicProperties_Test" time="0.166">
    <system-err><![CDATA[Starting ChromeDriver 108.0.5359.71 (1e0e3868ee06e91ad636a874420e3ca3ae3756ac-refs/branch-heads/5359@{#1016}) on port 3505
Only local connections are allowed.
Please see https://chromedriver.chromium.org/security-considerations for suggestions on keeping ChromeDriver safe.
ChromeDriver was started successfully.
]]></system-err>
  </testcase>
  <testcase name="verifyDisabledBtn" classname="testcases.DynamicProperties_Test" time="0.015"/>
  <testcase name="buttonColorBefore" classname="testcases.DynamicProperties_Test" time="0.017"/>
  <testcase name="waits" classname="testcases.DynamicProperties_Test" time="5.509"/>
  <testcase name="verifyEnabledBtn" classname="testcases.DynamicProperties_Test" time="0.041"/>
  <testcase name="verifyBtnColorChange" classname="testcases.DynamicProperties_Test" time="0.044"/>
  <testcase name="verifyVisibilityOfInvisibleBtn" classname="testcases.DynamicProperties_Test" time="0.027"/>
  <testcase name="navigate_to_datepicker" classname="testcases.Datepicker_Test" time="0.165">
    <system-err><![CDATA[Starting ChromeDriver 108.0.5359.71 (1e0e3868ee06e91ad636a874420e3ca3ae3756ac-refs/branch-heads/5359@{#1016}) on port 9455
Only local connections are allowed.
Please see https://chromedriver.chromium.org/security-considerations for suggestions on keeping ChromeDriver safe.
ChromeDriver was started successfully.
]]></system-err>
  </testcase>
  <testcase name="select_calender1" classname="testcases.Datepicker_Test" time="0.098"/>
  <testcase name="select_year" classname="testcases.Datepicker_Test" time="0.091"/>
  <testcase name="select_month" classname="testcases.Datepicker_Test" time="0.073"/>
  <testcase name="select_date" classname="testcases.Datepicker_Test" time="0.044"/>
  <testcase name="calender2_date_time" classname="testcases.Datepicker_Test" time="0.352"/>
  <testcase name="navigate_to_frames" classname="testcases.Frames_Test" time="0.174">
    <system-err><![CDATA[Starting ChromeDriver 108.0.5359.71 (1e0e3868ee06e91ad636a874420e3ca3ae3756ac-refs/branch-heads/5359@{#1016}) on port 6267
Only local connections are allowed.
Please see https://chromedriver.chromium.org/security-considerations for suggestions on keeping ChromeDriver safe.
ChromeDriver was started successfully.
]]></system-err>
  </testcase>
  <testcase name="switch_to_frame1" classname="testcases.Frames_Test" time="0.177"/>
  <testcase name="verify_frame1_heading" classname="testcases.Frames_Test" time="0.038"/>
  <testcase name="switch_to_original_frame" classname="testcases.Frames_Test" time="0.003"/>
  <testcase name="switch_to_frame2" classname="testcases.Frames_Test" time="0.072"/>
  <testcase name="verify_frame2_heading" classname="testcases.Frames_Test" time="0.024"/>
  <testcase name="switch_backto_original_frame" classname="testcases.Frames_Test" time="0.004"/>
  <testcase name="navigate_to_autocomplete" classname="testcases.AutoComplete_Test" time="0.195">
    <system-err><![CDATA[Starting ChromeDriver 108.0.5359.71 (1e0e3868ee06e91ad636a874420e3ca3ae3756ac-refs/branch-heads/5359@{#1016}) on port 21793
Only local connections are allowed.
Please see https://chromedriver.chromium.org/security-considerations for suggestions on keeping ChromeDriver safe.
ChromeDriver was started successfully.
]]></system-err>
  </testcase>
  <testcase name="go_to_multi_colors_textbox" classname="testcases.AutoComplete_Test" time="0.205"/>
  <testcase name="select_first_color" classname="testcases.AutoComplete_Test" time="0.024"/>
  <testcase name="select_second_color" classname="testcases.AutoComplete_Test" time="0.182"/>
  <testcase name="select_third_color" classname="testcases.AutoComplete_Test" time="0.169"/>
  <testcase name="go_to_single_color_textbox" classname="testcases.AutoComplete_Test" time="5.145"/>
  <testcase name="select_single_color" classname="testcases.AutoComplete_Test" time="0.004"/>
  <testcase name="navigateToButtons" classname="testcases.UploadDownload_Test" time="0.186">
    <system-err><![CDATA[Starting ChromeDriver 108.0.5359.71 (1e0e3868ee06e91ad636a874420e3ca3ae3756ac-refs/branch-heads/5359@{#1016}) on port 19093
Only local connections are allowed.
Please see https://chromedriver.chromium.org/security-considerations for suggestions on keeping ChromeDriver safe.
ChromeDriver was started successfully.
]]></system-err>
  </testcase>
  <testcase name="uploadFile" classname="testcases.UploadDownload_Test" time="0.037"/>
  <testcase name="downloadFile" classname="testcases.UploadDownload_Test" time="0.068"/>
  <testcase name="navigate_to_accordian" classname="testcases.Accordian_Test" time="0.171">
    <system-err><![CDATA[Starting ChromeDriver 108.0.5359.71 (1e0e3868ee06e91ad636a874420e3ca3ae3756ac-refs/branch-heads/5359@{#1016}) on port 29325
Only local connections are allowed.
Please see https://chromedriver.chromium.org/security-considerations for suggestions on keeping ChromeDriver safe.
ChromeDriver was started successfully.
]]></system-err>
  </testcase>
  <testcase name="click_on_heading1" classname="testcases.Accordian_Test" time="0.053"/>
  <testcase name="verify_heading1_text" classname="testcases.Accordian_Test" time="0.034"/>
  <testcase name="click_on_heading2" classname="testcases.Accordian_Test" time="0.057"/>
  <testcase name="verify_heading2_text" classname="testcases.Accordian_Test" time="0.034"/>
  <testcase name="click_on_heading3" classname="testcases.Accordian_Test" time="0.054"/>
  <testcase name="verify_heading3_text" classname="testcases.Accordian_Test" time="0.044"/>
  <testcase name="navigate_to_alerts" classname="testcases.Alerts_Test" time="0.171">
    <system-err><![CDATA[Starting ChromeDriver 108.0.5359.71 (1e0e3868ee06e91ad636a874420e3ca3ae3756ac-refs/branch-heads/5359@{#1016}) on port 14906
Only local connections are allowed.
Please see https://chromedriver.chromium.org/security-considerations for suggestions on keeping ChromeDriver safe.
ChromeDriver was started successfully.
]]></system-err>
  </testcase>
  <testcase name="click_on_simple_alert" classname="testcases.Alerts_Test" time="0.051"/>
  <testcase name="handle_simple_alert" classname="testcases.Alerts_Test" time="0.005"/>
  <testcase name="click_on_delay_alert" classname="testcases.Alerts_Test" time="0.045"/>
  <testcase name="handle_delay_alert" classname="testcases.Alerts_Test" time="5.118"/>
  <testcase name="click_on_confirm_alert" classname="testcases.Alerts_Test" time="0.07"/>
  <testcase name="handle_confirm_alert" classname="testcases.Alerts_Test" time="0.006"/>
  <testcase name="verify_confirm_alert_msg" classname="testcases.Alerts_Test" time="0.027"/>
  <testcase name="click_on_promp_alert" classname="testcases.Alerts_Test" time="0.043"/>
  <testcase name="handle_prompt_alert" classname="testcases.Alerts_Test" time="0.007"/>
  <testcase name="verify_prompt_alert_msg" classname="testcases.Alerts_Test" time="0.024"/>
  <testcase name="navigate_to_progressbar" classname="testcases.ProgressBar_Test" time="0.162">
    <system-err><![CDATA[Starting ChromeDriver 108.0.5359.71 (1e0e3868ee06e91ad636a874420e3ca3ae3756ac-refs/branch-heads/5359@{#1016}) on port 29579
Only local connections are allowed.
Please see https://chromedriver.chromium.org/security-considerations for suggestions on keeping ChromeDriver safe.
ChromeDriver was started successfully.
]]></system-err>
  </testcase>
  <testcase name="track_progress_before_start" classname="testcases.ProgressBar_Test" time="0.022"/>
  <testcase name="click_on_start" classname="testcases.ProgressBar_Test" time="0.145"/>
  <testcase name="click_on_stop" classname="testcases.ProgressBar_Test" time="0.219"/>
  <testcase name="compare_progress" classname="testcases.ProgressBar_Test" time="0.054">
    <system-out><![CDATA[0---1
]]></system-out>
  </testcase>
  <testcase name="navigate_to_BrokenLinks" classname="testcases.BrokenLinks_Test" time="0.164">
    <system-err><![CDATA[Starting ChromeDriver 108.0.5359.71 (1e0e3868ee06e91ad636a874420e3ca3ae3756ac-refs/branch-heads/5359@{#1016}) on port 26020
Only local connections are allowed.
Please see https://chromedriver.chromium.org/security-considerations for suggestions on keeping ChromeDriver safe.
ChromeDriver was started successfully.
]]></system-err>
  </testcase>
  <testcase name="findBrokenLink" classname="testcases.BrokenLinks_Test" time="1.163">
    <system-out><![CDATA[http://demoqa.com/--301--Moved Permanently--is a NOT a broken link.
http://the-internet.herokuapp.com/status_codes/500--500--Internal Server Error--is a broken link.
]]></system-out>
  </testcase>
  <testcase name="findBrokenImages" classname="testcases.BrokenLinks_Test" time="1.295">
    <system-out><![CDATA[SIZE>>>>>>(347, 100)
https://demoqa.com/images/Toolsqa.jpg--200--OK--is a NOT a broken Image.
SIZE>>>>>>(16, 16)
https://demoqa.com/images/Toolsqa_1.jpg--200--OK--is a NOT a broken Image.
]]></system-out>
  </testcase>
  <testcase name="navigate_to_droppable" classname="testcases.Droppable_Test" time="0.181">
    <system-err><![CDATA[Starting ChromeDriver 108.0.5359.71 (1e0e3868ee06e91ad636a874420e3ca3ae3756ac-refs/branch-heads/5359@{#1016}) on port 16274
Only local connections are allowed.
Please see https://chromedriver.chromium.org/security-considerations for suggestions on keeping ChromeDriver safe.
ChromeDriver was started successfully.
]]></system-err>
  </testcase>
  <testcase name="simple_drag_drop" classname="testcases.Droppable_Test" time="0.334"/>
  <testcase name="verify_simple_drop_successful" classname="testcases.Droppable_Test" time="0.033"/>
  <testcase name="switch_to_accept_tab" classname="testcases.Droppable_Test" time="0.13"/>
  <testcase name="not_acceptable_drop" classname="testcases.Droppable_Test" time="0.313"/>
  <testcase name="verify_drag_not_accepted" classname="testcases.Droppable_Test" time="0.044"/>
  <testcase name="acceptable_drop" classname="testcases.Droppable_Test" time="0.332"/>
  <testcase name="verify_drag_accepted" classname="testcases.Droppable_Test" time="0.044"/>
  <testcase name="switch_to_prevent_propagation_tab" classname="testcases.Droppable_Test" time="0.116"/>
  <testcase name="greedy_inner_drag_drop" classname="testcases.Droppable_Test" time="0.329"/>
  <testcase name="verify_greedy_inner_text" classname="testcases.Droppable_Test" time="0.032"/>
  <testcase name="verify_greedy_outer_text" classname="testcases.Droppable_Test" time="0.02"/>
  <testcase name="not_greedy_inner_drop" classname="testcases.Droppable_Test" time="0.307"/>
  <testcase name="verify_not_greedy_inner_text" classname="testcases.Droppable_Test" time="0.04"/>
  <testcase name="verify_not_greedy_outer_text" classname="testcases.Droppable_Test" time="0.033"/>
  <testcase name="switch_to_Revert_Draggable_tab" classname="testcases.Droppable_Test" time="0.091"/>
  <testcase name="revertable_Drag_Drop" classname="testcases.Droppable_Test" time="0.359">
    <system-out><![CDATA[BEFOREposition: relative;
AFTERposition: relative; left: 248.777px; top: 46.5838px;
]]></system-out>
  </testcase>
  <testcase name="verify_revertable_drag_successful" classname="testcases.Droppable_Test" time="0.001">
    <failure message="expected [(701, 348)] but found [(451, 302)]" type="java.lang.AssertionError"><![CDATA[java.lang.AssertionError: expected [(701, 348)] but found [(451, 302)]
	at org.testng.Assert.fail(Assert.java:110)
	at org.testng.Assert.failNotEquals(Assert.java:1577)
	at org.testng.Assert.assertEqualsImpl(Assert.java:149)
	at org.testng.Assert.assertEquals(Assert.java:131)
	at org.testng.Assert.assertEquals(Assert.java:643)
	at actions.Droppable.verify_revertable_drag_location(Droppable.java:118)
	at testcases.Droppable_Test.verify_revertable_drag_successful(Droppable_Test.java:104)
	at java.base/jdk.internal.reflect.NativeMethodAccessorImpl.invoke0(Native Method)
	at java.base/jdk.internal.reflect.NativeMethodAccessorImpl.invoke(NativeMethodAccessorImpl.java:62)
	at java.base/jdk.internal.reflect.DelegatingMethodAccessorImpl.invoke(DelegatingMethodAccessorImpl.java:43)
	at java.base/java.lang.reflect.Method.invoke(Method.java:566)
	at org.testng.internal.invokers.MethodInvocationHelper.invokeMethod(MethodInvocationHelper.java:139)
	at org.testng.internal.invokers.TestInvoker.invokeMethod(TestInvoker.java:677)
	at org.testng.internal.invokers.TestInvoker.invokeTestMethod(TestInvoker.java:221)
	at org.testng.internal.invokers.MethodRunner.runInSequence(MethodRunner.java:50)
	at org.testng.internal.invokers.TestInvoker$MethodInvocationAgent.invoke(TestInvoker.java:969)
	at org.testng.internal.invokers.TestInvoker.invokeTestMethods(TestInvoker.java:194)
	at org.testng.internal.invokers.TestMethodWorker.invokeTestMethods(TestMethodWorker.java:148)
	at org.testng.internal.invokers.TestMethodWorker.run(TestMethodWorker.java:128)
	at java.base/java.util.ArrayList.forEach(ArrayList.java:1541)
	at org.testng.TestRunner.privateRun(TestRunner.java:829)
	at org.testng.TestRunner.run(TestRunner.java:602)
	at org.testng.SuiteRunner.runTest(SuiteRunner.java:437)
	at org.testng.SuiteRunner.runSequentially(SuiteRunner.java:431)
	at org.testng.SuiteRunner.privateRun(SuiteRunner.java:391)
	at org.testng.SuiteRunner.run(SuiteRunner.java:330)
	at org.testng.SuiteRunnerWorker.runSuite(SuiteRunnerWorker.java:52)
	at org.testng.SuiteRunnerWorker.run(SuiteRunnerWorker.java:95)
	at org.testng.TestNG.runSuitesSequentially(TestNG.java:1256)
	at org.testng.TestNG.runSuitesLocally(TestNG.java:1176)
	at org.testng.TestNG.runSuites(TestNG.java:1099)
	at org.testng.TestNG.run(TestNG.java:1067)
	at org.apache.maven.surefire.testng.TestNGExecutor.run(TestNGExecutor.java:151)
	at org.apache.maven.surefire.testng.TestNGDirectoryTestSuite.executeMulti(TestNGDirectoryTestSuite.java:192)
	at org.apache.maven.surefire.testng.TestNGDirectoryTestSuite.execute(TestNGDirectoryTestSuite.java:93)
	at org.apache.maven.surefire.testng.TestNGProvider.invoke(TestNGProvider.java:155)
	at org.apache.maven.surefire.booter.ForkedBooter.runSuitesInProcess(ForkedBooter.java:456)
	at org.apache.maven.surefire.booter.ForkedBooter.execute(ForkedBooter.java:169)
	at org.apache.maven.surefire.booter.ForkedBooter.run(ForkedBooter.java:595)
	at org.apache.maven.surefire.booter.ForkedBooter.main(ForkedBooter.java:581)
]]></failure>
  </testcase>
  <testcase name="not_revertable_Drag_Drop" classname="testcases.Droppable_Test" time="0.286"/>
  <testcase name="verify_not_revertable_drag_successful" classname="testcases.Droppable_Test" time="0"/>
  <testcase name="navigate_to_draggable" classname="testcases.Draggable_Test" time="0.172">
    <system-err><![CDATA[Starting ChromeDriver 108.0.5359.71 (1e0e3868ee06e91ad636a874420e3ca3ae3756ac-refs/branch-heads/5359@{#1016}) on port 27352
Only local connections are allowed.
Please see https://chromedriver.chromium.org/security-considerations for suggestions on keeping ChromeDriver safe.
ChromeDriver was started successfully.
]]></system-err>
  </testcase>
  <testcase name="simple_drag" classname="testcases.Draggable_Test" time="0.458"/>
  <testcase name="switch_to_axis_tab" classname="testcases.Draggable_Test" time="0.131"/>
  <testcase name="drag_along_x_axis" classname="testcases.Draggable_Test" time="0.414"/>
  <testcase name="drag_along_y_axis" classname="testcases.Draggable_Test" time="0.41"/>
  <testcase name="switch_to_container_tab" classname="testcases.Draggable_Test" time="0.141"/>
  <testcase name="drag_box_contained" classname="testcases.Draggable_Test" time="0.406"/>
  <testcase name="drag_page_contained" classname="testcases.Draggable_Test" time="0.439"/>
  <testcase name="navigate_to_tabs" classname="testcases.Tabs_Test" time="0.165">
    <system-err><![CDATA[Starting ChromeDriver 108.0.5359.71 (1e0e3868ee06e91ad636a874420e3ca3ae3756ac-refs/branch-heads/5359@{#1016}) on port 24014
Only local connections are allowed.
Please see https://chromedriver.chromium.org/security-considerations for suggestions on keeping ChromeDriver safe.
ChromeDriver was started successfully.
]]></system-err>
  </testcase>
  <testcase name="switch_tabs" classname="testcases.Tabs_Test" time="0.101"/>
  <testcase name="navigate_to_windows" classname="testcases.Windows_Test" time="0.149">
    <system-err><![CDATA[Starting ChromeDriver 108.0.5359.71 (1e0e3868ee06e91ad636a874420e3ca3ae3756ac-refs/branch-heads/5359@{#1016}) on port 11383
Only local connections are allowed.
Please see https://chromedriver.chromium.org/security-considerations for suggestions on keeping ChromeDriver safe.
ChromeDriver was started successfully.
]]></system-err>
  </testcase>
  <testcase name="open_new_tab" classname="testcases.Windows_Test" time="0.046"/>
  <testcase name="switch_to_new_tab" classname="testcases.Windows_Test" time="0.008"/>
  <testcase name="verify_newtab_heading" classname="testcases.Windows_Test" time="0.213"/>
  <testcase name="switch_to_original_tab" classname="testcases.Windows_Test" time="0.017"/>
  <testcase name="open_new_window" classname="testcases.Windows_Test" time="0.064"/>
  <testcase name="switch_to_new_window" classname="testcases.Windows_Test" time="0.012"/>
  <testcase name="verify_newwindow_heading" classname="testcases.Windows_Test" time="0.021"/>
  <testcase name="switch_to_parent_window" classname="testcases.Windows_Test" time="0.006"/>
  <testcase name="open_new_msg_window" classname="testcases.Windows_Test" time="0.053"/>
  <testcase name="switch_to_new_msg_window" classname="testcases.Windows_Test" time="0.011"/>
  <testcase name="verify_msgwindow_text" classname="testcases.Windows_Test" time="0.029">
    <failure message="expected [Knowledge increases by sharing but not by saving. Please share this website with your friends and in your organization.] but found [This is a sample page]" type="java.lang.AssertionError"><![CDATA[java.lang.AssertionError: expected [Knowledge increases by sharing but not by saving. Please share this website with your friends and in your organization.] but found [This is a sample page]
	at org.testng.Assert.fail(Assert.java:110)
	at org.testng.Assert.failNotEquals(Assert.java:1577)
	at org.testng.Assert.assertEqualsImpl(Assert.java:149)
	at org.testng.Assert.assertEquals(Assert.java:131)
	at org.testng.Assert.assertEquals(Assert.java:655)
	at org.testng.Assert.assertEquals(Assert.java:665)
	at base.Base.verify_text(Base.java:80)
	at actions.Windows.verify_msgwindow_heading(Windows.java:31)
	at testcases.Windows_Test.verify_msgwindow_text(Windows_Test.java:70)
	at java.base/jdk.internal.reflect.NativeMethodAccessorImpl.invoke0(Native Method)
	at java.base/jdk.internal.reflect.NativeMethodAccessorImpl.invoke(NativeMethodAccessorImpl.java:62)
	at java.base/jdk.internal.reflect.DelegatingMethodAccessorImpl.invoke(DelegatingMethodAccessorImpl.java:43)
	at java.base/java.lang.reflect.Method.invoke(Method.java:566)
	at org.testng.internal.invokers.MethodInvocationHelper.invokeMethod(MethodInvocationHelper.java:139)
	at org.testng.internal.invokers.TestInvoker.invokeMethod(TestInvoker.java:677)
	at org.testng.internal.invokers.TestInvoker.invokeTestMethod(TestInvoker.java:221)
	at org.testng.internal.invokers.MethodRunner.runInSequence(MethodRunner.java:50)
	at org.testng.internal.invokers.TestInvoker$MethodInvocationAgent.invoke(TestInvoker.java:969)
	at org.testng.internal.invokers.TestInvoker.invokeTestMethods(TestInvoker.java:194)
	at org.testng.internal.invokers.TestMethodWorker.invokeTestMethods(TestMethodWorker.java:148)
	at org.testng.internal.invokers.TestMethodWorker.run(TestMethodWorker.java:128)
	at java.base/java.util.ArrayList.forEach(ArrayList.java:1541)
	at org.testng.TestRunner.privateRun(TestRunner.java:829)
	at org.testng.TestRunner.run(TestRunner.java:602)
	at org.testng.SuiteRunner.runTest(SuiteRunner.java:437)
	at org.testng.SuiteRunner.runSequentially(SuiteRunner.java:431)
	at org.testng.SuiteRunner.privateRun(SuiteRunner.java:391)
	at org.testng.SuiteRunner.run(SuiteRunner.java:330)
	at org.testng.SuiteRunnerWorker.runSuite(SuiteRunnerWorker.java:52)
	at org.testng.SuiteRunnerWorker.run(SuiteRunnerWorker.java:95)
	at org.testng.TestNG.runSuitesSequentially(TestNG.java:1256)
	at org.testng.TestNG.runSuitesLocally(TestNG.java:1176)
	at org.testng.TestNG.runSuites(TestNG.java:1099)
	at org.testng.TestNG.run(TestNG.java:1067)
	at org.apache.maven.surefire.testng.TestNGExecutor.run(TestNGExecutor.java:151)
	at org.apache.maven.surefire.testng.TestNGDirectoryTestSuite.executeMulti(TestNGDirectoryTestSuite.java:192)
	at org.apache.maven.surefire.testng.TestNGDirectoryTestSuite.execute(TestNGDirectoryTestSuite.java:93)
	at org.apache.maven.surefire.testng.TestNGProvider.invoke(TestNGProvider.java:155)
	at org.apache.maven.surefire.booter.ForkedBooter.runSuitesInProcess(ForkedBooter.java:456)
	at org.apache.maven.surefire.booter.ForkedBooter.execute(ForkedBooter.java:169)
	at org.apache.maven.surefire.booter.ForkedBooter.run(ForkedBooter.java:595)
	at org.apache.maven.surefire.booter.ForkedBooter.main(ForkedBooter.java:581)
]]></failure>
  </testcase>
  <testcase name="switch_to_original_window" classname="testcases.Windows_Test" time="0.008"/>
  <testcase name="printRow1" classname="testcases.Webtable_Test" time="0.317">
    <system-out><![CDATA[Cierra--Vega--39--cierra@example.com--10000--Insurance----
]]></system-out>
    <system-err><![CDATA[Starting ChromeDriver 108.0.5359.71 (1e0e3868ee06e91ad636a874420e3ca3ae3756ac-refs/branch-heads/5359@{#1016}) on port 23464
Only local connections are allowed.
Please see https://chromedriver.chromium.org/security-considerations for suggestions on keeping ChromeDriver safe.
ChromeDriver was started successfully.
]]></system-err>
  </testcase>
  <testcase name="editRow1" classname="testcases.Webtable_Test" time="0.861"/>
  <testcase name="submitData" classname="testcases.Webtable_Test" time="0.065"/>
  <testcase name="verifyEdits" classname="testcases.Webtable_Test" time="0.068">
    <system-out><![CDATA[--Pallavi--Patil--26--pallavi.patil@joshsoftware.com--11111--QA--
]]></system-out>
  </testcase>
  <testcase name="navigateToLinks" classname="testcases.Links_Test" time="0.17">
    <system-err><![CDATA[Starting ChromeDriver 108.0.5359.71 (1e0e3868ee06e91ad636a874420e3ca3ae3756ac-refs/branch-heads/5359@{#1016}) on port 16868
Only local connections are allowed.
Please see https://chromedriver.chromium.org/security-considerations for suggestions on keeping ChromeDriver safe.
ChromeDriver was started successfully.
]]></system-err>
  </testcase>
  <testcase name="clickLinks" classname="testcases.Links_Test" time="0.789"/>
  <testcase name="navigate_to_checkbox" classname="testcases.Checkbox_Test" time="0.166">
    <system-err><![CDATA[Starting ChromeDriver 108.0.5359.71 (1e0e3868ee06e91ad636a874420e3ca3ae3756ac-refs/branch-heads/5359@{#1016}) on port 7490
Only local connections are allowed.
Please see https://chromedriver.chromium.org/security-considerations for suggestions on keeping ChromeDriver safe.
ChromeDriver was started successfully.
]]></system-err>
  </testcase>
  <testcase name="click_checkbox" classname="testcases.Checkbox_Test" time="0.054"/>
  <testcase name="verifySelectedCheckBox" classname="testcases.Checkbox_Test" time="0.021"/>
  <testcase name="navigateToButtons" classname="testcases.Buttons_Test" time="0.173">
    <system-err><![CDATA[Starting ChromeDriver 108.0.5359.71 (1e0e3868ee06e91ad636a874420e3ca3ae3756ac-refs/branch-heads/5359@{#1016}) on port 31258
Only local connections are allowed.
Please see https://chromedriver.chromium.org/security-considerations for suggestions on keeping ChromeDriver safe.
ChromeDriver was started successfully.
]]></system-err>
  </testcase>
  <testcase name="doubleClick" classname="testcases.Buttons_Test" time="0.149"/>
  <testcase name="rightClick" classname="testcases.Buttons_Test" time="0.155"/>
  <testcase name="dynamicClick" classname="testcases.Buttons_Test" time="0.167"/>
  <testcase name="verifyDoubleClick" classname="testcases.Buttons_Test" time="0.037"/>
  <testcase name="verifyRightClick" classname="testcases.Buttons_Test" time="0.019"/>
  <testcase name="verifyDynamicClick" classname="testcases.Buttons_Test" time="0.02"/>
  <testcase name="navigate_to_selectable" classname="testcases.Selectable_Test" time="0.171">
    <system-err><![CDATA[Starting ChromeDriver 108.0.5359.71 (1e0e3868ee06e91ad636a874420e3ca3ae3756ac-refs/branch-heads/5359@{#1016}) on port 8797
Only local connections are allowed.
Please see https://chromedriver.chromium.org/security-considerations for suggestions on keeping ChromeDriver safe.
ChromeDriver was started successfully.
]]></system-err>
  </testcase>
  <testcase name="select_all_list_options" classname="testcases.Selectable_Test" time="0.139"/>
  <testcase name="switch_to_grid" classname="testcases.Selectable_Test" time="0.063"/>
  <testcase name="verify_grid_options" classname="testcases.Selectable_Test" time="0.012"/>
  <testcase name="select_all_grid_options" classname="testcases.Selectable_Test" time="0.32"/>
</testsuite>