<?xml version="1.0" encoding="UTF-8"?>
<!-- Generated by org.testng.reporters.JUnitReportReporter -->
<testsuite hostname="josh-Latitude-3410" failures="0" tests="2" name="testcases.Tabs_Test" time="1.263" errors="0" timestamp="2023-02-05T13:51:10 IST" skipped="0">
  <testcase classname="testcases.Tabs_Test" name="navigate_to_tabs" time="0.462"/>
  <system-out/>
  <testcase classname="testcases.Tabs_Test" name="switch_tabs" time="0.801"/>
  <system-out/>
</testsuite> <!-- testcases.Tabs_Test -->
