<?xml version="1.0" encoding="UTF-8"?>
<!-- Generated by org.testng.reporters.JUnitReportReporter -->
<testsuite hostname="josh-Latitude-3410" failures="0" tests="11" name="testcases.Alerts_Test" time="5.565" errors="0" timestamp="2023-01-24T11:00:16 IST" skipped="0">
  <testcase classname="testcases.Alerts_Test" name="navigate_to_alerts" time="0.171"/>
  <system-out/>
  <testcase classname="testcases.Alerts_Test" name="click_on_simple_alert" time="0.051"/>
  <system-out/>
  <testcase classname="testcases.Alerts_Test" name="handle_simple_alert" time="0.005"/>
  <system-out/>
  <testcase classname="testcases.Alerts_Test" name="click_on_delay_alert" time="0.045"/>
  <system-out/>
  <testcase classname="testcases.Alerts_Test" name="handle_delay_alert" time="5.118"/>
  <system-out/>
  <testcase classname="testcases.Alerts_Test" name="click_on_confirm_alert" time="0.070"/>
  <system-out/>
  <testcase classname="testcases.Alerts_Test" name="handle_confirm_alert" time="0.006"/>
  <system-out/>
  <testcase classname="testcases.Alerts_Test" name="verify_confirm_alert_msg" time="0.026"/>
  <system-out/>
  <testcase classname="testcases.Alerts_Test" name="click_on_promp_alert" time="0.042"/>
  <system-out/>
  <testcase classname="testcases.Alerts_Test" name="handle_prompt_alert" time="0.007"/>
  <system-out/>
  <testcase classname="testcases.Alerts_Test" name="verify_prompt_alert_msg" time="0.024"/>
  <system-out/>
</testsuite> <!-- testcases.Alerts_Test -->
