<?xml version="1.0" encoding="UTF-8"?>
<!-- Generated by org.testng.reporters.JUnitReportReporter -->
<testsuite hostname="josh-Latitude-3410" failures="0" tests="3" name="testcases.BrokenLinks_Test" time="3.007" errors="0" timestamp="2023-02-02T12:17:48 IST" skipped="0">
  <testcase classname="testcases.BrokenLinks_Test" name="navigate_to_BrokenLinks" time="0.601"/>
  <system-out/>
  <testcase classname="testcases.BrokenLinks_Test" name="findBrokenLink" time="0.857"/>
  <system-out/>
  <testcase classname="testcases.BrokenLinks_Test" name="findBrokenImages" time="1.549"/>
  <system-out/>
</testsuite> <!-- testcases.BrokenLinks_Test -->
