<?xml version="1.0" encoding="UTF-8"?>
<!-- Generated by org.testng.reporters.JUnitReportReporter -->
<testsuite hostname="josh-Latitude-3410" failures="0" tests="2" name="testcases.Tabs_Test" time="0.583" errors="0" timestamp="2023-02-02T12:17:48 IST" skipped="0">
  <testcase classname="testcases.Tabs_Test" name="navigate_to_tabs" time="0.376"/>
  <system-out/>
  <testcase classname="testcases.Tabs_Test" name="switch_tabs" time="0.207"/>
  <system-out/>
</testsuite> <!-- testcases.Tabs_Test -->
