<?xml version="1.0" encoding="UTF-8"?>
<!-- Generated by org.testng.reporters.JUnitReportReporter -->
<testsuite hostname="josh-Latitude-3410" failures="0" tests="5" name="testcases.Menu_Test" time="3.423" errors="0" timestamp="2023-02-05T13:51:10 IST" skipped="0">
  <testcase classname="testcases.Menu_Test" name="navigate_to_menu" time="0.970"/>
  <system-out/>
  <testcase classname="testcases.Menu_Test" name="menu1" time="0.485"/>
  <system-out/>
  <testcase classname="testcases.Menu_Test" name="menu3" time="0.216"/>
  <system-out/>
  <testcase classname="testcases.Menu_Test" name="menu2" time="1.005"/>
  <system-out/>
  <testcase classname="testcases.Menu_Test" name="hover_over_submenu" time="0.747"/>
  <system-out/>
</testsuite> <!-- testcases.Menu_Test -->
