<?xml version="1.0" encoding="UTF-8"?>
<!-- Generated by org.testng.reporters.JUnitReportReporter -->
<testsuite hostname="josh-Latitude-3410" failures="0" tests="7" name="testcases.Modals_Test" time="0.523" errors="0" timestamp="2023-01-24T11:00:16 IST" skipped="0">
  <testcase classname="testcases.Modals_Test" name="navigate_to_modal_dialogs" time="0.184"/>
  <system-out/>
  <testcase classname="testcases.Modals_Test" name="open_small_modal" time="0.054"/>
  <system-out/>
  <testcase classname="testcases.Modals_Test" name="verify_small_modal_text" time="0.040"/>
  <system-out/>
  <testcase classname="testcases.Modals_Test" name="close_small_modal" time="0.046"/>
  <system-out/>
  <testcase classname="testcases.Modals_Test" name="open_large_modal" time="0.075"/>
  <system-out/>
  <testcase classname="testcases.Modals_Test" name="verify_large_modal_text" time="0.076"/>
  <system-out/>
  <testcase classname="testcases.Modals_Test" name="close_large_modal" time="0.048"/>
  <system-out/>
</testsuite> <!-- testcases.Modals_Test -->
