<?xml version="1.0" encoding="UTF-8"?>
<!-- Generated by org.testng.reporters.JUnitReportReporter -->
<testsuite hostname="josh-Latitude-3410" failures="0" tests="3" name="testcases.ToolTips_Test" time="0.767" errors="0" timestamp="2023-02-02T12:17:48 IST" skipped="0">
  <testcase classname="testcases.ToolTips_Test" name="navigate_to_tooltips" time="0.392"/>
  <system-out/>
  <testcase classname="testcases.ToolTips_Test" name="hover_over_button" time="0.206"/>
  <system-out/>
  <testcase classname="testcases.ToolTips_Test" name="hover_over_textbox" time="0.169"/>
  <system-out/>
</testsuite> <!-- testcases.ToolTips_Test -->
