<?xml version="1.0" encoding="UTF-8"?>
<!-- Generated by org.testng.reporters.JUnitReportReporter -->
<testsuite hostname="josh-Latitude-3410" failures="0" tests="3" name="testcases.ToolTips_Test" time="0.494" errors="0" timestamp="2023-01-24T11:00:16 IST" skipped="0">
  <testcase classname="testcases.ToolTips_Test" name="navigate_to_tooltips" time="0.182"/>
  <system-out/>
  <testcase classname="testcases.ToolTips_Test" name="hover_over_button" time="0.137"/>
  <system-out/>
  <testcase classname="testcases.ToolTips_Test" name="hover_over_textbox" time="0.175"/>
  <system-out/>
</testsuite> <!-- testcases.ToolTips_Test -->
