<?xml version="1.0" encoding="UTF-8"?>
<!-- Generated by org.testng.reporters.JUnitReportReporter -->
<testsuite hostname="josh-Latitude-3410" failures="0" tests="2" name="testcases.Checkbox_Test" time="0.621" errors="0" timestamp="2023-02-05T13:51:10 IST" skipped="0">
  <testcase classname="testcases.Checkbox_Test" name="navigate_to_checkbox" time="0.388"/>
  <system-out/>
  <testcase classname="testcases.Checkbox_Test" name="checkbox" time="0.233"/>
  <system-out/>
</testsuite> <!-- testcases.Checkbox_Test -->
