<?xml version="1.0" encoding="UTF-8"?>
<!-- Generated by org.testng.reporters.JUnitReportReporter -->
<testsuite hostname="josh-Latitude-3410" failures="0" tests="7" name="testcases.AutoComplete_Test" time="5.923" errors="0" timestamp="2023-01-24T11:00:16 IST" skipped="0">
  <testcase classname="testcases.AutoComplete_Test" name="navigate_to_autocomplete" time="0.194"/>
  <system-out/>
  <testcase classname="testcases.AutoComplete_Test" name="go_to_multi_colors_textbox" time="0.204"/>
  <system-out/>
  <testcase classname="testcases.AutoComplete_Test" name="select_first_color" time="0.024"/>
  <system-out/>
  <testcase classname="testcases.AutoComplete_Test" name="select_second_color" time="0.182"/>
  <system-out/>
  <testcase classname="testcases.AutoComplete_Test" name="select_third_color" time="0.169"/>
  <system-out/>
  <testcase classname="testcases.AutoComplete_Test" name="go_to_single_color_textbox" time="5.145"/>
  <system-out/>
  <testcase classname="testcases.AutoComplete_Test" name="select_single_color" time="0.005"/>
  <system-out/>
</testsuite> <!-- testcases.AutoComplete_Test -->
