<?xml version="1.0" encoding="UTF-8"?>
<!-- Generated by org.testng.reporters.JUnitReportReporter -->
<testsuite hostname="josh-Latitude-3410" failures="0" tests="3" name="testcases.AutoComplete_Test" time="1.062" errors="0" timestamp="2023-02-02T12:17:48 IST" skipped="0">
  <testcase classname="testcases.AutoComplete_Test" name="navigate_to_autocomplete" time="0.389"/>
  <system-out/>
  <testcase classname="testcases.AutoComplete_Test" name="multi_colors_textbox" time="0.430"/>
  <system-out/>
  <testcase classname="testcases.AutoComplete_Test" name="single_color_textbox" time="0.243"/>
  <system-out/>
</testsuite> <!-- testcases.AutoComplete_Test -->
