<?xml version="1.0" encoding="UTF-8"?>
<!-- Generated by org.testng.reporters.JUnitReportReporter -->
<testsuite hostname="josh-Latitude-3410" failures="0" tests="6" name="testcases.DynamicProperties_Test" time="6.179" errors="0" timestamp="2023-02-02T12:17:48 IST" skipped="0">
  <testcase classname="testcases.DynamicProperties_Test" name="navigateToDynamicProperties" time="0.915"/>
  <system-out/>
  <testcase classname="testcases.DynamicProperties_Test" name="verifyDisabledBtn" time="0.031"/>
  <system-out/>
  <testcase classname="testcases.DynamicProperties_Test" name="buttonColorBefore" time="0.082"/>
  <system-out/>
  <testcase classname="testcases.DynamicProperties_Test" name="verifyEnabledBtn" time="5.085"/>
  <system-out/>
  <testcase classname="testcases.DynamicProperties_Test" name="verifyBtnColorChange" time="0.024"/>
  <system-out/>
  <testcase classname="testcases.DynamicProperties_Test" name="verifyVisibilityOfInvisibleBtn" time="0.042"/>
  <system-out/>
</testsuite> <!-- testcases.DynamicProperties_Test -->
