<?xml version="1.0" encoding="UTF-8"?>
<!-- Generated by org.testng.reporters.JUnitReportReporter -->
<testsuite hostname="josh-Latitude-3410" failures="1" tests="13" name="testcases.Windows_Test" time="0.635" errors="0" timestamp="2023-01-24T11:00:16 IST" skipped="0">
  <testcase classname="testcases.Windows_Test" name="navigate_to_windows" time="0.150"/>
  <system-out/>
  <testcase classname="testcases.Windows_Test" name="open_new_tab" time="0.047"/>
  <system-out/>
  <testcase classname="testcases.Windows_Test" name="switch_to_new_tab" time="0.008"/>
  <system-out/>
  <testcase classname="testcases.Windows_Test" name="verify_newtab_heading" time="0.213"/>
  <system-out/>
  <testcase classname="testcases.Windows_Test" name="switch_to_original_tab" time="0.016"/>
  <system-out/>
  <testcase classname="testcases.Windows_Test" name="open_new_window" time="0.063"/>
  <system-out/>
  <testcase classname="testcases.Windows_Test" name="switch_to_new_window" time="0.011"/>
  <system-out/>
  <testcase classname="testcases.Windows_Test" name="verify_newwindow_heading" time="0.021"/>
  <system-out/>
  <testcase classname="testcases.Windows_Test" name="switch_to_parent_window" time="0.006"/>
  <system-out/>
  <testcase classname="testcases.Windows_Test" name="open_new_msg_window" time="0.053"/>
  <system-out/>
  <testcase classname="testcases.Windows_Test" name="switch_to_new_msg_window" time="0.011"/>
  <system-out/>
  <testcase classname="testcases.Windows_Test" name="verify_msgwindow_text" time="0.028">
    <failure message="expected [Knowledge increases by sharing but not by saving. Please share this website with your friends and in your organization.] but found [This is a sample page]" type="java.lang.AssertionError">
      <![CDATA[java.lang.AssertionError: expected [Knowledge increases by sharing but not by saving. Please share this website with your friends and in your organization.] but found [This is a sample page]
at org.testng.Assert.fail(Assert.java:110)
at org.testng.Assert.failNotEquals(Assert.java:1577)
at org.testng.Assert.assertEqualsImpl(Assert.java:149)
at org.testng.Assert.assertEquals(Assert.java:131)
at org.testng.Assert.assertEquals(Assert.java:655)
at org.testng.Assert.assertEquals(Assert.java:665)
at base.Base.verify_text(Base.java:80)
at actions.Windows.verify_msgwindow_heading(Windows.java:31)
at testcases.Windows_Test.verify_msgwindow_text(Windows_Test.java:70)
at java.base/jdk.internal.reflect.NativeMethodAccessorImpl.invoke0(Native Method)
at java.base/jdk.internal.reflect.NativeMethodAccessorImpl.invoke(NativeMethodAccessorImpl.java:62)
at java.base/jdk.internal.reflect.DelegatingMethodAccessorImpl.invoke(DelegatingMethodAccessorImpl.java:43)
at java.base/java.lang.reflect.Method.invoke(Method.java:566)
at org.testng.internal.invokers.MethodInvocationHelper.invokeMethod(MethodInvocationHelper.java:139)
at org.testng.internal.invokers.TestInvoker.invokeMethod(TestInvoker.java:677)
at org.testng.internal.invokers.TestInvoker.invokeTestMethod(TestInvoker.java:221)
at org.testng.internal.invokers.MethodRunner.runInSequence(MethodRunner.java:50)
at org.testng.internal.invokers.TestInvoker$MethodInvocationAgent.invoke(TestInvoker.java:969)
at org.testng.internal.invokers.TestInvoker.invokeTestMethods(TestInvoker.java:194)
at org.testng.internal.invokers.TestMethodWorker.invokeTestMethods(TestMethodWorker.java:148)
at org.testng.internal.invokers.TestMethodWorker.run(TestMethodWorker.java:128)
at java.base/java.util.ArrayList.forEach(ArrayList.java:1541)
at org.testng.TestRunner.privateRun(TestRunner.java:829)
at org.testng.TestRunner.run(TestRunner.java:602)
at org.testng.SuiteRunner.runTest(SuiteRunner.java:437)
at org.testng.SuiteRunner.runSequentially(SuiteRunner.java:431)
at org.testng.SuiteRunner.privateRun(SuiteRunner.java:391)
at org.testng.SuiteRunner.run(SuiteRunner.java:330)
at org.testng.SuiteRunnerWorker.runSuite(SuiteRunnerWorker.java:52)
at org.testng.SuiteRunnerWorker.run(SuiteRunnerWorker.java:95)
at org.testng.TestNG.runSuitesSequentially(TestNG.java:1256)
at org.testng.TestNG.runSuitesLocally(TestNG.java:1176)
at org.testng.TestNG.runSuites(TestNG.java:1099)
at org.testng.TestNG.run(TestNG.java:1067)
at org.apache.maven.surefire.testng.TestNGExecutor.run(TestNGExecutor.java:151)
at org.apache.maven.surefire.testng.TestNGDirectoryTestSuite.executeMulti(TestNGDirectoryTestSuite.java:192)
at org.apache.maven.surefire.testng.TestNGDirectoryTestSuite.execute(TestNGDirectoryTestSuite.java:93)
at org.apache.maven.surefire.testng.TestNGProvider.invoke(TestNGProvider.java:155)
at org.apache.maven.surefire.booter.ForkedBooter.runSuitesInProcess(ForkedBooter.java:456)
at org.apache.maven.surefire.booter.ForkedBooter.execute(ForkedBooter.java:169)
at org.apache.maven.surefire.booter.ForkedBooter.run(ForkedBooter.java:595)
at org.apache.maven.surefire.booter.ForkedBooter.main(ForkedBooter.java:581)
]]>
    </failure>
  </testcase> <!-- verify_msgwindow_text -->
  <system-out/>
  <testcase classname="testcases.Windows_Test" name="switch_to_original_window" time="0.008"/>
  <system-out/>
</testsuite> <!-- testcases.Windows_Test -->
