<?xml version="1.0" encoding="UTF-8"?>
<!-- Generated by org.testng.reporters.JUnitReportReporter -->
<testsuite hostname="josh-Latitude-3410" failures="0" tests="4" name="testcases.Buttons_Test" time="1.423" errors="0" timestamp="2023-02-02T12:17:48 IST" skipped="0">
  <testcase classname="testcases.Buttons_Test" name="navigateToButtons" time="0.415"/>
  <system-out/>
  <testcase classname="testcases.Buttons_Test" name="doubleClick" time="0.335"/>
  <system-out/>
  <testcase classname="testcases.Buttons_Test" name="rightClick" time="0.455"/>
  <system-out/>
  <testcase classname="testcases.Buttons_Test" name="dynamicClick" time="0.218"/>
  <system-out/>
</testsuite> <!-- testcases.Buttons_Test -->
