<?xml version="1.0" encoding="UTF-8"?>
<!-- Generated by org.testng.reporters.JUnitReportReporter -->
<testsuite hostname="josh-Latitude-3410" failures="0" tests="3" name="testcases.BrokenLinks_Test" time="2.620" errors="0" timestamp="2023-01-24T11:00:16 IST" skipped="0">
  <testcase classname="testcases.BrokenLinks_Test" name="navigate_to_BrokenLinks" time="0.163"/>
  <system-out/>
  <testcase classname="testcases.BrokenLinks_Test" name="findBrokenLink" time="1.162"/>
  <system-out/>
  <testcase classname="testcases.BrokenLinks_Test" name="findBrokenImages" time="1.295"/>
  <system-out/>
</testsuite> <!-- testcases.BrokenLinks_Test -->
