<?xml version="1.0" encoding="UTF-8"?>
<!-- Generated by org.testng.reporters.JUnitReportReporter -->
<testsuite hostname="josh-Latitude-3410" failures="0" tests="6" name="testcases.NestedFrames_Test" time="0.433" errors="0" timestamp="2023-01-24T11:00:16 IST" skipped="0">
  <testcase classname="testcases.NestedFrames_Test" name="navigate_to_nested_frames" time="0.167"/>
  <system-out/>
  <testcase classname="testcases.NestedFrames_Test" name="switch_to_outer_frame" time="0.179"/>
  <system-out/>
  <testcase classname="testcases.NestedFrames_Test" name="verify_outer_frame_text" time="0.030"/>
  <system-out/>
  <testcase classname="testcases.NestedFrames_Test" name="switch_to_inner_frame" time="0.027"/>
  <system-out/>
  <testcase classname="testcases.NestedFrames_Test" name="verify_inner_frame_text" time="0.028"/>
  <system-out/>
  <testcase classname="testcases.NestedFrames_Test" name="switch_to_original_frame" time="0.002"/>
  <system-out/>
</testsuite> <!-- testcases.NestedFrames_Test -->
