<?xml version="1.0" encoding="UTF-8"?>
<!-- Generated by org.testng.reporters.JUnitReportReporter -->
<testsuite hostname="josh-Latitude-3410" failures="0" tests="3" name="testcases.Resizable_Test" time="1.752" errors="0" timestamp="2023-02-02T12:38:00 IST" skipped="0">
  <testcase classname="testcases.Resizable_Test" name="navigate_to_resizable" time="0.452"/>
  <system-out/>
  <testcase classname="testcases.Resizable_Test" name="resize_box_contained" time="0.652"/>
  <system-out/>
  <testcase classname="testcases.Resizable_Test" name="resize_page_contained" time="0.648"/>
  <system-out/>
</testsuite> <!-- testcases.Resizable_Test -->
