<?xml version="1.0" encoding="UTF-8"?>
<!-- Generated by org.testng.reporters.JUnitReportReporter -->
<testsuite hostname="josh-Latitude-3410" failures="0" tests="5" name="testcases.Sortable_Test" time="0.382" errors="0" timestamp="2023-01-24T11:00:16 IST" skipped="0">
  <testcase classname="testcases.Sortable_Test" name="navigate_to_sortable" time="0.216"/>
  <system-out/>
  <testcase classname="testcases.Sortable_Test" name="switch_to_grid" time="0.085"/>
  <system-out/>
  <testcase classname="testcases.Sortable_Test" name="verify_grid_elements" time="0.016"/>
  <system-out/>
  <testcase classname="testcases.Sortable_Test" name="switch_to_list" time="0.054"/>
  <system-out/>
  <testcase classname="testcases.Sortable_Test" name="verify_list_elements" time="0.011"/>
  <system-out/>
</testsuite> <!-- testcases.Sortable_Test -->
