<?xml version="1.0" encoding="UTF-8"?>
<!-- Generated by org.testng.reporters.JUnitReportReporter -->
<testsuite hostname="josh-Latitude-3410" failures="0" tests="4" name="testcases.Draggable_Test" time="3.067" errors="0" timestamp="2023-02-02T12:38:00 IST" skipped="0">
  <testcase classname="testcases.Draggable_Test" name="navigate_to_draggable" time="0.402"/>
  <system-out/>
  <testcase classname="testcases.Draggable_Test" name="simple_drag" time="0.441"/>
  <system-out/>
  <testcase classname="testcases.Draggable_Test" name="axis_tab_dragdrop" time="1.029"/>
  <system-out/>
  <testcase classname="testcases.Draggable_Test" name="container_tab_dragdrop" time="1.195"/>
  <system-out/>
</testsuite> <!-- testcases.Draggable_Test -->
