<?xml version="1.0" encoding="UTF-8"?>
<!-- Generated by org.testng.reporters.JUnitReportReporter -->
<testsuite hostname="josh-Latitude-3410" failures="0" tests="5" name="testcases.ProgressBar_Test" time="0.603" errors="0" timestamp="2023-01-24T11:00:16 IST" skipped="0">
  <testcase classname="testcases.ProgressBar_Test" name="navigate_to_progressbar" time="0.162"/>
  <system-out/>
  <testcase classname="testcases.ProgressBar_Test" name="track_progress_before_start" time="0.023"/>
  <system-out/>
  <testcase classname="testcases.ProgressBar_Test" name="click_on_start" time="0.145"/>
  <system-out/>
  <testcase classname="testcases.ProgressBar_Test" name="click_on_stop" time="0.218"/>
  <system-out/>
  <testcase classname="testcases.ProgressBar_Test" name="compare_progress" time="0.055"/>
  <system-out/>
</testsuite> <!-- testcases.ProgressBar_Test -->
