<?xml version="1.0" encoding="UTF-8"?>
<!-- Generated by org.testng.reporters.JUnitReportReporter -->
<testsuite hostname="josh-Latitude-3410" failures="0" tests="3" name="testcases.Modals_Test" time="1.915" errors="0" timestamp="2023-02-05T13:51:10 IST" skipped="0">
  <testcase classname="testcases.Modals_Test" name="navigate_to_modal_dialogs" time="0.688"/>
  <system-out/>
  <testcase classname="testcases.Modals_Test" name="small_modal" time="0.849"/>
  <system-out/>
  <testcase classname="testcases.Modals_Test" name="large_modal" time="0.378"/>
  <system-out/>
</testsuite> <!-- testcases.Modals_Test -->
