<?xml version="1.0" encoding="UTF-8"?>
<!-- Generated by org.testng.reporters.JUnitReportReporter -->
<testsuite hostname="josh-Latitude-3410" failures="0" tests="3" name="testcases.Sortable_Test" time="0.828" errors="0" timestamp="2023-02-02T12:38:00 IST" skipped="0">
  <testcase classname="testcases.Sortable_Test" name="navigate_to_sortable" time="0.393"/>
  <system-out/>
  <testcase classname="testcases.Sortable_Test" name="grid" time="0.319"/>
  <system-out/>
  <testcase classname="testcases.Sortable_Test" name="list" time="0.116"/>
  <system-out/>
</testsuite> <!-- testcases.Sortable_Test -->
