<?xml version="1.0" encoding="UTF-8"?>
<!-- Generated by org.testng.reporters.JUnitReportReporter -->
<testsuite hostname="josh-Latitude-3410" failures="0" tests="3" name="testcases.AutoComplete_Test" time="1.751" errors="0" timestamp="2023-02-05T13:51:10 IST" skipped="0">
  <testcase classname="testcases.AutoComplete_Test" name="navigate_to_autocomplete" time="0.507"/>
  <system-out/>
  <testcase classname="testcases.AutoComplete_Test" name="multi_colors_textbox" time="0.991"/>
  <system-out/>
  <testcase classname="testcases.AutoComplete_Test" name="single_color_textbox" time="0.253"/>
  <system-out/>
</testsuite> <!-- testcases.AutoComplete_Test -->
