<?xml version="1.0" encoding="UTF-8"?>
<!-- Generated by org.testng.reporters.JUnitReportReporter -->
<testsuite hostname="josh-Latitude-3410" failures="0" tests="7" name="testcases.Buttons_Test" time="0.719" errors="0" timestamp="2023-01-24T11:00:16 IST" skipped="0">
  <testcase classname="testcases.Buttons_Test" name="navigateToButtons" time="0.174"/>
  <system-out/>
  <testcase classname="testcases.Buttons_Test" name="doubleClick" time="0.148"/>
  <system-out/>
  <testcase classname="testcases.Buttons_Test" name="rightClick" time="0.155"/>
  <system-out/>
  <testcase classname="testcases.Buttons_Test" name="dynamicClick" time="0.166"/>
  <system-out/>
  <testcase classname="testcases.Buttons_Test" name="verifyDoubleClick" time="0.037"/>
  <system-out/>
  <testcase classname="testcases.Buttons_Test" name="verifyRightClick" time="0.019"/>
  <system-out/>
  <testcase classname="testcases.Buttons_Test" name="verifyDynamicClick" time="0.020"/>
  <system-out/>
</testsuite> <!-- testcases.Buttons_Test -->
