<?xml version="1.0" encoding="UTF-8"?>
<!-- Generated by org.testng.reporters.JUnitReportReporter -->
<testsuite hostname="josh-Latitude-3410" failures="0" tests="3" name="testcases.UploadDownload_Test" time="0.956" errors="0" timestamp="2023-02-02T12:38:00 IST" skipped="0">
  <testcase classname="testcases.UploadDownload_Test" name="navigateToButtons" time="0.560"/>
  <system-out/>
  <testcase classname="testcases.UploadDownload_Test" name="uploadFile" time="0.152"/>
  <system-out/>
  <testcase classname="testcases.UploadDownload_Test" name="downloadFile" time="0.244"/>
  <system-out/>
</testsuite> <!-- testcases.UploadDownload_Test -->
