<?xml version="1.0" encoding="UTF-8"?>
<!-- Generated by org.testng.reporters.JUnitReportReporter -->
<testsuite hostname="josh-Latitude-3410" failures="0" tests="3" name="testcases.NestedFrames_Test" time="0.997" errors="0" timestamp="2023-02-02T12:17:48 IST" skipped="0">
  <testcase classname="testcases.NestedFrames_Test" name="navigate_to_nested_frames" time="0.465"/>
  <system-out/>
  <testcase classname="testcases.NestedFrames_Test" name="outer_frame" time="0.220"/>
  <system-out/>
  <testcase classname="testcases.NestedFrames_Test" name="inner_frame" time="0.312"/>
  <system-out/>
</testsuite> <!-- testcases.NestedFrames_Test -->
