<?xml version="1.0" encoding="UTF-8"?>
<!-- Generated by org.testng.reporters.JUnitReportReporter -->
<testsuite hostname="josh-Latitude-3410" failures="0" tests="3" name="testcases.PracticeForm_Test" time="6.127" errors="0" timestamp="2023-02-02T12:17:48 IST" skipped="0">
  <testcase classname="testcases.PracticeForm_Test" name="navigate_to_practiceform" time="0.478"/>
  <system-out/>
  <testcase classname="testcases.PracticeForm_Test" name="verify_labels" time="1.296"/>
  <system-out/>
  <testcase classname="testcases.PracticeForm_Test" name="enter_form_data" time="4.353"/>
  <system-out/>
</testsuite> <!-- testcases.PracticeForm_Test -->
