<?xml version="1.0" encoding="UTF-8"?>
<!-- Generated by org.testng.reporters.JUnitReportReporter -->
<testsuite hostname="josh-Latitude-3410" failures="0" tests="2" name="testcases.Tabs_Test" time="0.266" errors="0" timestamp="2023-01-24T11:00:16 IST" skipped="0">
  <testcase classname="testcases.Tabs_Test" name="navigate_to_tabs" time="0.165"/>
  <system-out/>
  <testcase classname="testcases.Tabs_Test" name="switch_tabs" time="0.101"/>
  <system-out/>
</testsuite> <!-- testcases.Tabs_Test -->
