<?xml version="1.0" encoding="UTF-8"?>
<!-- Generated by org.testng.reporters.JUnitReportReporter -->
<testsuite hostname="josh-Latitude-3410" failures="0" tests="3" name="testcases.Checkbox_Test" time="0.241" errors="0" timestamp="2023-01-24T11:00:16 IST" skipped="0">
  <testcase classname="testcases.Checkbox_Test" name="navigate_to_checkbox" time="0.166"/>
  <system-out/>
  <testcase classname="testcases.Checkbox_Test" name="click_checkbox" time="0.054"/>
  <system-out/>
  <testcase classname="testcases.Checkbox_Test" name="verifySelectedCheckBox" time="0.021"/>
  <system-out/>
</testsuite> <!-- testcases.Checkbox_Test -->
