<?xml version="1.0" encoding="UTF-8"?>
<!-- Generated by org.testng.reporters.JUnitReportReporter -->
<testsuite hostname="josh-Latitude-3410" failures="0" tests="8" name="testcases.Textbox_Test" time="1.540" errors="0" timestamp="2023-02-02T12:38:00 IST" skipped="0">
  <testcase classname="testcases.Textbox_Test" name="navigate_to_textbox" time="0.404"/>
  <system-out/>
  <testcase classname="testcases.Textbox_Test" name="verify_labels" time="0.191"/>
  <system-out/>
  <testcase classname="testcases.Textbox_Test" name="enter_data" time="0.295"/>
  <system-out/>
  <testcase classname="testcases.Textbox_Test" name="enter_data" time="0.085"/>
  <system-out/>
  <testcase classname="testcases.Textbox_Test" name="enter_data" time="0.152"/>
  <system-out/>
  <testcase classname="testcases.Textbox_Test" name="enter_data" time="0.090"/>
  <system-out/>
  <testcase classname="testcases.Textbox_Test" name="click_submit" time="0.107"/>
  <system-out/>
  <testcase classname="testcases.Textbox_Test" name="verify_submitted_data" time="0.216"/>
  <system-out/>
</testsuite> <!-- testcases.Textbox_Test -->
