<?xml version="1.0" encoding="UTF-8"?>
<!-- Generated by org.testng.reporters.JUnitReportReporter -->
<testsuite hostname="josh-Latitude-3410" failures="0" tests="5" name="testcases.Alerts_Test" time="6.572" errors="0" timestamp="2023-02-02T12:38:00 IST" skipped="0">
  <testcase classname="testcases.Alerts_Test" name="navigate_to_alerts" time="0.522"/>
  <system-out/>
  <testcase classname="testcases.Alerts_Test" name="handle_simple_alert" time="0.316"/>
  <system-out/>
  <testcase classname="testcases.Alerts_Test" name="handle_delay_alert" time="5.302"/>
  <system-out/>
  <testcase classname="testcases.Alerts_Test" name="handle_confirm_alert" time="0.305"/>
  <system-out/>
  <testcase classname="testcases.Alerts_Test" name="handle_prompt_alert" time="0.127"/>
  <system-out/>
</testsuite> <!-- testcases.Alerts_Test -->
