<?xml version="1.0" encoding="UTF-8"?>
<!-- Generated by org.testng.reporters.JUnitReportReporter -->
<testsuite hostname="josh-Latitude-3410" failures="0" tests="4" name="testcases.Draggable_Test" time="3.420" errors="0" timestamp="2023-02-02T12:17:48 IST" skipped="0">
  <testcase classname="testcases.Draggable_Test" name="navigate_to_draggable" time="0.607"/>
  <system-out/>
  <testcase classname="testcases.Draggable_Test" name="simple_drag" time="0.560"/>
  <system-out/>
  <testcase classname="testcases.Draggable_Test" name="axis_tab_dragdrop" time="1.160"/>
  <system-out/>
  <testcase classname="testcases.Draggable_Test" name="container_tab_dragdrop" time="1.093"/>
  <system-out/>
</testsuite> <!-- testcases.Draggable_Test -->
