<?xml version="1.0" encoding="UTF-8"?>
<!-- Generated by org.testng.reporters.JUnitReportReporter -->
<testsuite hostname="josh-Latitude-3410" failures="0" tests="14" name="testcases.Textbox_Test" time="0.959" errors="0" timestamp="2023-01-24T11:00:16 IST" skipped="0">
  <testcase classname="testcases.Textbox_Test" name="navigate_to_textbox" time="0.208"/>
  <system-out/>
  <testcase classname="testcases.Textbox_Test" name="verify_Full_Name_Label" time="0.029"/>
  <system-out/>
  <testcase classname="testcases.Textbox_Test" name="verify_Email_Label" time="0.025"/>
  <system-out/>
  <testcase classname="testcases.Textbox_Test" name="verify_CurrentAddress_Label" time="0.021"/>
  <system-out/>
  <testcase classname="testcases.Textbox_Test" name="verify_PermanentAddress_Label" time="0.022"/>
  <system-out/>
  <testcase classname="testcases.Textbox_Test" name="enter_FullName" time="0.069"/>
  <system-out/>
  <testcase classname="testcases.Textbox_Test" name="enter_Email" time="0.109"/>
  <system-out/>
  <testcase classname="testcases.Textbox_Test" name="enter_CurrentAddress" time="0.062"/>
  <system-out/>
  <testcase classname="testcases.Textbox_Test" name="enter_PermanentAddress" time="0.075"/>
  <system-out/>
  <testcase classname="testcases.Textbox_Test" name="click_submit" time="0.056"/>
  <system-out/>
  <testcase classname="testcases.Textbox_Test" name="verify_Submitted_Full_Name" time="0.215"/>
  <system-out/>
  <testcase classname="testcases.Textbox_Test" name="verify_Submitted_Email" time="0.021"/>
  <system-out/>
  <testcase classname="testcases.Textbox_Test" name="verify_Submitted_Current_Address" time="0.027"/>
  <system-out/>
  <testcase classname="testcases.Textbox_Test" name="verify_Submitted_Permanent_Address" time="0.020"/>
  <system-out/>
</testsuite> <!-- testcases.Textbox_Test -->
