<?xml version="1.0" encoding="UTF-8"?>
<!-- Generated by org.testng.reporters.JUnitReportReporter -->
<testsuite hostname="josh-Latitude-3410" failures="0" tests="4" name="testcases.Webtable_Test" time="1.307" errors="0" timestamp="2023-01-24T11:00:16 IST" skipped="0">
  <testcase classname="testcases.Webtable_Test" name="printRow1" time="0.316"/>
  <system-out/>
  <testcase classname="testcases.Webtable_Test" name="editRow1" time="0.861"/>
  <system-out/>
  <testcase classname="testcases.Webtable_Test" name="submitData" time="0.061"/>
  <system-out/>
  <testcase classname="testcases.Webtable_Test" name="verifyEdits" time="0.069"/>
  <system-out/>
</testsuite> <!-- testcases.Webtable_Test -->
