<?xml version="1.0" encoding="UTF-8"?>
<!-- Generated by org.testng.reporters.JUnitReportReporter -->
<testsuite hostname="josh-Latitude-3410" failures="0" tests="20" name="testcases.PracticeForm_Test" time="2.875" errors="0" timestamp="2023-01-24T11:00:16 IST" skipped="0">
  <testcase classname="testcases.PracticeForm_Test" name="navigate_to_practiceform" time="0.234"/>
  <system-out/>
  <testcase classname="testcases.PracticeForm_Test" name="verify_name_label" time="0.029"/>
  <system-out/>
  <testcase classname="testcases.PracticeForm_Test" name="verify_email_label" time="0.026"/>
  <system-out/>
  <testcase classname="testcases.PracticeForm_Test" name="verify_gender_label" time="0.024"/>
  <system-out/>
  <testcase classname="testcases.PracticeForm_Test" name="verify_mobile_label" time="0.025"/>
  <system-out/>
  <testcase classname="testcases.PracticeForm_Test" name="verify_birthdate_label" time="0.024"/>
  <system-out/>
  <testcase classname="testcases.PracticeForm_Test" name="verify_subjects_label" time="0.050"/>
  <system-out/>
  <testcase classname="testcases.PracticeForm_Test" name="verify_hobbies_label" time="0.052"/>
  <system-out/>
  <testcase classname="testcases.PracticeForm_Test" name="verify_picture_label" time="0.066"/>
  <system-out/>
  <testcase classname="testcases.PracticeForm_Test" name="verify_address_label" time="0.041"/>
  <system-out/>
  <testcase classname="testcases.PracticeForm_Test" name="enter_first_name" time="0.076"/>
  <system-out/>
  <testcase classname="testcases.PracticeForm_Test" name="enter_last_name" time="0.065"/>
  <system-out/>
  <testcase classname="testcases.PracticeForm_Test" name="enter_email" time="0.080"/>
  <system-out/>
  <testcase classname="testcases.PracticeForm_Test" name="select_gender" time="0.319"/>
  <system-out/>
  <testcase classname="testcases.PracticeForm_Test" name="enter_mobile" time="0.105"/>
  <system-out/>
  <testcase classname="testcases.PracticeForm_Test" name="select_birthdate" time="0.491"/>
  <system-out/>
  <testcase classname="testcases.PracticeForm_Test" name="select_hobbies" time="0.380"/>
  <system-out/>
  <testcase classname="testcases.PracticeForm_Test" name="upload_picture" time="0.050"/>
  <system-out/>
  <testcase classname="testcases.PracticeForm_Test" name="enter_address" time="0.057"/>
  <system-out/>
  <testcase classname="testcases.PracticeForm_Test" name="select_subjects" time="0.681"/>
  <system-out/>
</testsuite> <!-- testcases.PracticeForm_Test -->
