<?xml version="1.0" encoding="UTF-8"?>
<!-- Generated by org.testng.reporters.JUnitReportReporter -->
<testsuite hostname="josh-Latitude-3410" failures="0" tests="5" name="testcases.Draggable_Test" time="2.284" errors="0" timestamp="2023-02-05T13:51:10 IST" skipped="3">
  <testcase classname="testcases.Draggable_Test" name="navigate_to_draggable" time="0.981"/>
  <system-out/>
  <testcase classname="testcases.Draggable_Test" name="curser_style_tab_dragdrop" time="1.303"/>
  <system-out/>
  <testcase classname="testcases.Draggable_Test" name="container_tab_dragdrop">
    <skipped/>
  </testcase> <!-- container_tab_dragdrop -->
  <system-out/>
  <testcase classname="testcases.Draggable_Test" name="simple_drag">
    <skipped/>
  </testcase> <!-- simple_drag -->
  <system-out/>
  <testcase classname="testcases.Draggable_Test" name="axis_tab_dragdrop">
    <skipped/>
  </testcase> <!-- axis_tab_dragdrop -->
  <system-out/>
</testsuite> <!-- testcases.Draggable_Test -->
