<?xml version="1.0" encoding="UTF-8"?>
<!-- Generated by org.testng.reporters.JUnitReportReporter -->
<testsuite hostname="josh-Latitude-3410" failures="0" tests="3" name="testcases.Sortable_Test" time="2.275" errors="0" timestamp="2023-02-05T13:51:10 IST" skipped="0">
  <testcase classname="testcases.Sortable_Test" name="navigate_to_sortable" time="0.841"/>
  <system-out/>
  <testcase classname="testcases.Sortable_Test" name="grid" time="1.028"/>
  <system-out/>
  <testcase classname="testcases.Sortable_Test" name="list" time="0.406"/>
  <system-out/>
</testsuite> <!-- testcases.Sortable_Test -->
