<?xml version="1.0" encoding="UTF-8"?>
<!-- Generated by org.testng.reporters.JUnitReportReporter -->
<testsuite hostname="josh-Latitude-3410" failures="0" tests="8" name="testcases.Textbox_Test" time="2.622" errors="0" timestamp="2023-02-05T13:51:10 IST" skipped="0">
  <testcase classname="testcases.Textbox_Test" name="navigate_to_textbox" time="0.549"/>
  <system-out/>
  <testcase classname="testcases.Textbox_Test" name="verify_labels" time="0.651"/>
  <system-out/>
  <testcase classname="testcases.Textbox_Test" name="enter_data" time="0.324"/>
  <system-out/>
  <testcase classname="testcases.Textbox_Test" name="enter_data" time="0.094"/>
  <system-out/>
  <testcase classname="testcases.Textbox_Test" name="enter_data" time="0.325"/>
  <system-out/>
  <testcase classname="testcases.Textbox_Test" name="enter_data" time="0.368"/>
  <system-out/>
  <testcase classname="testcases.Textbox_Test" name="click_submit" time="0.108"/>
  <system-out/>
  <testcase classname="testcases.Textbox_Test" name="verify_submitted_data" time="0.203"/>
  <system-out/>
</testsuite> <!-- testcases.Textbox_Test -->
