<?xml version="1.0" encoding="UTF-8"?>
<!-- Generated by org.testng.reporters.JUnitReportReporter -->
<testsuite hostname="josh-Latitude-3410" failures="0" tests="5" name="testcases.Menu_Test" time="2.130" errors="0" timestamp="2023-02-02T12:38:00 IST" skipped="0">
  <testcase classname="testcases.Menu_Test" name="navigate_to_menu" time="0.487"/>
  <system-out/>
  <testcase classname="testcases.Menu_Test" name="menu1" time="0.345"/>
  <system-out/>
  <testcase classname="testcases.Menu_Test" name="menu3" time="0.162"/>
  <system-out/>
  <testcase classname="testcases.Menu_Test" name="menu2" time="0.509"/>
  <system-out/>
  <testcase classname="testcases.Menu_Test" name="hover_over_submenu" time="0.627"/>
  <system-out/>
</testsuite> <!-- testcases.Menu_Test -->
