<?xml version="1.0" encoding="UTF-8"?>
<!-- Generated by org.testng.reporters.JUnitReportReporter -->
<testsuite hostname="josh-Latitude-3410" failures="0" tests="8" name="testcases.Draggable_Test" time="2.568" errors="0" timestamp="2023-01-24T11:00:16 IST" skipped="0">
  <testcase classname="testcases.Draggable_Test" name="navigate_to_draggable" time="0.172"/>
  <system-out/>
  <testcase classname="testcases.Draggable_Test" name="simple_drag" time="0.457"/>
  <system-out/>
  <testcase classname="testcases.Draggable_Test" name="switch_to_axis_tab" time="0.132"/>
  <system-out/>
  <testcase classname="testcases.Draggable_Test" name="drag_along_x_axis" time="0.414"/>
  <system-out/>
  <testcase classname="testcases.Draggable_Test" name="drag_along_y_axis" time="0.409"/>
  <system-out/>
  <testcase classname="testcases.Draggable_Test" name="switch_to_container_tab" time="0.141"/>
  <system-out/>
  <testcase classname="testcases.Draggable_Test" name="drag_box_contained" time="0.405"/>
  <system-out/>
  <testcase classname="testcases.Draggable_Test" name="drag_page_contained" time="0.438"/>
  <system-out/>
</testsuite> <!-- testcases.Draggable_Test -->
