<?xml version="1.0" encoding="UTF-8"?>
<!-- Generated by org.testng.reporters.JUnitReportReporter -->
<testsuite hostname="josh-Latitude-3410" failures="0" tests="4" name="testcases.Buttons_Test" time="1.778" errors="0" timestamp="2023-02-02T12:38:00 IST" skipped="0">
  <testcase classname="testcases.Buttons_Test" name="navigateToButtons" time="0.567"/>
  <system-out/>
  <testcase classname="testcases.Buttons_Test" name="doubleClick" time="0.230"/>
  <system-out/>
  <testcase classname="testcases.Buttons_Test" name="rightClick" time="0.301"/>
  <system-out/>
  <testcase classname="testcases.Buttons_Test" name="dynamicClick" time="0.680"/>
  <system-out/>
</testsuite> <!-- testcases.Buttons_Test -->
