<?xml version="1.0" encoding="UTF-8"?>
<!-- Generated by org.testng.reporters.JUnitReportReporter -->
<testsuite hostname="josh-Latitude-3410" failures="0" tests="7" name="testcases.Accordian_Test" time="0.445" errors="0" timestamp="2023-01-24T11:00:16 IST" skipped="0">
  <testcase classname="testcases.Accordian_Test" name="navigate_to_accordian" time="0.170"/>
  <system-out/>
  <testcase classname="testcases.Accordian_Test" name="click_on_heading1" time="0.052"/>
  <system-out/>
  <testcase classname="testcases.Accordian_Test" name="verify_heading1_text" time="0.034"/>
  <system-out/>
  <testcase classname="testcases.Accordian_Test" name="click_on_heading2" time="0.057"/>
  <system-out/>
  <testcase classname="testcases.Accordian_Test" name="verify_heading2_text" time="0.034"/>
  <system-out/>
  <testcase classname="testcases.Accordian_Test" name="click_on_heading3" time="0.055"/>
  <system-out/>
  <testcase classname="testcases.Accordian_Test" name="verify_heading3_text" time="0.043"/>
  <system-out/>
</testsuite> <!-- testcases.Accordian_Test -->
