<?xml version="1.0" encoding="UTF-8"?>
<!-- Generated by org.testng.reporters.JUnitReportReporter -->
<testsuite hostname="josh-Latitude-3410" failures="0" tests="3" name="testcases.NestedFrames_Test" time="1.608" errors="0" timestamp="2023-02-02T12:38:00 IST" skipped="0">
  <testcase classname="testcases.NestedFrames_Test" name="navigate_to_nested_frames" time="0.509"/>
  <system-out/>
  <testcase classname="testcases.NestedFrames_Test" name="outer_frame" time="0.942"/>
  <system-out/>
  <testcase classname="testcases.NestedFrames_Test" name="inner_frame" time="0.157"/>
  <system-out/>
</testsuite> <!-- testcases.NestedFrames_Test -->
