<?xml version="1.0" encoding="UTF-8"?>
<!-- Generated by org.testng.reporters.JUnitReportReporter -->
<testsuite hostname="josh-Latitude-3410" failures="0" tests="7" name="testcases.Frames_Test" time="0.489" errors="0" timestamp="2023-01-24T11:00:16 IST" skipped="0">
  <testcase classname="testcases.Frames_Test" name="navigate_to_frames" time="0.173"/>
  <system-out/>
  <testcase classname="testcases.Frames_Test" name="switch_to_frame1" time="0.176"/>
  <system-out/>
  <testcase classname="testcases.Frames_Test" name="verify_frame1_heading" time="0.039"/>
  <system-out/>
  <testcase classname="testcases.Frames_Test" name="switch_to_original_frame" time="0.003"/>
  <system-out/>
  <testcase classname="testcases.Frames_Test" name="switch_to_frame2" time="0.071"/>
  <system-out/>
  <testcase classname="testcases.Frames_Test" name="verify_frame2_heading" time="0.024"/>
  <system-out/>
  <testcase classname="testcases.Frames_Test" name="switch_backto_original_frame" time="0.003"/>
  <system-out/>
</testsuite> <!-- testcases.Frames_Test -->
