<?xml version="1.0" encoding="UTF-8"?>
<!-- Generated by org.testng.reporters.JUnitReportReporter -->
<testsuite hostname="josh-Latitude-3410" failures="0" tests="3" name="testcases.RadioButton_Test" time="2.174" errors="0" timestamp="2023-02-05T13:51:10 IST" skipped="0">
  <testcase classname="testcases.RadioButton_Test" name="navigate_to_radio_button" time="1.195"/>
  <system-out/>
  <testcase classname="testcases.RadioButton_Test" name="select_radio_button" time="0.672"/>
  <system-out/>
  <testcase classname="testcases.RadioButton_Test" name="verifyDisabledRadio" time="0.307"/>
  <system-out/>
</testsuite> <!-- testcases.RadioButton_Test -->
