<?xml version="1.0" encoding="UTF-8"?>
<!-- Generated by org.testng.reporters.JUnitReportReporter -->
<testsuite hostname="josh-Latitude-3410" failures="0" tests="11" name="testcases.Webtable_Test" time="4.543" errors="0" timestamp="2023-02-05T13:51:10 IST" skipped="1">
  <testcase classname="testcases.Webtable_Test" name="navigate_to_webtable" time="1.103"/>
  <system-out/>
  <testcase classname="testcases.Webtable_Test" name="printRow1" time="0.830"/>
  <system-out/>
  <testcase classname="testcases.Webtable_Test" name="edit_Row1" time="0.457"/>
  <system-out/>
  <testcase classname="testcases.Webtable_Test" name="edit_Row1" time="0.513"/>
  <system-out/>
  <testcase classname="testcases.Webtable_Test" name="edit_Row1" time="0.036"/>
  <system-out/>
  <testcase classname="testcases.Webtable_Test" name="edit_Row1" time="0.619"/>
  <system-out/>
  <testcase classname="testcases.Webtable_Test" name="edit_Row1" time="0.372"/>
  <system-out/>
  <testcase classname="testcases.Webtable_Test" name="edit_Row1" time="0.382"/>
  <system-out/>
  <testcase classname="testcases.Webtable_Test" name="submit_Data" time="0.109"/>
  <system-out/>
  <testcase classname="testcases.Webtable_Test" name="verify_Edits_to_Row1" time="0.122"/>
  <system-out/>
  <testcase classname="testcases.Webtable_Test" name="edit_Row1">
    <skipped/>
  </testcase> <!-- edit_Row1 -->
  <system-out/>
</testsuite> <!-- testcases.Webtable_Test -->
