<?xml version="1.0" encoding="UTF-8"?>
<!-- Generated by org.testng.reporters.JUnitReportReporter -->
<testsuite hostname="josh-Latitude-3410" failures="0" tests="3" name="testcases.ToolTips_Test" time="1.650" errors="0" timestamp="2023-02-05T13:51:10 IST" skipped="0">
  <testcase classname="testcases.ToolTips_Test" name="navigate_to_tooltips" time="0.640"/>
  <system-out/>
  <testcase classname="testcases.ToolTips_Test" name="hover_over_button" time="0.773"/>
  <system-out/>
  <testcase classname="testcases.ToolTips_Test" name="hover_over_textbox" time="0.237"/>
  <system-out/>
</testsuite> <!-- testcases.ToolTips_Test -->
