<?xml version="1.0" encoding="UTF-8"?>
<!-- Generated by org.testng.reporters.JUnitReportReporter -->
<testsuite hostname="josh-Latitude-3410" failures="0" tests="6" name="testcases.SelectMenu_Test" time="1.138" errors="0" timestamp="2023-01-24T11:00:16 IST" skipped="0">
  <testcase classname="testcases.SelectMenu_Test" name="naviagate_to_selectmenu" time="0.207"/>
  <system-out/>
  <testcase classname="testcases.SelectMenu_Test" name="select_dropdown" time="0.068"/>
  <system-out/>
  <testcase classname="testcases.SelectMenu_Test" name="standard_multiselect" time="0.159"/>
  <system-out/>
  <testcase classname="testcases.SelectMenu_Test" name="multi_select" time="0.267"/>
  <system-out/>
  <testcase classname="testcases.SelectMenu_Test" name="value_dropdown" time="0.240"/>
  <system-out/>
  <testcase classname="testcases.SelectMenu_Test" name="one_dropdown" time="0.197"/>
  <system-out/>
</testsuite> <!-- testcases.SelectMenu_Test -->
