<?xml version="1.0" encoding="UTF-8"?>
<!-- Generated by org.testng.reporters.JUnitReportReporter -->
<testsuite hostname="josh-Latitude-3410" failures="0" tests="3" name="testcases.UploadDownload_Test" time="0.680" errors="0" timestamp="2023-02-05T13:51:10 IST" skipped="0">
  <testcase classname="testcases.UploadDownload_Test" name="navigateToButtons" time="0.499"/>
  <system-out/>
  <testcase classname="testcases.UploadDownload_Test" name="uploadFile" time="0.118"/>
  <system-out/>
  <testcase classname="testcases.UploadDownload_Test" name="downloadFile" time="0.063"/>
  <system-out/>
</testsuite> <!-- testcases.UploadDownload_Test -->
