<?xml version="1.0" encoding="UTF-8"?>
<!-- Generated by org.testng.reporters.JUnitReportReporter -->
<testsuite hostname="josh-Latitude-3410" failures="0" tests="9" name="testcases.Menu_Test" time="1.340" errors="0" timestamp="2023-01-24T11:00:16 IST" skipped="0">
  <testcase classname="testcases.Menu_Test" name="navigate_to_menu" time="0.173"/>
  <system-out/>
  <testcase classname="testcases.Menu_Test" name="hover_over_menu1" time="0.133"/>
  <system-out/>
  <testcase classname="testcases.Menu_Test" name="hover_over_menu3" time="0.189"/>
  <system-out/>
  <testcase classname="testcases.Menu_Test" name="hover_over_menu2" time="0.138"/>
  <system-out/>
  <testcase classname="testcases.Menu_Test" name="hover_over_menu2_item1" time="0.132"/>
  <system-out/>
  <testcase classname="testcases.Menu_Test" name="hover_over_menu2_item2" time="0.119"/>
  <system-out/>
  <testcase classname="testcases.Menu_Test" name="hover_over_submenu" time="0.140"/>
  <system-out/>
  <testcase classname="testcases.Menu_Test" name="hover_over_submenu_item1" time="0.140"/>
  <system-out/>
  <testcase classname="testcases.Menu_Test" name="hover_over_submenu_item2" time="0.176"/>
  <system-out/>
</testsuite> <!-- testcases.Menu_Test -->
