<?xml version="1.0" encoding="UTF-8"?>
<!-- Generated by org.testng.reporters.JUnitReportReporter -->
<testsuite hostname="josh-Latitude-3410" failures="0" tests="9" name="testcases.Datepicker_Test" time="0.822" errors="0" timestamp="2023-01-24T11:00:16 IST" skipped="3">
  <testcase classname="testcases.Datepicker_Test" name="navigate_to_datepicker" time="0.165"/>
  <system-out/>
  <testcase classname="testcases.Datepicker_Test" name="select_calender1" time="0.098"/>
  <system-out/>
  <testcase classname="testcases.Datepicker_Test" name="select_year" time="0.091"/>
  <system-out/>
  <testcase classname="testcases.Datepicker_Test" name="select_month" time="0.073"/>
  <system-out/>
  <testcase classname="testcases.Datepicker_Test" name="select_date" time="0.043"/>
  <system-out/>
  <testcase classname="testcases.Datepicker_Test" name="calender2_date_time" time="0.352"/>
  <system-out/>
  <testcase classname="testcases.Datepicker_Test" name="select_month_calender2">
    <skipped/>
  </testcase> <!-- select_month_calender2 -->
  <system-out/>
  <testcase classname="testcases.Datepicker_Test" name="select_calender2">
    <skipped/>
  </testcase> <!-- select_calender2 -->
  <system-out/>
  <testcase classname="testcases.Datepicker_Test" name="select_year_calender2">
    <skipped/>
  </testcase> <!-- select_year_calender2 -->
  <system-out/>
</testsuite> <!-- testcases.Datepicker_Test -->
