<?xml version="1.0" encoding="UTF-8"?>
<!-- Generated by org.testng.reporters.JUnitReportReporter -->
<testsuite hostname="josh-Latitude-3410" failures="0" tests="11" name="testcases.Webtable_Test" time="3.958" errors="0" timestamp="2023-02-02T12:38:00 IST" skipped="1">
  <testcase classname="testcases.Webtable_Test" name="navigate_to_webtable" time="0.611"/>
  <system-out/>
  <testcase classname="testcases.Webtable_Test" name="printRow1" time="1.041"/>
  <system-out/>
  <testcase classname="testcases.Webtable_Test" name="edit_Row1" time="0.471"/>
  <system-out/>
  <testcase classname="testcases.Webtable_Test" name="edit_Row1" time="0.510"/>
  <system-out/>
  <testcase classname="testcases.Webtable_Test" name="edit_Row1" time="0.395"/>
  <system-out/>
  <testcase classname="testcases.Webtable_Test" name="edit_Row1" time="0.456"/>
  <system-out/>
  <testcase classname="testcases.Webtable_Test" name="edit_Row1" time="0.166"/>
  <system-out/>
  <testcase classname="testcases.Webtable_Test" name="edit_Row1" time="0.043"/>
  <system-out/>
  <testcase classname="testcases.Webtable_Test" name="submit_Data" time="0.119"/>
  <system-out/>
  <testcase classname="testcases.Webtable_Test" name="verify_Edits_to_Row1" time="0.146"/>
  <system-out/>
  <testcase classname="testcases.Webtable_Test" name="edit_Row1">
    <skipped/>
  </testcase> <!-- edit_Row1 -->
  <system-out/>
</testsuite> <!-- testcases.Webtable_Test -->
