<?xml version="1.0" encoding="UTF-8"?>
<!-- Generated by org.testng.reporters.JUnitReportReporter -->
<testsuite hostname="josh-Latitude-3410" failures="0" tests="5" name="testcases.Slider_Test" time="0.809" errors="0" timestamp="2023-01-24T11:00:16 IST" skipped="0">
  <testcase classname="testcases.Slider_Test" name="navigate_to_slider" time="0.168"/>
  <system-out/>
  <testcase classname="testcases.Slider_Test" name="get_slider_location" time="0.025"/>
  <system-out/>
  <testcase classname="testcases.Slider_Test" name="drag_drop_slider" time="0.476"/>
  <system-out/>
  <testcase classname="testcases.Slider_Test" name="slider_location_after_drag" time="0.140"/>
  <system-out/>
  <testcase classname="testcases.Slider_Test" name="verify_dragdrop_successful" time="0.000"/>
  <system-out/>
</testsuite> <!-- testcases.Slider_Test -->
