<?xml version="1.0" encoding="UTF-8"?>
<!-- Generated by org.testng.reporters.JUnitReportReporter -->
<testsuite hostname="josh-Latitude-3410" failures="0" tests="8" name="testcases.Textbox_Test" time="1.761" errors="0" timestamp="2023-02-02T12:17:48 IST" skipped="0">
  <testcase classname="testcases.Textbox_Test" name="navigate_to_textbox" time="0.384"/>
  <system-out/>
  <testcase classname="testcases.Textbox_Test" name="verify_labels" time="0.169"/>
  <system-out/>
  <testcase classname="testcases.Textbox_Test" name="enter_data" time="0.264"/>
  <system-out/>
  <testcase classname="testcases.Textbox_Test" name="enter_data" time="0.117"/>
  <system-out/>
  <testcase classname="testcases.Textbox_Test" name="enter_data" time="0.307"/>
  <system-out/>
  <testcase classname="testcases.Textbox_Test" name="enter_data" time="0.244"/>
  <system-out/>
  <testcase classname="testcases.Textbox_Test" name="click_submit" time="0.094"/>
  <system-out/>
  <testcase classname="testcases.Textbox_Test" name="verify_submitted_data" time="0.182"/>
  <system-out/>
</testsuite> <!-- testcases.Textbox_Test -->
