<?xml version="1.0" encoding="UTF-8"?>
<!-- Generated by org.testng.reporters.JUnitReportReporter -->
<testsuite hostname="josh-Latitude-3410" failures="0" tests="5" name="testcases.Alerts_Test" time="6.827" errors="0" timestamp="2023-02-05T13:51:10 IST" skipped="0">
  <testcase classname="testcases.Alerts_Test" name="navigate_to_alerts" time="0.498"/>
  <system-out/>
  <testcase classname="testcases.Alerts_Test" name="handle_simple_alert" time="0.096"/>
  <system-out/>
  <testcase classname="testcases.Alerts_Test" name="handle_delay_alert" time="5.660"/>
  <system-out/>
  <testcase classname="testcases.Alerts_Test" name="handle_confirm_alert" time="0.281"/>
  <system-out/>
  <testcase classname="testcases.Alerts_Test" name="handle_prompt_alert" time="0.292"/>
  <system-out/>
</testsuite> <!-- testcases.Alerts_Test -->
